"Sample"	"NSlikelihood"	"posterior"	"likelihood"	"prior"	"treeLikelihood.file64c327bd57f6"	"TreeHeight"	"BirthDeath"	"BDBirthRate"	"BDDeathRate"	"logP.mrca.auto_name_1.."	"mrca.age.auto_name_1."	"clockRate"
"1"	0	-6727.19871909147	-9339.26668393365	-6727.19871909147	-2612.06796484218	-6727.19871909147	14.9284222186246	-56.3673882791483	0.50828443307049	0.298702657101074	-2555.70057656303	14.9284222186246	2.10905178974411
"2"	1	-6254.4976848646	-8859.85840299119	-6254.4976848646	-2605.36071812658	-6254.4976848646	14.9284222186246	-49.6601415635476	0.302514532998108	0.728852307348745	-2555.70057656303	14.9284222186246	4.09061623859175
"3"	2	-6226.79515679699	-8842.26490209258	-6226.79515679699	-2615.46974529559	-6226.79515679699	14.9284222186246	-59.7691687325574	0.206507869377066	0.818871865174748	-2555.70057656303	14.9284222186246	34.4029131699297
"4"	3	-6202.29727310028	-8812.60426574483	-6202.29727310028	-2610.30699264455	-6202.29727310028	14.9284222186246	-54.6064160815175	0.112006192209019	0.926839941267178	-2555.70057656303	14.9284222186246	41.1693792267145
"5"	4	-6142.20828851568	-6853.55945530011	-6142.20828851568	-711.351166784438	-6142.20828851568	15.0361148273274	-65.1996070875116	0.172977050570633	0.86906356926688	-646.151559696927	15.0361148273274	42.9715899259059
"6"	5	-6122.12465038014	-6842.06194334815	-6122.12465038014	-719.93729296801	-6122.12465038014	15.0361148273274	-73.7857332710833	0.276605381531666	0.657142837848429	-646.151559696927	15.0361148273274	39.757764246408
"7"	6	-6093.2741405678	-6814.21000526418	-6093.2741405678	-720.93586469638	-6093.2741405678	15.0361148273274	-74.7843049994535	0.245929924412851	0.665711363568495	-646.151559696927	15.0361148273274	24.5578270615576
"8"	7	-6071.2720944989	-6166.30769418726	-6071.2720944989	-95.0355996883518	-6071.2720944989	14.9934595834653	-79.635892210677	0.24021229956434	0.636281604535938	-15.3997074776748	14.9934595834653	29.4142074456838
"9"	8	-6067.47263348439	-6167.10689783738	-6067.47263348439	-99.634264352985	-6067.47263348439	14.9934595834653	-84.2345568753102	0.328427213133843	0.469346973464451	-15.3997074776748	14.9934595834653	27.2515363581166
"10"	9	-6053.75632432318	-6152.43975832929	-6053.75632432318	-98.683434006119	-6053.75632432318	14.9934595834653	-83.2837265284442	0.243021677860441	0.671942371040704	-15.3997074776748	14.9934595834653	50.7502381180244
"11"	10	-6049.52557716644	-6152.50553352799	-6049.52557716644	-102.979956361549	-6049.52557716644	14.9934595834653	-87.5802488838741	0.255281535786478	0.447698832393248	-15.3997074776748	14.9934595834653	48.3053754625914
"12"	11	-6027.11474383254	-6135.28686601187	-6027.11474383254	-108.172122179329	-6027.11474383254	14.9934595834653	-92.772414701654	0.138744148377117	0.698791598624454	-15.3997074776748	14.9934595834653	34.1352861523888
"13"	12	-6000.25892851202	-6098.66521802042	-6000.25892851202	-98.4062895084033	-6000.25892851202	14.9934595834653	-83.0065820307286	0.0681566663153637	0.9432366874766	-15.3997074776748	14.9934595834653	9.76341260086529
"14"	13	-5999.55902006092	-6096.30021720596	-5999.55902006092	-96.7411971450339	-5999.55902006092	14.9934595834653	-81.3414896673591	0.0768165440992145	0.94435267506357	-15.3997074776748	14.9934595834653	16.6571108608579
"15"	14	-5939.45805883296	-6021.14671406606	-5939.45805883296	-81.6886552330982	-5939.45805883296	14.9934595834653	-66.2889477554234	0.0871801002117412	0.909453080362237	-15.3997074776748	14.9934595834653	2.98975072276461
"16"	15	-5913.46347954022	-5992.81453809305	-5913.46347954022	-79.35105855283	-5913.46347954022	14.9934595834653	-63.9513510751552	0.144621445742154	0.87419271027526	-15.3997074776748	14.9934595834653	3.06803992352782
"17"	16	-5867.16068477838	-5927.4510617861	-5867.16068477838	-60.2903770077165	-5867.16068477838	15.0053064322881	-52.2000819394577	0.220747477344395	0.918280140876358	-8.09029506825881	15.0053064322881	3.66311030332764
"18"	17	-5849.58576781594	-5911.74354974352	-5849.58576781594	-62.1577819275793	-5849.58576781594	15.0053064322881	-54.0674868593205	0.231161543918438	0.858006883893388	-8.09029506825881	15.0053064322881	2.77670974910293
"19"	18	-5819.65238251622	-5901.97690516501	-5819.65238251622	-82.3245226487936	-5819.65238251622	15.0053064322881	-74.2342275805347	0.185324009557808	0.740376458385489	-8.09029506825881	15.0053064322881	2.33551795521967
"20"	19	-5798.77610701544	-5881.35199171862	-5798.77610701544	-82.5758847031755	-5798.77610701544	15.0053064322881	-74.4855896349167	0.167835360773563	0.813765201421706	-8.09029506825881	15.0053064322881	2.3797429364884
"21"	20	-5767.99856759847	-5859.47494613421	-5767.99856759847	-91.4763785357328	-5767.99856759847	15.0053064322881	-83.386083467474	0.106761325935581	0.852673043249071	-8.09029506825881	15.0053064322881	3.11044904448955
"22"	21	-5738.42002024961	-5830.79899756197	-5738.42002024961	-92.3789773123619	-5738.42002024961	15.0053064322881	-84.288682244103	0.114236981933671	0.807435258459172	-8.09029506825881	15.0053064322881	3.09946786723905
"23"	22	-5719.10144599976	-5808.52178428129	-5719.10144599976	-89.4203382815293	-5719.10144599976	15.0053064322881	-81.3300432132705	0.285854808189855	0.720227020435506	-8.09029506825881	15.0053064322881	1.37685364546642
"24"	23	-5707.47568947807	-5807.22907529145	-5707.47568947807	-99.7533858133804	-5707.47568947807	15.0053064322881	-91.6630907451216	0.254717525350804	0.32842657268325	-8.09029506825881	15.0053064322881	1.27014807090588
"25"	24	-5698.12278843056	-5798.18998323196	-5698.12278843056	-100.067194801393	-5698.12278843056	15.0053772553004	-91.5985742645283	0.178853936261224	0.5817308449251	-8.46862053686492	15.0053772553004	0.658864452628677
"26"	25	-5684.68652858509	-5781.53992097989	-5684.68652858509	-96.8533923947912	-5684.68652858509	15.0053772553004	-88.3847718579263	0.185466900144376	0.815153256664908	-8.46862053686492	15.0053772553004	1.13456231054797
"27"	26	-5671.89167198534	-5778.22833376307	-5671.89167198534	-106.336661777728	-5671.89167198534	15.0053772553004	-97.8680412408629	0.173538629495418	0.650615815047027	-8.46862053686492	15.0053772553004	0.444487529665581
"28"	27	-5606.20144963568	-5731.70082129544	-5606.20144963568	-125.499371659757	-5606.20144963568	15.0053772553004	-117.030751122892	0.266406372768732	0.220053468495501	-8.46862053686492	15.0053772553004	0.470311341976172
"29"	28	-5590.49480924328	-5713.27076769274	-5590.49480924328	-122.775958449459	-5590.49480924328	15.0053772553004	-114.307337912594	0.198587702407662	0.0355760140704825	-8.46862053686492	15.0053772553004	0.289712564815896
"30"	29	-5543.0725123406	-5666.99142398661	-5543.0725123406	-123.918911646008	-5543.0725123406	15.0053772553004	-115.450291109143	0.232308051128629	0.0161884766768485	-8.46862053686492	15.0053772553004	0.226802327923952
"31"	30	-5539.55957814365	-5666.96476081182	-5539.55957814365	-127.405182668173	-5539.55957814365	15.0053772553004	-118.936562131308	0.140796308118721	0.0299318074320504	-8.46862053686492	15.0053772553004	0.256905331365949
"32"	31	-5470.32918060723	-5599.67149562996	-5470.32918060723	-129.34231502273	-5470.32918060723	15.0053772553004	-120.873694485865	0.138164772868078	0.138794311459601	-8.46862053686492	15.0053772553004	0.129913673452282
"33"	32	-5418.68721324116	-5545.16136026137	-5418.68721324116	-126.474147020209	-5418.68721324116	15.0053772553004	-118.005526483344	0.136483326479092	0.21088551101956	-8.46862053686492	15.0053772553004	0.106125755942377
"34"	33	-5413.20477749728	-5538.90284025697	-5413.20477749728	-125.69806275969	-5413.20477749728	15.0053772553004	-117.229442222825	0.171927645127704	0.0668596280675154	-8.46862053686492	15.0053772553004	0.13355154028158
"35"	34	-5407.75213270765	-5529.82223262335	-5407.75213270765	-122.070099915699	-5407.75213270765	14.9948378076242	-114.73480159906	0.332270644168355	0.0165077392018832	-7.3352983166388	14.9948378076242	0.174628341104491
"36"	35	-5346.88025685596	-5463.2320347312	-5346.88025685596	-116.351777875235	-5346.88025685596	14.9948378076242	-109.016479558596	0.218125477171324	0.0124645149172437	-7.3352983166388	14.9948378076242	0.198034637324224
"37"	36	-5317.80626945055	-5435.51171908397	-5317.80626945055	-117.705449633421	-5317.80626945055	14.9948378076242	-110.370151316782	0.220792847716744	0.0105084305776429	-7.3352983166388	14.9948378076242	0.161049417879779
"38"	37	-5307.77126753524	-5423.59348573226	-5307.77126753524	-115.822218197016	-5307.77126753524	14.9948378076242	-108.486919880378	0.165942358545881	0.011722313065266	-7.3352983166388	14.9948378076242	0.127453376158893
"39"	38	-5288.62623474603	-5414.09441811841	-5288.62623474603	-125.46818337238	-5288.62623474603	14.9948378076242	-118.132885055741	0.238113824402303	0.0296981030384155	-7.3352983166388	14.9948378076242	0.119191268203175
"40"	39	-5265.24595461673	-5381.98865670253	-5265.24595461673	-116.7427020858	-5265.24595461673	14.9955780014043	-112.95448304119	0.194786784507381	0.0513161354424911	-3.78821904460984	14.9955780014043	0.124158609531954
"41"	40	-5258.20219603805	-5373.26302965538	-5258.20219603805	-115.060833617338	-5258.20219603805	14.9955780014043	-111.272614572728	0.218120824822678	0.177766279404141	-3.78821904460984	14.9955780014043	0.150733033010847
"42"	41	-5255.63054342402	-5369.8216758429	-5255.63054342402	-114.191132418885	-5255.63054342402	14.9955780014043	-110.402913374276	0.233443274322322	0.174250398880908	-3.78821904460984	14.9955780014043	0.112971538911233
"43"	42	-5247.25854980079	-5364.08453132884	-5247.25854980079	-116.825981528053	-5247.25854980079	14.9955780014043	-113.037762483443	0.289729327668794	0.104210406089472	-3.78821904460984	14.9955780014043	0.138575744616544
"44"	43	-5148.61483198134	-5253.15921825886	-5148.61483198134	-104.544386277516	-5148.61483198134	14.9955780014043	-100.756167232906	0.307136629855407	0.0318953694568658	-3.78821904460984	14.9955780014043	0.257564152560796
"45"	44	-5146.85902876925	-5246.56939407843	-5146.85902876925	-99.7103653091857	-5146.85902876925	14.9955780014043	-95.9221462645758	0.300645200799262	0.00622392285750733	-3.78821904460984	14.9955780014043	0.235237748306752
"46"	45	-5091.79290171587	-5195.01023807599	-5091.79290171587	-103.217336360125	-5091.79290171587	14.9955780014043	-99.4291173155148	0.32324497764233	0.00916706727045181	-3.78821904460984	14.9955780014043	0.302063839011958
"47"	46	-5088.6957863698	-5190.78071292019	-5088.6957863698	-102.084926550391	-5088.6957863698	14.9974335669941	-104.780454109361	0.279426884106685	0.0135554981189094	2.69552755896998	14.9974335669941	0.192494751203611
"48"	47	-5033.87065920526	-5134.43556792056	-5033.87065920526	-100.564908715299	-5033.87065920526	14.9974335669941	-103.260436274269	0.299734823678573	0.00742435282242523	2.69552755896998	14.9974335669941	0.206033074349425
"49"	48	-5021.61286803597	-5118.67696095192	-5021.61286803597	-97.0640929159514	-5021.61286803597	14.9974335669941	-99.7596204749213	0.300380633245642	0.0508744258266836	2.69552755896998	14.9974335669941	0.159596738895569
"50"	49	-5013.7790199209	-5116.29918950138	-5013.7790199209	-102.520169580471	-5013.7790199209	14.9974335669941	-105.215697139441	0.276429550574779	0.030985169595177	2.69552755896998	14.9974335669941	0.149429758726222
"51"	50	-4967.17967130368	-5068.09129657525	-4967.17967130368	-100.91162527157	-4967.17967130368	14.9974335669941	-103.60715283054	0.268501191698023	0.0787991302195435	2.69552755896998	14.9974335669941	0.167631282516552
"52"	51	-4953.90227453374	-5050.21958892794	-4953.90227453374	-96.3173143941972	-4953.90227453374	14.9974335669941	-99.0128419531672	0.267482756015508	0.0693600679176736	2.69552755896998	14.9974335669941	0.166754223926858
"53"	52	-4932.27526582676	-5041.95478652559	-4932.27526582676	-109.679520698824	-4932.27526582676	14.9974335669941	-112.375048257794	0.183813721328903	0.151537708029851	2.69552755896998	14.9974335669941	0.15888486224247
"54"	53	-4930.58124665742	-5040.63987787908	-4930.58124665742	-110.058631221669	-4930.58124665742	14.9974335669941	-112.754158780639	0.172310974929329	0.200974728876132	2.69552755896998	14.9974335669941	0.120623713834973
"55"	54	-4928.25028429502	-5036.36675986862	-4928.25028429502	-108.116475573591	-4928.25028429502	14.9995432737518	-114.000992886492	0.140085984849173	0.261673308041877	5.88451731290152	14.9995432737518	0.147070292412708
"56"	55	-4919.15093727568	-5022.52732778189	-4919.15093727568	-103.376390506212	-4919.15093727568	14.9995432737518	-109.260907819114	0.185932360842198	0.139319994558823	5.88451731290152	14.9995432737518	0.162309589998969
"57"	56	-4900.19411522831	-5004.37801779653	-4900.19411522831	-104.183902568224	-4900.19411522831	14.9995432737518	-110.068419881125	0.22600596186534	0.167928066848195	5.88451731290152	14.9995432737518	0.109682916516534
"58"	57	-4877.76251092828	-4979.65197647169	-4877.76251092828	-101.889465543418	-4877.76251092828	14.9995432737518	-107.773982856319	0.213068700851638	0.11907224107622	5.88451731290152	14.9995432737518	0.132710793325378
"59"	58	-4874.56590955424	-4980.40775672767	-4874.56590955424	-105.841847173437	-4874.56590955424	14.9995432737518	-111.726364486339	0.220058163927078	0.292924552524986	5.88451731290152	14.9995432737518	0.139537136145958
"60"	59	-4835.6353157488	-4937.69646037145	-4835.6353157488	-102.061144622643	-4835.6353157488	14.9995432737518	-107.945661935545	0.216944896437978	0.0508453712474267	5.88451731290152	14.9995432737518	0.139081343917718
"61"	60	-4779.8185395376	-4881.87112952827	-4779.8185395376	-102.052589990667	-4779.8185395376	14.9995432737518	-107.937107303569	0.135989807745728	0.441762998419356	5.88451731290152	14.9995432737518	0.148766457513032
"62"	61	-4779.09580273432	-4880.74893001629	-4779.09580273432	-101.653127281964	-4779.09580273432	14.9995432737518	-107.537644594866	0.181943464262978	0.315334240036118	5.88451731290152	14.9995432737518	0.108009676444354
"63"	62	-4765.99240688587	-4874.92886287315	-4765.99240688587	-108.93645598728	-4765.99240688587	14.9995432737518	-114.820973300182	0.25473860939428	0.0986947384287147	5.88451731290152	14.9995432737518	0.119102219920217
"64"	63	-4765.23156737005	-4867.15183831217	-4765.23156737005	-101.920270942111	-4765.23156737005	14.9995432737518	-107.804788255013	0.207354420438498	0.0662427900731555	5.88451731290152	14.9995432737518	0.11091071885743
"65"	64	-4725.81795483039	-4828.00254326009	-4725.81795483039	-102.184588429705	-4725.81795483039	14.9995432737518	-108.069105742606	0.162291163766851	0.125885413649615	5.88451731290152	14.9995432737518	0.130369112662687
"66"	65	-4717.1144646159	-4820.4090917808	-4717.1144646159	-103.294627164905	-4717.1144646159	14.9995432737518	-109.179144477807	0.133969647760094	0.583281457617089	5.88451731290152	14.9995432737518	0.146902772806474
"67"	66	-4710.18426795213	-4813.80553300141	-4710.18426795213	-103.621265049285	-4710.18426795213	14.9995432737518	-109.505782362187	0.150462509317534	0.315014507433926	5.88451731290152	14.9995432737518	0.143301147841199
"68"	67	-4695.77130869679	-4795.78179898086	-4695.77130869679	-100.010490284071	-4695.77130869679	14.9995432737518	-105.895007596973	0.239070526231276	0.245896061279975	5.88451731290152	14.9995432737518	0.114778262202432
"69"	68	-4677.96513137807	-4782.00564649851	-4677.96513137807	-104.040515120444	-4677.96513137807	14.9995432737518	-109.925032433346	0.117872137757388	0.431563167839995	5.88451731290152	14.9995432737518	0.138084466322922
"70"	69	-4664.12756093286	-4771.16622871338	-4664.12756093286	-107.038667780526	-4664.12756093286	14.9995432737518	-112.923185093428	0.162875883616862	0.359356097767294	5.88451731290152	14.9995432737518	0.129096009437035
"71"	70	-4650.08696883437	-4752.99419048555	-4650.08696883437	-102.907221651174	-4650.08696883437	14.998398808917	-107.614131954737	0.21381402079887	0.327612531214365	4.70691030356265	14.998398808917	0.120136520219337
"72"	71	-4647.6905596529	-4752.50668142987	-4647.6905596529	-104.816121776973	-4647.6905596529	14.998398808917	-109.523032080536	0.182965071310885	0.182515938109604	4.70691030356265	14.998398808917	0.111048382227788
"73"	72	-4638.69812127467	-4744.45883725289	-4638.69812127467	-105.760715978225	-4638.69812127467	14.998398808917	-110.467626281787	0.28783040337606	0.100764974045388	4.70691030356265	14.998398808917	0.113571886388712
"74"	73	-4579.66638199654	-4681.25642204767	-4579.66638199654	-101.590040051131	-4579.66638199654	14.998398808917	-106.296950354694	0.242776563478326	0.128409838540143	4.70691030356265	14.998398808917	0.182099105743978
"75"	74	-4567.87835476684	-4678.05996370249	-4567.87835476684	-110.181608935652	-4567.87835476684	14.998398808917	-114.888519239214	0.178764323632292	0.0438729158925686	4.70691030356265	14.998398808917	0.0942006436598517
"76"	75	-4567.13107358327	-4680.14696658487	-4567.13107358327	-113.015893001592	-4567.13107358327	14.998398808917	-117.722803305155	0.201911546781893	0.0537216205138646	4.70691030356265	14.998398808917	0.0846227379597659
"77"	76	-4551.49221488014	-4666.28681670467	-4551.49221488014	-114.794601824529	-4551.49221488014	14.998398808917	-119.501512128092	0.186960812896103	0.189370793083215	4.70691030356265	14.998398808917	0.0948082605149495
"78"	77	-4533.68274706702	-4647.90638822392	-4533.68274706702	-114.223641156909	-4533.68274706702	14.998398808917	-118.930551460472	0.184496199261428	0.236922174715489	4.70691030356265	14.998398808917	0.0916919976860871
"79"	78	-4528.42675408526	-4639.09164368772	-4528.42675408526	-110.664889602456	-4528.42675408526	14.998398808917	-115.371799906019	0.168472229309999	0.109402433735825	4.70691030356265	14.998398808917	0.0975620169321458
"80"	79	-4528.0745846143	-4640.85828508861	-4528.0745846143	-112.783700474311	-4528.0745846143	14.998398808917	-117.490610777873	0.307636976511566	0.108969153881137	4.70691030356265	14.998398808917	0.124169214649298
"81"	80	-4522.02193078193	-4635.86925417864	-4522.02193078193	-113.84732339671	-4522.02193078193	14.998398808917	-118.554233700273	0.227404745577489	0.0427453336350466	4.70691030356265	14.998398808917	0.101522128937484
"82"	81	-4505.43641894586	-4619.30362082967	-4505.43641894586	-113.867201883814	-4505.43641894586	14.998398808917	-118.574112187377	0.182865115327291	0.0905365879456752	4.70691030356265	14.998398808917	0.0879282881331946
"83"	82	-4491.62194030114	-4605.7239768344	-4491.62194030114	-114.102036533261	-4491.62194030114	14.998398808917	-118.808946836823	0.191820361636142	0.124825995446259	4.70691030356265	14.998398808917	0.0743692194255352
"84"	83	-4476.87027381077	-4595.63343752803	-4476.87027381077	-118.76316371726	-4476.87027381077	14.998398808917	-123.470074020823	0.121812218450062	0.150526441151376	4.70691030356265	14.998398808917	0.0815421795030384
"85"	84	-4445.06670415	-4556.11111845238	-4445.06670415	-111.044414302377	-4445.06670415	14.998398808917	-115.75132460594	0.18360560528756	0.107681268024239	4.70691030356265	14.998398808917	0.0734137365648503
"86"	85	-4415.58393624641	-4521.26147206177	-4415.58393624641	-105.677535815359	-4415.58393624641	14.998398808917	-110.384446118922	0.175734617951669	0.28116941097323	4.70691030356265	14.998398808917	0.0729292704336297
"87"	86	-4409.44608155078	-4520.81619657851	-4409.44608155078	-111.370115027728	-4409.44608155078	14.998398808917	-116.07702533129	0.185836809684998	0.156434686303262	4.70691030356265	14.998398808917	0.0956638490068449
"88"	87	-4381.07686793017	-4491.60503606006	-4381.07686793017	-110.52816812989	-4381.07686793017	14.998398808917	-115.235078433453	0.206291563612693	0.0499632659009371	4.70691030356265	14.998398808917	0.0859513866696946
"89"	88	-4379.15433288059	-4484.39673529621	-4379.15433288059	-105.242402415622	-4379.15433288059	14.998713283173	-110.403399064936	0.167938606675051	0.231631996333496	5.16099664931458	14.998713283173	0.121186291482899
"90"	89	-4378.06651580609	-4480.79864991031	-4378.06651580609	-102.73213410422	-4378.06651580609	14.998713283173	-107.893130753535	0.223121338103657	0.192660669754094	5.16099664931458	14.998713283173	0.113390616582146
"91"	90	-4372.28645335689	-4467.75808929788	-4372.28645335689	-95.4716359409939	-4372.28645335689	15.0007557176472	-101.174898105622	0.253286502002617	0.307529959480166	5.70326216462856	15.0007557176472	0.12309523335753
"92"	91	-4370.73445116079	-4467.01830227251	-4370.73445116079	-96.2838511117159	-4370.73445116079	15.0007557176472	-101.987113276345	0.402438813786224	0.191196375938884	5.70326216462856	15.0007557176472	0.156605814693165
"93"	92	-4369.34514993592	-4465.99772903451	-4369.34514993592	-96.6525790985971	-4369.34514993592	15.0007557176472	-102.355841263226	0.260324252784387	0.19111319213677	5.70326216462856	15.0007557176472	0.142487726899628
"94"	93	-4368.0819659418	-4466.55755928032	-4368.0819659418	-98.4755933385165	-4368.0819659418	15.0007557176472	-104.178855503145	0.262585109122737	0.0277485007254178	5.70326216462856	15.0007557176472	0.12589913118804
"95"	94	-4367.34327634391	-4466.31310265439	-4367.34327634391	-98.9698263104806	-4367.34327634391	15.0007557176472	-104.673088475109	0.277130058540338	0.0622572502816355	5.70326216462856	15.0007557176472	0.130235989575674
"96"	95	-4356.62132390622	-4451.93883515264	-4356.62132390622	-95.3175112464156	-4356.62132390622	15.0007557176472	-101.020773411044	0.247728846405597	0.427782515415591	5.70326216462856	15.0007557176472	0.163782520908255
"97"	96	-4352.26303355456	-4444.14679741671	-4352.26303355456	-91.8837638621455	-4352.26303355456	15.0007557176472	-97.5870260267741	0.164389042597664	0.658661381081363	5.70326216462856	15.0007557176472	0.139975784078466
"98"	97	-4335.0724481513	-4424.05089656052	-4335.0724481513	-88.9784484092219	-4335.0724481513	15.0007557176472	-94.6817105738504	0.28752478800021	0.241021174337045	5.70326216462856	15.0007557176472	0.122774981087243
"99"	98	-4304.87014433464	-4389.5658011308	-4304.87014433464	-84.6956567961575	-4304.87014433464	15.0007557176472	-90.3989189607861	0.157506741483266	0.582110081029509	5.70326216462856	15.0007557176472	0.1699625663689
"100"	99	-4295.76643537229	-4375.95149978361	-4295.76643537229	-80.1850644113186	-4295.76643537229	15.0007557176472	-85.8883265759472	0.327947820184012	0.330731872340404	5.70326216462856	15.0007557176472	0.189788966650438
"101"	100	-4285.93329775873	-4368.94579308276	-4285.93329775873	-83.0124953240288	-4285.93329775873	15.0007557176472	-88.7157574886573	0.170397396755653	0.555057467374446	5.70326216462856	15.0007557176472	0.189843776750801
"102"	101	-4280.45944244147	-4371.69727267116	-4280.45944244147	-91.2378302296911	-4280.45944244147	15.0007557176472	-96.9410923943196	0.302496797527086	0.537651012572486	5.70326216462856	15.0007557176472	0.150483444913196
"103"	102	-4271.18419434077	-4361.723870995	-4271.18419434077	-90.5396766542273	-4271.18419434077	15.0007557176472	-96.2429388188559	0.229259394421265	0.434030578791636	5.70326216462856	15.0007557176472	0.141293846068038
"104"	103	-4257.41781934794	-4351.71640233835	-4257.41781934794	-94.2985829904132	-4257.41781934794	15.0007557176472	-100.001845155042	0.153237224427525	0.696903241450079	5.70326216462856	15.0007557176472	0.134885348021197
"105"	104	-4251.3455744493	-4343.39472926569	-4251.3455744493	-92.0491548163934	-4251.3455744493	15.0007557176472	-97.752416981022	0.26162315401444	0.493068249504836	5.70326216462856	15.0007557176472	0.168742120913709
"106"	105	-4243.78955863991	-4345.33194153802	-4243.78955863991	-101.542382898113	-4243.78955863991	15.0007557176472	-107.245645062742	0.161134566244951	0.174165521149483	5.70326216462856	15.0007557176472	0.102797179530067
"107"	106	-4232.71023392239	-4330.29499004283	-4232.71023392239	-97.5847561204404	-4232.71023392239	15.0007557176472	-103.288018285069	0.117167131921373	0.700493576748338	5.70326216462856	15.0007557176472	0.102531889771977
"108"	107	-4231.15497566365	-4332.73903465022	-4231.15497566365	-101.584058986573	-4231.15497566365	15.0007557176472	-107.287321151201	0.131723506544726	0.522148519347676	5.70326216462856	15.0007557176472	0.0988882549164316
"109"	108	-4227.82553155643	-4325.07489216496	-4227.82553155643	-97.2493606085241	-4227.82553155643	15.0007557176472	-102.952622773153	0.19059479000643	0.287922773556226	5.70326216462856	15.0007557176472	0.137345595271809
"110"	109	-4225.47961259461	-4317.77123121503	-4225.47961259461	-92.2916186204186	-4225.47961259461	15.0007557176472	-97.9948807850472	0.14132454441903	0.622637226817619	5.70326216462856	15.0007557176472	0.122362618713726
"111"	110	-4202.22473726755	-4298.96702847774	-4202.22473726755	-96.7422912101905	-4202.22473726755	15.0007557176472	-102.445553374819	0.21661721979155	0.203606695374972	5.70326216462856	15.0007557176472	0.110199877259209
"112"	111	-4182.14154748846	-4279.41741427828	-4182.14154748846	-97.2758667898148	-4182.14154748846	15.0007557176472	-102.979128954443	0.259908339713214	0.0497234701483321	5.70326216462856	15.0007557176472	0.105522134581457
"113"	112	-4179.94084149394	-4275.77471163356	-4179.94084149394	-95.8338701396228	-4179.94084149394	15.0007557176472	-101.537132304251	0.245556978424161	0.125524404516096	5.70326216462856	15.0007557176472	0.110677796074149
"114"	113	-4179.20966708074	-4277.15525198795	-4179.20966708074	-97.9455849072091	-4179.20966708074	15.0007557176472	-103.648847071838	0.285143503204225	0.174724691959411	5.70326216462856	15.0007557176472	0.106545346898483
"115"	114	-4171.88952674285	-4270.56303260537	-4171.88952674285	-98.673505862519	-4171.88952674285	15.0007557176472	-104.376768027148	0.165472549073473	0.369736539840396	5.70326216462856	15.0007557176472	0.0901740092588508
"116"	115	-4171.16411069773	-4273.98672538702	-4171.16411069773	-102.822614689293	-4171.16411069773	15.0007557176472	-108.525876853922	0.253770786775744	0.220404566694922	5.70326216462856	15.0007557176472	0.0925642286362586
"117"	116	-4171.10924261352	-4276.07988755291	-4171.10924261352	-104.97064493939	-4171.10924261352	15.0007557176472	-110.673907104018	0.119401403816066	0.570187651098347	5.70326216462856	15.0007557176472	0.0936469586103403
"118"	117	-4164.53183820202	-4273.49201549502	-4164.53183820202	-108.960177292995	-4164.53183820202	15.0007557176472	-114.663439457624	0.138511781540336	0.263388308172822	5.70326216462856	15.0007557176472	0.0778885168796257
"119"	118	-4159.94054299526	-4268.73767780347	-4159.94054299526	-108.797134808216	-4159.94054299526	15.0007557176472	-114.500396972845	0.133104963521628	0.507179227458685	5.70326216462856	15.0007557176472	0.0748928445982741
"120"	119	-4156.94479704338	-4261.06375237051	-4156.94479704338	-104.118955327126	-4156.94479704338	15.0007557176472	-109.822217491755	0.214753838904308	0.361354075317258	5.70326216462856	15.0007557176472	0.083915212119386
"121"	120	-4154.23375111348	-4260.73492459304	-4154.23375111348	-106.501173479567	-4154.23375111348	15.0007557176472	-112.204435644196	0.159120415137239	0.590717636769251	5.70326216462856	15.0007557176472	0.103002089979948
"122"	121	-4154.19377259574	-4260.99688520535	-4154.19377259574	-106.803112609611	-4154.19377259574	15.0007557176472	-112.50637477424	0.165794705563703	0.384336138601655	5.70326216462856	15.0007557176472	0.0877060671657785
"123"	122	-4153.70733262381	-4264.57953794037	-4153.70733262381	-110.872205316566	-4153.70733262381	15.0007557176472	-116.575467481194	0.147359579515342	0.506853849547986	5.70326216462856	15.0007557176472	0.0857067724046089
"124"	123	-4150.88691721659	-4262.38808790582	-4150.88691721659	-111.501170689231	-4150.88691721659	15.0007557176472	-117.20443285386	0.0875881262574476	0.639352296476894	5.70326216462856	15.0007557176472	0.0778383126881405
"125"	124	-4143.43496939636	-4253.00193422277	-4143.43496939636	-109.566964826401	-4143.43496939636	15.0007557176472	-115.27022699103	0.21494893729084	0.193450554855511	5.70326216462856	15.0007557176472	0.0827430102693798
"126"	125	-4140.12529534183	-4245.7671074403	-4140.12529534183	-105.641812098472	-4140.12529534183	15.0007557176472	-111.3450742631	0.208240884348857	0.266595148240482	5.70326216462856	15.0007557176472	0.081657168139205
"127"	126	-4137.55117017412	-4241.27336518973	-4137.55117017412	-103.72219501561	-4137.55117017412	15.0007557176472	-109.425457180238	0.195228926253276	0.162572051235224	5.70326216462856	15.0007557176472	0.0822367722115945
"128"	127	-4133.06784550867	-4241.91449634062	-4133.06784550867	-108.846650831949	-4133.06784550867	15.0007557176472	-114.549912996578	0.199238580291799	0.370100419581354	5.70326216462856	15.0007557176472	0.0857275563053602
"129"	128	-4110.78652442351	-4218.07332029073	-4110.78652442351	-107.286795867213	-4110.78652442351	15.0007557176472	-112.990058031842	0.186834620885955	0.177337343913069	5.70326216462856	15.0007557176472	0.0832290506537718
"130"	129	-4101.38736859228	-4218.6289538178	-4101.38736859228	-117.241585225515	-4101.38736859228	15.0007557176472	-122.944847390144	0.20186273119799	0.332851094102147	5.70326216462856	15.0007557176472	0.0701715037647946
"131"	130	-4094.17323509079	-4205.90352428593	-4094.17323509079	-111.730289195139	-4094.17323509079	15.0007557176472	-117.433551359768	0.166817168203954	0.12109381339274	5.70326216462856	15.0007557176472	0.0643476894134714
"132"	131	-4090.42878026495	-4204.44574068422	-4090.42878026495	-114.016960419271	-4090.42878026495	15.0007557176472	-119.7202225839	0.0999681908181834	0.683389403319808	5.70326216462856	15.0007557176472	0.0685868096355549
"133"	132	-4087.65734568454	-4197.49458596877	-4087.65734568454	-109.837240284228	-4087.65734568454	15.0007557176472	-115.540502448856	0.157687248075108	0.394363314320929	5.70326216462856	15.0007557176472	0.0752042951716944
"134"	133	-4059.00925221122	-4171.65825891898	-4059.00925221122	-112.649006707768	-4059.00925221122	15.0007557176472	-118.352268872397	0.174877206715613	0.113201076340635	5.70326216462856	15.0007557176472	0.072402202410687
"135"	134	-4057.44607595615	-4169.30823919947	-4057.44607595615	-111.862163243323	-4057.44607595615	15.0007557176472	-117.565425407952	0.256843938799901	0.338523409295704	5.70326216462856	15.0007557176472	0.0762093782760977
"136"	135	-4052.71260047837	-4156.17236332534	-4052.71260047837	-103.459762846979	-4052.71260047837	15.0007557176472	-109.163025011607	0.201880985737526	0.210379108047962	5.70326216462856	15.0007557176472	0.0970781125561854
"137"	136	-4048.20963622614	-4155.10599192482	-4048.20963622614	-106.896355698686	-4048.20963622614	15.0007557176472	-112.599617863315	0.134022848471936	0.578362372063371	5.70326216462856	15.0007557176472	0.0750165413727818
"138"	137	-4044.26356550737	-4152.00064599494	-4044.26356550737	-107.737080487572	-4044.26356550737	15.0007557176472	-113.440342652201	0.0939207125290492	0.707310951571201	5.70326216462856	15.0007557176472	0.0709176143768364
"139"	138	-4041.44106376629	-4151.84040166555	-4041.44106376629	-110.399337899255	-4041.44106376629	15.0007557176472	-116.102600063884	0.122518098446363	0.315657765759434	5.70326216462856	15.0007557176472	0.0870570365644243
"140"	139	-4038.97531750041	-4142.4237898964	-4038.97531750041	-103.448472395996	-4038.97531750041	15.0007557176472	-109.151734560624	0.205139127939182	0.237448663640192	5.70326216462856	15.0007557176472	0.0854466023872667
"141"	140	-4036.57872680846	-4142.45704128582	-4036.57872680846	-105.87831447736	-4036.57872680846	15.0007557176472	-111.581576641988	0.188185145358311	0.315790603381425	5.70326216462856	15.0007557176472	0.0681285723477511
"142"	141	-4031.92011448546	-4132.30612857256	-4031.92011448546	-100.386014087106	-4031.92011448546	15.0007557176472	-106.089276251734	0.230856363020608	0.227208443490515	5.70326216462856	15.0007557176472	0.0956875944883312
"143"	142	-4025.18167715369	-4126.26687933776	-4025.18167715369	-101.085202184071	-4025.18167715369	15.0007557176472	-106.788464348699	0.263825145649616	0.393418839631758	5.70326216462856	15.0007557176472	0.0990422495272524
"144"	143	-4024.87881197509	-4127.66434885021	-4024.87881197509	-102.785536875128	-4024.87881197509	15.0007557176472	-108.488799039757	0.197850999658301	0.472455715951392	5.70326216462856	15.0007557176472	0.09133834832105
"145"	144	-4024.35946192163	-4136.01473082713	-4024.35946192163	-111.655268905491	-4024.35946192163	15.0007557176472	-117.35853107012	0.162658774440322	0.575513277952405	5.70326216462856	15.0007557176472	0.0721727781791879
"146"	145	-4018.05946648938	-4126.40653847866	-4018.05946648938	-108.347071989285	-4018.05946648938	15.0007557176472	-114.050334153913	0.138506900700887	0.506557743269162	5.70326216462856	15.0007557176472	0.0666970451362938
"147"	146	-4008.63606024937	-4116.8863056753	-4008.63606024937	-108.250245425929	-4008.63606024937	15.0007557176472	-113.953507590557	0.158079118795368	0.445155031487706	5.70326216462856	15.0007557176472	0.0710504938864105
"148"	147	-4007.0166719194	-4119.87194634067	-4007.0166719194	-112.855274421264	-4007.0166719194	15.0007557176472	-118.558536585892	0.0991625633553786	0.545896143514276	5.70326216462856	15.0007557176472	0.0721194196205869
"149"	148	-4006.85448016336	-4120.25411406745	-4006.85448016336	-113.399633904095	-4006.85448016336	15.0007557176472	-119.102896068724	0.1331760866383	0.516729998689404	5.70326216462856	15.0007557176472	0.075266583412104
"150"	149	-4005.91732985524	-4114.89649394388	-4005.91732985524	-108.979164088641	-4005.91732985524	15.0007557176472	-114.682426253269	0.147849573775504	0.292620953305776	5.70326216462856	15.0007557176472	0.065447777912983
"151"	150	-3993.9486557787	-4109.72802037507	-3993.9486557787	-115.779364596365	-3993.9486557787	15.0007557176472	-121.482626760994	0.0839939856014638	0.44078320675846	5.70326216462856	15.0007557176472	0.0666196435620874
"152"	151	-3993.06897898554	-4098.64438435899	-3993.06897898554	-105.575405373448	-3993.06897898554	15.0007557176472	-111.278667538077	0.206741561015333	0.290340084402117	5.70326216462856	15.0007557176472	0.0621104401252553
"153"	152	-3990.45430915927	-4094.79090249728	-3990.45430915927	-104.336593338009	-3990.45430915927	15.0007557176472	-110.039855502637	0.171485683384054	0.341309465495426	5.70326216462856	15.0007557176472	0.0720599803891853
"154"	153	-3983.47916243446	-4087.32621860037	-3983.47916243446	-103.847056165907	-3983.47916243446	15.0007557176472	-109.550318330536	0.215271297155655	0.118718141221707	5.70326216462856	15.0007557176472	0.0818448278671783
"155"	154	-3983.27027189571	-4094.67398590927	-3983.27027189571	-111.403714013554	-3983.27027189571	15.0007557176472	-117.106976178183	0.129813403767004	0.249786263959675	5.70326216462856	15.0007557176472	0.0762789288503297
"156"	155	-3982.26047368501	-4097.21877910061	-3982.26047368501	-114.958305415595	-3982.26047368501	15.0007557176472	-120.661567580224	0.113904552680115	0.489429125029923	5.70326216462856	15.0007557176472	0.0646338738897081
"157"	156	-3979.58421991536	-4098.56470995555	-3979.58421991536	-118.980490040184	-3979.58421991536	15.0007557176472	-124.683752204813	0.070359293693291	0.801362430828529	5.70326216462856	15.0007557176472	0.0576429208767002
"158"	157	-3978.70475740242	-4097.42742231681	-3978.70475740242	-118.722664914391	-3978.70475740242	15.0007557176472	-124.42592707902	0.119316759997429	0.464587073871008	5.70326216462856	15.0007557176472	0.0536680171288882
"159"	158	-3977.89232575106	-4089.0751957871	-3977.89232575106	-111.182870036036	-3977.89232575106	15.0007557176472	-116.886132200664	0.203353044776262	0.0973877084694546	5.70326216462856	15.0007557176472	0.0700785473183851
"160"	159	-3975.0836719607	-4085.83964618024	-3975.0836719607	-110.755974219538	-3975.0836719607	15.0007557176472	-116.459236384167	0.187121868154506	0.017208283191263	5.70326216462856	15.0007557176472	0.0695105916704898
"161"	160	-3967.45342536077	-4079.16184729684	-3967.45342536077	-111.708421936065	-3967.45342536077	15.0007557176472	-117.411684100694	0.18324318159723	0.00668679379652335	5.70326216462856	15.0007557176472	0.0673291863769455
"162"	161	-3963.8509014567	-4079.1583554442	-3963.8509014567	-115.307453987507	-3963.8509014567	15.000157910162	-121.283802923656	0.183455050726137	0.0385413144906442	5.97634893614902	15.000157910162	0.0576701021829029
"163"	162	-3962.31677722555	-4072.33528642547	-3962.31677722555	-110.01850919992	-3962.31677722555	15.000157910162	-115.994858136069	0.254076728569271	0.00961586991368276	5.97634893614902	15.000157910162	0.0669961243836117
"164"	163	-3960.43134549964	-4067.0743179743	-3960.43134549964	-106.642972474663	-3960.43134549964	15.000157910162	-112.619321410812	0.195986804784882	0.00394088250169781	5.97634893614902	15.000157910162	0.0665892474451998
"165"	164	-3957.30775571759	-4066.14264295937	-3957.30775571759	-108.834887241787	-3957.30775571759	15.000157910162	-114.811236177936	0.255256327992946	0.00460003136570001	5.97634893614902	15.000157910162	0.0861993005038618
"166"	165	-3956.45178404131	-4063.28243177628	-3956.45178404131	-106.830647734968	-3956.45178404131	15.000157910162	-112.806996671117	0.27711615802288	0.00608347261437892	5.97634893614902	15.000157910162	0.072810891630362
"167"	166	-3953.57084817151	-4061.61858718941	-3953.57084817151	-108.047739017894	-3953.57084817151	15.000157910162	-114.024087954043	0.215105415103259	0.00765413225388072	5.97634893614902	15.000157910162	0.0678111550579785
"168"	167	-3950.94463700399	-4063.84170290655	-3950.94463700399	-112.89706590256	-3950.94463700399	15.000157910162	-118.873414838709	0.236675350286703	0.0232412537215602	5.97634893614902	15.000157910162	0.0672628890043093
"169"	168	-3949.00087558796	-4059.163916996	-3949.00087558796	-110.163041408035	-3949.00087558796	15.000157910162	-116.139390344184	0.193436000948019	0.139680005728208	5.97634893614902	15.000157910162	0.0606423165697633
"170"	169	-3942.28748120307	-4054.9317615189	-3942.28748120307	-112.64428031583	-3942.28748120307	15.000157910162	-118.620629251979	0.15291170723761	0.428720406384409	5.97634893614902	15.000157910162	0.0674159114743335
"171"	170	-3941.63935874506	-4052.08021440894	-3941.63935874506	-110.440855663874	-3941.63935874506	15.000157910162	-116.417204600023	0.0909674965570101	0.587250722025725	5.97634893614902	15.000157910162	0.0643539859490847
"172"	171	-3940.74720051453	-4046.41749651932	-3940.74720051453	-105.670296004792	-3940.74720051453	15.000157910162	-111.646644940941	0.215525027443646	0.122106088697017	5.97634893614902	15.000157910162	0.0821595375048798
"173"	172	-3937.77761766992	-4044.03611000304	-3937.77761766992	-106.25849233312	-3937.77761766992	15.000157910162	-112.234841269269	0.165797668307085	0.147174733135856	5.97634893614902	15.000157910162	0.07044383048354
"174"	173	-3937.16792780442	-4043.2782151695	-3937.16792780442	-106.110287365074	-3937.16792780442	15.000157910162	-112.086636301223	0.169716117118469	0.202833740632814	5.97634893614902	15.000157910162	0.0786026956561917
"175"	174	-3934.10096560486	-4042.48972281357	-3934.10096560486	-108.388757208706	-3934.10096560486	15.000157910162	-114.365106144855	0.199573541084984	0.450183633617165	5.97634893614902	15.000157910162	0.0747767738198431
"176"	175	-3931.75410492556	-4043.76162606388	-3931.75410492556	-112.007521138319	-3931.75410492556	15.000157910162	-117.983870074468	0.13147416798936	0.561909903331697	5.97634893614902	15.000157910162	0.0693605594211763
"177"	176	-3929.61582768273	-4043.64642592561	-3929.61582768273	-114.030598242876	-3929.61582768273	15.000157910162	-120.006947179025	0.118309782725853	0.658722460178002	5.97634893614902	15.000157910162	0.0604334558351828
"178"	177	-3926.19895967968	-4036.65108220718	-3926.19895967968	-110.4521225275	-3926.19895967968	15.000157910162	-116.428471463649	0.125470551624384	0.52105232573147	5.97634893614902	15.000157910162	0.0745082868583228
"179"	178	-3922.59606028715	-4029.21496395055	-3922.59606028715	-106.618903663399	-3922.59606028715	15.000157910162	-112.595252599548	0.196194529617693	0.26306322096695	5.97634893614902	15.000157910162	0.0777073538350866
"180"	179	-3916.32155499968	-4023.11361114769	-3916.32155499968	-106.792056148014	-3916.32155499968	15.000157910162	-112.768405084163	0.286836765987765	0.285289233127631	5.97634893614902	15.000157910162	0.0788191980607245
"181"	180	-3914.03075915186	-4017.30678315281	-3914.03075915186	-103.27602400095	-3914.03075915186	15.000157910162	-109.252372937099	0.175163602147951	0.455865360788503	5.97634893614902	15.000157910162	0.0799725905994955
"182"	181	-3909.11359620204	-4011.46918582942	-3909.11359620204	-102.355589627379	-3909.11359620204	15.000157910162	-108.331938563528	0.202572747313198	0.31220772900967	5.97634893614902	15.000157910162	0.081033336808493
"183"	182	-3906.98745992016	-4013.93404972492	-3906.98745992016	-106.946589804761	-3906.98745992016	15.000157910162	-112.92293874091	0.148052956063075	0.533132052380769	5.97634893614902	15.000157910162	0.0758941614023166
"184"	183	-3906.96211390093	-4016.0864550342	-3906.96211390093	-109.124341133268	-3906.96211390093	15.000157910162	-115.100690069417	0.086040632084803	0.6431770723542	5.97634893614902	15.000157910162	0.0714199847218947
"185"	184	-3905.18305464633	-4012.74042144644	-3905.18305464633	-107.557366800109	-3905.18305464633	15.000157910162	-113.533715736258	0.181487534071371	0.189110891728125	5.97634893614902	15.000157910162	0.066091425140192
"186"	185	-3903.06775067118	-4010.09468486981	-3903.06775067118	-107.026934198634	-3903.06775067118	15.000157910162	-113.003283134783	0.133910287785709	0.571002046324061	5.97634893614902	15.000157910162	0.0714145179345196
"187"	186	-3902.12684212578	-4009.24757182282	-3902.12684212578	-107.120729697041	-3902.12684212578	15.000157910162	-113.09707863319	0.152961315662273	0.398967167284443	5.97634893614902	15.000157910162	0.0728047489874697
"188"	187	-3900.5935279979	-4007.37990960756	-3900.5935279979	-106.786381609653	-3900.5935279979	15.000157910162	-112.762730545802	0.167909268779276	0.313130068803914	5.97634893614902	15.000157910162	0.0720733697331082
"189"	188	-3899.71364579096	-4008.99032290327	-3899.71364579096	-109.276677112307	-3899.71364579096	15.000157910162	-115.253026048456	0.209830591951543	0.163390824940313	5.97634893614902	15.000157910162	0.0686025889188537
"190"	189	-3899.14306858332	-4007.15821626031	-3899.14306858332	-108.015147676984	-3899.14306858332	15.000157910162	-113.991496613133	0.153703717401712	0.251669163042093	5.97634893614902	15.000157910162	0.0695104641045312
"191"	190	-3897.5909807353	-4000.76915183659	-3897.5909807353	-103.178171101287	-3897.5909807353	15.000157910162	-109.154520037436	0.197157936756114	0.273541955446728	5.97634893614902	15.000157910162	0.0738841176583309
"192"	191	-3895.65860266538	-4002.15194161348	-3895.65860266538	-106.493338948104	-3895.65860266538	15.000157910162	-112.469687884253	0.102608896177911	0.597626178660896	5.97634893614902	15.000157910162	0.0725706224989955
"193"	192	-3895.22805340429	-3999.65241821928	-3895.22805340429	-104.424364814984	-3895.22805340429	15.000157910162	-110.400713751133	0.122602970086308	0.582677518680742	5.97634893614902	15.000157910162	0.0761357577997893
"194"	193	-3894.2137320617	-3996.2924236412	-3894.2137320617	-102.078691579499	-3894.2137320617	15.000157910162	-108.055040515648	0.179864875238795	0.453059884961093	5.97634893614902	15.000157910162	0.0820866214761389
"195"	194	-3892.99223101504	-3997.93278341074	-3892.99223101504	-104.940552395694	-3892.99223101504	15.000157910162	-110.916901331843	0.214455631623273	0.281852900860359	5.97634893614902	15.000157910162	0.0800463938842511
"196"	195	-3892.70508138003	-4001.89654433455	-3892.70508138003	-109.191462954521	-3892.70508138003	15.000157910162	-115.16781189067	0.14462382603675	0.158173638296407	5.97634893614902	15.000157910162	0.0704661864425727
"197"	196	-3892.02897157979	-4001.74575341818	-3892.02897157979	-109.716781838386	-3892.02897157979	15.000157910162	-115.693130774535	0.180429088355425	0.550245083252557	5.97634893614902	15.000157910162	0.0678084197436622
"198"	197	-3891.27071367391	-4000.78815852586	-3891.27071367391	-109.517444851943	-3891.27071367391	15.000157910162	-115.493793788092	0.176914285815017	0.52628862397503	5.97634893614902	15.000157910162	0.0673999717771306
"199"	198	-3889.21686056595	-3996.06098375909	-3889.21686056595	-106.844123193144	-3889.21686056595	15.000157910162	-112.820472129293	0.216136511312449	0.216151214901993	5.97634893614902	15.000157910162	0.069525519873671
"200"	199	-3889.1695978999	-3997.19830674912	-3889.1695978999	-108.028708849223	-3889.1695978999	15.000157910162	-114.005057785372	0.27645730340952	0.170994089854456	5.97634893614902	15.000157910162	0.0722761527229412
"201"	200	-3887.69853642272	-3991.20300041489	-3887.69853642272	-103.504463992175	-3887.69853642272	15.000157910162	-109.480812928324	0.205973192807757	0.230532960436462	5.97634893614902	15.000157910162	0.0738625481624821
"202"	201	-3887.68546613178	-3993.76328803362	-3887.68546613178	-106.077821901836	-3887.68546613178	15.000157910162	-112.054170837986	0.172735118811797	0.201459802430733	5.97634893614902	15.000157910162	0.072371151237958
"203"	202	-3884.75675814759	-3989.5531834632	-3884.75675814759	-104.79642531561	-3884.75675814759	15.000157910162	-110.772774251759	0.135967065795657	0.395908266261511	5.97634893614902	15.000157910162	0.0739493441763551
"204"	203	-3883.95453154015	-3988.06613145701	-3883.95453154015	-104.111599916857	-3883.95453154015	15.000157910162	-110.087948853006	0.20179174883378	0.340727712227816	5.97634893614902	15.000157910162	0.0769992616032085
"205"	204	-3883.35783677575	-3993.22413533713	-3883.35783677575	-109.866298561382	-3883.35783677575	15.000157910162	-115.842647497531	0.121704233922015	0.663902730487604	5.97634893614902	15.000157910162	0.0672113175068007
"206"	205	-3883.31540307453	-3990.67908858895	-3883.31540307453	-107.363685514422	-3883.31540307453	15.000157910162	-113.340034450571	0.0998698566625286	0.721008573115143	5.97634893614902	15.000157910162	0.0704220682409065
"207"	206	-3883.12664677889	-3991.75323732145	-3883.12664677889	-108.626590542563	-3883.12664677889	15.000157910162	-114.602939478712	0.144606558516335	0.345510371575061	5.97634893614902	15.000157910162	0.0669473725387078
"208"	207	-3882.26618669356	-3992.57912661601	-3882.26618669356	-110.312939922454	-3882.26618669356	15.000157910162	-116.289288858603	0.104602597692108	0.43160093272585	5.97634893614902	15.000157910162	0.0690081496034768
"209"	208	-3881.5471515412	-3988.71820292838	-3881.5471515412	-107.17105138718	-3881.5471515412	15.000157910162	-113.147400323329	0.165083404275822	0.394579953277769	5.97634893614902	15.000157910162	0.0727946356112843
"210"	209	-3879.74295743547	-3987.64262714027	-3879.74295743547	-107.899669704802	-3879.74295743547	15.000157910162	-113.876018640951	0.118472451873706	0.419168885115391	5.97634893614902	15.000157910162	0.0718730578282047
"211"	210	-3879.03751134137	-3989.19387362999	-3879.03751134137	-110.156362288622	-3879.03751134137	14.9989761892107	-115.621084768265	0.191663589736805	0.28310036142394	5.46472247964242	14.9989761892107	0.0682300137670506
"212"	211	-3878.9809585017	-3988.95874279684	-3878.9809585017	-109.977784295138	-3878.9809585017	14.9989761892107	-115.442506774781	0.130600884913612	0.583137788818467	5.46472247964242	14.9989761892107	0.0679935215587255
"213"	212	-3878.96586209078	-3989.70789201088	-3878.96586209078	-110.742029920094	-3878.96586209078	14.9989761892107	-116.206752399736	0.223139970288119	0.480071372362245	5.46472247964242	14.9989761892107	0.0719795287722013
"214"	213	-3877.33403927679	-3985.85059266307	-3877.33403927679	-108.516553386274	-3877.33403927679	14.9989761892107	-113.981275865916	0.129214514926685	0.40393325367431	5.46472247964242	14.9989761892107	0.0698890432545558
"215"	214	-3877.01769183306	-3986.03095179453	-3877.01769183306	-109.013259961474	-3877.01769183306	14.9989761892107	-114.477982441116	0.160660091507778	0.39019312754965	5.46472247964242	14.9989761892107	0.0672090891186199
"216"	215	-3876.8597782833	-3987.28227961594	-3876.8597782833	-110.42250133264	-3876.8597782833	14.9989761892107	-115.887223812282	0.180893294699826	0.355930303990413	5.46472247964242	14.9989761892107	0.0645400317925172
"217"	216	-3875.93230421071	-3987.10628192746	-3875.93230421071	-111.173977716755	-3875.93230421071	14.9989761892107	-116.638700196398	0.117256177221278	0.286778761890356	5.46472247964242	14.9989761892107	0.0678132802050743
"218"	217	-3874.51529122602	-3983.10903535059	-3874.51529122602	-108.59374412457	-3874.51529122602	14.9989761892107	-114.058466604212	0.140792841881108	0.535531188403478	5.46472247964242	14.9989761892107	0.0671805474551225
"219"	218	-3874.08312661859	-3984.40085278413	-3874.08312661859	-110.317726165538	-3874.08312661859	14.9989761892107	-115.78244864518	0.0958826397626885	0.601892214702802	5.46472247964242	14.9989761892107	0.066673868190252
"220"	219	-3872.86017183449	-3983.4196218729	-3872.86017183449	-110.559450038411	-3872.86017183449	14.9989761892107	-116.024172518054	0.198925690668416	0.351233946550238	5.46472247964242	14.9989761892107	0.0667951046436138
"221"	220	-3872.83264805784	-3983.65885442728	-3872.83264805784	-110.826206369444	-3872.83264805784	14.9989761892107	-116.290928849086	0.106822865695641	0.463441301962433	5.46472247964242	14.9989761892107	0.0644224819990362
"222"	221	-3872.8231572502	-3983.41755308765	-3872.8231572502	-110.594395837448	-3872.8231572502	14.9989761892107	-116.05911831709	0.0893934856865506	0.560140401390184	5.46472247964242	14.9989761892107	0.0698273367892283
"223"	222	-3872.42802396345	-3983.76607740298	-3872.42802396345	-111.338053439521	-3872.42802396345	15.0015011138353	-116.200198812029	0.127131989902881	0.178911242320756	4.86214537250819	15.0015011138353	0.0702521822719847
"224"	223	-3872.08307096742	-3982.02016793046	-3872.08307096742	-109.937096963034	-3872.08307096742	15.0015011138353	-114.799242335542	0.151096612221437	0.433334928571536	4.86214537250819	15.0015011138353	0.0658266493995428
"225"	224	-3871.97731444909	-3980.6242356462	-3871.97731444909	-108.646921197111	-3871.97731444909	15.0015011138353	-113.50906656962	0.146213673275367	0.396043988835947	4.86214537250819	15.0015011138353	0.0689170454841815
"226"	225	-3871.76286337997	-3983.31975863534	-3871.76286337997	-111.556895255368	-3871.76286337997	15.0015011138353	-116.419040627876	0.0710766733593077	0.699833025198876	4.86214537250819	15.0015011138353	0.0693880329775803
"227"	226	-3871.20910269853	-3982.28351391429	-3871.20910269853	-111.074411215765	-3871.20910269853	15.0015011138353	-115.936556588273	0.126772039402476	0.730428229330359	4.86214537250819	15.0015011138353	0.0708706826888061
"228"	227	-3870.81629508966	-3980.029476866	-3870.81629508966	-109.21318177634	-3870.81629508966	15.0015011138353	-114.075327148848	0.188157222480438	0.436345576168904	4.86214537250819	15.0015011138353	0.0690320075982238
"229"	228	-3870.64876938197	-3978.83288895616	-3870.64876938197	-108.184119574193	-3870.64876938197	15.0015011138353	-113.046264946701	0.184341561521268	0.30020078291527	4.86214537250819	15.0015011138353	0.0685926944659294
"230"	229	-3870.24598107696	-3980.06974982267	-3870.24598107696	-109.823768745713	-3870.24598107696	15.0015011138353	-114.685914118221	0.171254412722186	0.573148823766603	4.86214537250819	15.0015011138353	0.0685304344147202
"231"	230	-3870.17819029726	-3978.70757362387	-3870.17819029726	-108.529383326613	-3870.17819029726	15.0015011138353	-113.391528699121	0.18740177828675	0.124247980017207	4.86214537250819	15.0015011138353	0.0668492959189867
"232"	231	-3870.17199348411	-3980.3195141145	-3870.17199348411	-110.14752063039	-3870.17199348411	15.0015011138353	-115.009666002898	0.168574417760775	0.0808179115872398	4.86214537250819	15.0015011138353	0.0668492959189867
"233"	232	-3869.87361363256	-3980.82146618774	-3869.87361363256	-110.947852555178	-3869.87361363256	15.0015011138353	-115.809997927686	0.245563143777963	0.036795055992928	4.86214537250819	15.0015011138353	0.0659664305214335
"234"	233	-3869.72924125557	-3979.85790900692	-3869.72924125557	-110.128667751347	-3869.72924125557	15.0015011138353	-114.990813123856	0.212353799024066	0.0984580487129349	4.86214537250819	15.0015011138353	0.066702599873858
"235"	234	-3869.72208357525	-3980.86985174068	-3869.72208357525	-111.147768165433	-3869.72208357525	15.0015011138353	-116.009913537941	0.128529572844318	0.30613403646116	4.86214537250819	15.0015011138353	0.0657604174680939
"236"	235	-3869.66067367165	-3980.12540546406	-3869.66067367165	-110.464731792413	-3869.66067367165	15.0015011138353	-115.326877164921	0.162021833057958	0.291766278376099	4.86214537250819	15.0015011138353	0.0653246247037583
"237"	236	-3869.19238905712	-3978.57779399911	-3869.19238905712	-109.385404941987	-3869.19238905712	15.0015011138353	-114.247550314495	0.163916682939402	0.365682412417787	4.86214537250819	15.0015011138353	0.0661853285174431
"238"	237	-3869.1750931604	-3980.38532811071	-3869.1750931604	-111.210234950315	-3869.1750931604	15.0015011138353	-116.072380322823	0.259015644717303	0.244715777002573	4.86214537250819	15.0015011138353	0.0676002496729717
"239"	238	-3869.09289114979	-3978.98700119695	-3869.09289114979	-109.894110047164	-3869.09289114979	15.0015011138353	-114.756255419672	0.16810455024924	0.439834528147299	4.86214537250819	15.0015011138353	0.0676386832442924
"240"	239	-3868.60699618445	-3978.30915689672	-3868.60699618445	-109.702160712266	-3868.60699618445	15.0015011138353	-114.564306084774	0.181528109972909	0.504297868923509	4.86214537250819	15.0015011138353	0.0684181503360668
"241"	240	-3868.55665024538	-3976.88419840707	-3868.55665024538	-108.32754816168	-3868.55665024538	15.0015011138353	-113.189693534188	0.143405516511718	0.537262081843111	4.86214537250819	15.0015011138353	0.0680751624476847
"242"	241	-3868.55157095188	-3977.54782607065	-3868.55157095188	-108.996255118769	-3868.55157095188	15.0015011138353	-113.858400491278	0.131100619445809	0.404027571249716	4.86214537250819	15.0015011138353	0.0694754824054695
"243"	242	-3868.08316471691	-3976.81683371501	-3868.08316471691	-108.733668998103	-3868.08316471691	15.0015011138353	-113.595814370612	0.114763329032767	0.506207256737619	4.86214537250819	15.0015011138353	0.0677883268218431
"244"	243	-3867.79575160729	-3974.37881193999	-3867.79575160729	-106.583060332704	-3867.79575160729	15.0015011138353	-111.445205705212	0.17175400669486	0.304580162706042	4.86214537250819	15.0015011138353	0.0723254534188583
"245"	244	-3867.66401878215	-3975.58285201568	-3867.66401878215	-107.918833233524	-3867.66401878215	15.0015011138353	-112.780978606032	0.150389740121664	0.273931094649982	4.86214537250819	15.0015011138353	0.0697093217492489
"246"	245	-3867.4601585629	-3975.30015166105	-3867.4601585629	-107.839993098154	-3867.4601585629	15.0015011138353	-112.702138470662	0.205430080321342	0.0920069931370285	4.86214537250819	15.0015011138353	0.0697093217492489
"247"	246	-3867.35815954846	-3973.97049107677	-3867.35815954846	-106.61233152831	-3867.35815954846	15.0015011138353	-111.474476900818	0.209368924939963	0.205340440117533	4.86214537250819	15.0015011138353	0.0726415000199492
"248"	247	-3867.1280339216	-3973.79766313843	-3867.1280339216	-106.669629216829	-3867.1280339216	15.0015011138353	-111.531774589337	0.189549477120724	0.229052609479782	4.86214537250819	15.0015011138353	0.0718679063779645
"249"	248	-3866.96914709516	-3978.84815449598	-3866.96914709516	-111.879007400818	-3866.96914709516	15.0015011138353	-116.741152773327	0.287479506890039	0.343669144977082	4.86214537250819	15.0015011138353	0.0718679063779645
"250"	249	-3866.82390350996	-3974.05022212683	-3866.82390350996	-107.226318616864	-3866.82390350996	15.0015011138353	-112.088463989372	0.176070719403194	0.371070863925443	4.86214537250819	15.0015011138353	0.0723753622411352
"251"	250	-3866.71699955965	-3975.17144199288	-3866.71699955965	-108.454442433234	-3866.71699955965	15.0015011138353	-113.316587805743	0.14900958570876	0.585460055265007	4.86214537250819	15.0015011138353	0.0712005702390928
"252"	251	-3866.61954401457	-3974.72776211466	-3866.61954401457	-108.10821810009	-3866.61954401457	15.0015011138353	-112.970363472598	0.154697317069086	0.175741673042094	4.86214537250819	15.0015011138353	0.0726311708106057
"253"	252	-3866.58615662346	-3974.93017058208	-3866.58615662346	-108.344013958622	-3866.58615662346	15.0015011138353	-113.20615933113	0.166046430898537	0.151914921753065	4.86214537250819	15.0015011138353	0.0707811349538478
"254"	253	-3866.54930334343	-3974.53900256295	-3866.54930334343	-107.989699219519	-3866.54930334343	15.0015011138353	-112.851844592027	0.168723890110476	0.109083009836789	4.86214537250819	15.0015011138353	0.0703464520737375
"255"	254	-3866.43975093482	-3974.39612831674	-3866.43975093482	-107.956377381921	-3866.43975093482	15.0015011138353	-112.818522754429	0.17623024467156	0.101811500639559	4.86214537250819	15.0015011138353	0.068753133277408
"256"	255	-3866.29205519556	-3974.13353255782	-3866.29205519556	-107.84147736226	-3866.29205519556	15.0015011138353	-112.703622734769	0.177733318880605	0.121514561267731	4.86214537250819	15.0015011138353	0.0688849666405837
"257"	256	-3866.12802102177	-3973.90136217583	-3866.12802102177	-107.773341154059	-3866.12802102177	15.0015011138353	-112.635486526567	0.173787515545095	0.177516370712971	4.86214537250819	15.0015011138353	0.0711195584030868
"258"	257	-3866.00860327494	-3974.26236550116	-3866.00860327494	-108.25376222622	-3866.00860327494	15.0015011138353	-113.115907598729	0.14719041151795	0.460173234027735	4.86214537250819	15.0015011138353	0.0698455914931408
"259"	258	-3865.86194520956	-3974.97054096584	-3865.86194520956	-109.108595756287	-3865.86194520956	15.0015011138353	-113.970741128795	0.118176043557532	0.685042927871441	4.86214537250819	15.0015011138353	0.0709003209258388
"260"	259	-3865.75307562238	-3974.14579756198	-3865.75307562238	-108.392721939598	-3865.75307562238	15.0015011138353	-113.254867312106	0.153344163576899	0.598165455965131	4.86214537250819	15.0015011138353	0.0723244419226714
"261"	260	-3865.39062949016	-3972.72857131645	-3865.39062949016	-107.337941826286	-3865.39062949016	15.0015011138353	-112.200087198794	0.140646528915415	0.340754054300583	4.86214537250819	15.0015011138353	0.0710074438974984
"262"	261	-3865.38523666958	-3972.6201580929	-3865.38523666958	-107.234921423323	-3865.38523666958	15.0015011138353	-112.097066795831	0.191952355944999	0.22854964579887	4.86214537250819	15.0015011138353	0.0709086711742445
"263"	262	-3865.14322690442	-3972.46430839306	-3865.14322690442	-107.321081488637	-3865.14322690442	15.0015011138353	-112.183226861146	0.171842027105132	0.115464675977277	4.86214537250819	15.0015011138353	0.0709086711742445
"264"	263	-3865.06852865848	-3974.85329516759	-3865.06852865848	-109.784766509113	-3865.06852865848	15.0015011138353	-114.646911881621	0.19480020127637	0.492107303859167	4.86214537250819	15.0015011138353	0.0710678103748663
"265"	264	-3865.05466135222	-3972.35794855652	-3865.05466135222	-107.303287204304	-3865.05466135222	15.0015011138353	-112.165432576812	0.183692534485509	0.414763306159571	4.86214537250819	15.0015011138353	0.0710678103748663
"266"	265	-3865.0241850953	-3972.27716652474	-3865.0241850953	-107.252981429445	-3865.0241850953	15.0015011138353	-112.115126801953	0.16737075135864	0.514501722342169	4.86214537250819	15.0015011138353	0.0719743381169848
"267"	266	-3864.91835971898	-3971.25047517462	-3864.91835971898	-106.332115455637	-3864.91835971898	15.0015011138353	-111.194260828145	0.195060397427016	0.172313467016598	4.86214537250819	15.0015011138353	0.0726051932932135
"268"	267	-3864.80931816627	-3971.2168809793	-3864.80931816627	-106.407562813031	-3864.80931816627	15.0015011138353	-111.269708185539	0.188979081659156	0.206353803798868	4.86214537250819	15.0015011138353	0.0728210505188027
"269"	268	-3864.79951113472	-3971.00640093859	-3864.79951113472	-106.206889803877	-3864.79951113472	15.0015011138353	-111.069035176385	0.250672623035355	0.0683814872095516	4.86214537250819	15.0015011138353	0.0728210505188027
"270"	269	-3864.70337633439	-3971.01472505721	-3864.70337633439	-106.311348722812	-3864.70337633439	15.0015011138353	-111.17349409532	0.164051968650221	0.472360514382155	4.86214537250819	15.0015011138353	0.072885548621831
"271"	270	-3864.65664834965	-3970.75058982942	-3864.65664834965	-106.093941479769	-3864.65664834965	15.0015011138353	-110.956086852277	0.166729997141986	0.384590415515224	4.86214537250819	15.0015011138353	0.072885548621831
"272"	271	-3864.65123146385	-3969.73722885947	-3864.65123146385	-105.085997395617	-3864.65123146385	14.9995558957156	-110.976199833689	0.204994392651708	0.194576546104294	5.89020243807192	14.9995558957156	0.0736201748892294
"273"	272	-3864.63485427323	-3970.42381662348	-3864.63485427323	-105.78896235025	-3864.63485427323	14.9995558957156	-111.679164788322	0.152802108665999	0.575202346862482	5.89020243807192	14.9995558957156	0.0729395800941618
"274"	273	-3864.62383431533	-3972.83429628837	-3864.62383431533	-108.210461973047	-3864.62383431533	14.9995558957156	-114.100664411119	0.074681380127938	0.657799514215952	5.89020243807192	14.9995558957156	0.0729395800941618
"275"	274	-3864.61114500884	-3973.24781246361	-3864.61114500884	-108.636667454765	-3864.61114500884	14.9995558957156	-114.526869892837	0.0397517480730429	0.845884778705051	5.89020243807192	14.9995558957156	0.0729395800941618
"276"	275	-3864.57714761713	-3973.03448271271	-3864.57714761713	-108.457335095577	-3864.57714761713	14.9995558957156	-114.347537533648	0.0869602640655054	0.80858717726421	5.89020243807192	14.9995558957156	0.0712517901428102
"277"	276	-3864.46131103555	-3971.02232741801	-3864.46131103555	-106.561016382458	-3864.46131103555	14.9995558957156	-112.45121882053	0.188592955145012	0.432285343517958	5.89020243807192	14.9995558957156	0.071399094206478
"278"	277	-3864.32326400376	-3971.55794059631	-3864.32326400376	-107.234676592545	-3864.32326400376	14.9995558957156	-113.124879030617	0.152344007543692	0.518011532759597	5.89020243807192	14.9995558957156	0.0702775316407364
"279"	278	-3864.26779392216	-3970.41876044629	-3864.26779392216	-106.150966524128	-3864.26779392216	14.9995558957156	-112.0411689622	0.171844910505827	0.235828324721036	5.89020243807192	14.9995558957156	0.0713856513584006
"280"	279	-3864.20442353903	-3970.61406852158	-3864.20442353903	-106.409644982553	-3864.20442353903	14.9995558957156	-112.299847420625	0.197283751900554	0.307312196537149	5.89020243807192	14.9995558957156	0.0716850093907726
"281"	280	-3864.11787468381	-3970.26277493893	-3864.11787468381	-106.144900255117	-3864.11787468381	14.9995558957156	-112.035102693189	0.171516532085176	0.254364909529113	5.89020243807192	14.9995558957156	0.0710854799264144
"282"	281	-3863.93861629948	-3969.78460772854	-3863.93861629948	-105.845991429064	-3863.93861629948	14.9995558957156	-111.736193867136	0.19804233114077	0.187512733712015	5.89020243807192	14.9995558957156	0.0705459896765338
"283"	282	-3863.92190134528	-3970.54821503565	-3863.92190134528	-106.626313690365	-3863.92190134528	14.9995558957156	-112.516516128437	0.206766260509543	0.255055726711307	5.89020243807192	14.9995558957156	0.0705459896765338
"284"	283	-3863.91814788357	-3970.83956438365	-3863.91814788357	-106.921416500081	-3863.91814788357	14.9995558957156	-112.811618938153	0.127430291945287	0.532250890672476	5.89020243807192	14.9995558957156	0.0705459896765338
"285"	284	-3863.77926774744	-3972.72056353384	-3863.77926774744	-108.941295786395	-3863.77926774744	14.9995558957156	-114.831498224467	0.103272176521529	0.761289923431115	5.89020243807192	14.9995558957156	0.0705459896765338
"286"	285	-3863.71483706837	-3972.82897974776	-3863.71483706837	-109.114142679389	-3863.71483706837	14.9995558957156	-115.004345117461	0.181944347617469	0.571857258907284	5.89020243807192	14.9995558957156	0.0697022896812508
"287"	286	-3863.64883048793	-3970.09895372792	-3863.64883048793	-106.45012323999	-3863.64883048793	14.9995558957156	-112.340325678062	0.156718106686725	0.412634820254632	5.89020243807192	14.9995558957156	0.070961793377281
"288"	287	-3863.61000522566	-3970.2674142305	-3863.61000522566	-106.657409004843	-3863.61000522566	14.9995558957156	-112.547611442915	0.124220883085727	0.63324678265039	5.89020243807192	14.9995558957156	0.0718186687680494
"289"	288	-3863.52896553816	-3970.65897296202	-3863.52896553816	-107.130007423864	-3863.52896553816	14.9995558957156	-113.020209861936	0.203173131935977	0.435311919208414	5.89020243807192	14.9995558957156	0.0718598065652376
"290"	289	-3863.42130533704	-3970.32415419535	-3863.42130533704	-106.902848858304	-3863.42130533704	14.9995558957156	-112.793051296376	0.203161146391486	0.359921208916941	5.89020243807192	14.9995558957156	0.0711263670463024
"291"	290	-3863.41129674709	-3970.94712653797	-3863.41129674709	-107.535829790877	-3863.41129674709	14.9995558957156	-113.426032228949	0.117681838151165	0.490271571912851	5.89020243807192	14.9995558957156	0.0711263670463024
"292"	291	-3863.36111429105	-3971.31574264495	-3863.36111429105	-107.954628353901	-3863.36111429105	14.9995558957156	-113.844830791973	0.096794812158451	0.667947971439924	5.89020243807192	14.9995558957156	0.0701210729689614
"293"	292	-3863.35516614299	-3970.75837828683	-3863.35516614299	-107.403212143847	-3863.35516614299	14.9995558957156	-113.293414581918	0.164449531973807	0.503070742572715	5.89020243807192	14.9995558957156	0.0701210729689614
"294"	293	-3863.33553139197	-3971.2337667692	-3863.33553139197	-107.89823537723	-3863.33553139197	14.9995558957156	-113.788437815302	0.125316861691554	0.641513827589248	5.89020243807192	14.9995558957156	0.0701210729689614
"295"	294	-3863.33488317651	-3971.49206861333	-3863.33488317651	-108.157185436815	-3863.33488317651	14.9995558957156	-114.047387874887	0.256297933603349	0.130098906534958	5.89020243807192	14.9995558957156	0.0698740188181386
"296"	295	-3863.32323578663	-3969.67453621976	-3863.32323578663	-106.351300433122	-3863.32323578663	14.9995558957156	-112.241502871194	0.230931432670781	0.0413608580283855	5.89020243807192	14.9995558957156	0.0698740188181386
"297"	296	-3863.27278833061	-3970.20258735995	-3863.27278833061	-106.929799029341	-3863.27278833061	14.9995558957156	-112.820001467413	0.187246902632629	0.0141891855524962	5.89020243807192	14.9995558957156	0.0700228916374951
"298"	297	-3863.18073098615	-3970.04788728937	-3863.18073098615	-106.867156303226	-3863.18073098615	14.9995558957156	-112.757358741298	0.209121629791824	0.0184920324644824	5.89020243807192	14.9995558957156	0.0700106074068506
"299"	298	-3863.10895180422	-3970.36793783179	-3863.10895180422	-107.258986027565	-3863.10895180422	14.9995558957156	-113.149188465637	0.174847221133382	0.048162848349688	5.89020243807192	14.9995558957156	0.0697196715065394
"300"	299	-3863.085018078	-3969.91856026427	-3863.085018078	-106.833542186272	-3863.085018078	14.9995558957156	-112.723744624344	0.219183669319021	0.0261387005811829	5.89020243807192	14.9995558957156	0.0697196715065394
"301"	300	-3863.01529417892	-3969.65629320398	-3863.01529417892	-106.640999025062	-3863.01529417892	14.9995558957156	-112.531201463133	0.199075603718827	0.0175903887988109	5.89020243807192	14.9995558957156	0.0694243445263044
"302"	301	-3862.98821122383	-3971.05313455497	-3862.98821122383	-108.064923331134	-3862.98821122383	14.9995558957156	-113.955125769206	0.160744561764905	0.0266954701808613	5.89020243807192	14.9995558957156	0.0699206102891464
"303"	302	-3862.96719356863	-3969.82314936765	-3862.96719356863	-106.855955799017	-3862.96719356863	14.9995558957156	-112.746158237088	0.199311235150892	0.0334844642178155	5.89020243807192	14.9995558957156	0.070059494120749
"304"	303	-3862.96469793223	-3970.57193715742	-3862.96469793223	-107.607239225194	-3862.96469793223	14.9995558957156	-113.497441663266	0.2474753030097	0.0674755273660056	5.89020243807192	14.9995558957156	0.070059494120749
"305"	304	-3862.93411735252	-3969.37647643444	-3862.93411735252	-106.442359081919	-3862.93411735252	14.9995558957156	-112.332561519991	0.206746491007667	0.102482067289599	5.89020243807192	14.9995558957156	0.070059494120749
"306"	305	-3862.90821021153	-3970.17586586736	-3862.90821021153	-107.267655655828	-3862.90821021153	14.9995558957156	-113.1578580939	0.233015356438621	0.117330559833998	5.89020243807192	14.9995558957156	0.070059494120749
"307"	306	-3862.88178723457	-3970.06836340134	-3862.88178723457	-107.186576166765	-3862.88178723457	14.9995558957156	-113.076778604837	0.155605989453085	0.241210863548018	5.89020243807192	14.9995558957156	0.0699718597107652
"308"	307	-3862.86975298499	-3970.35556741256	-3862.86975298499	-107.485814427567	-3862.86975298499	14.9995558957156	-113.376016865638	0.208821972207926	0.349144789806743	5.89020243807192	14.9995558957156	0.069895787071882
"309"	308	-3862.84837007139	-3969.78119924284	-3862.84837007139	-106.932829171448	-3862.84837007139	14.9995558957156	-112.82303160952	0.164671290194213	0.248363969446696	5.89020243807192	14.9995558957156	0.069670351080144
"310"	309	-3862.82840446895	-3969.60521296106	-3862.82840446895	-106.776808492106	-3862.82840446895	14.9995558957156	-112.667010930178	0.155566731528316	0.344543304746736	5.89020243807192	14.9995558957156	0.069670351080144
"311"	310	-3862.81209853504	-3969.51154606476	-3862.81209853504	-106.699447529724	-3862.81209853504	14.9995558957156	-112.589649967796	0.213473789944975	0.0594202887993838	5.89020243807192	14.9995558957156	0.069670351080144
"312"	311	-3862.7939212142	-3970.76967920448	-3862.7939212142	-107.975757990278	-3862.7939212142	14.9995558957156	-113.86596042835	0.161712596090237	0.0338524263581207	5.89020243807192	14.9995558957156	0.0696294798912816
"313"	312	-3862.7920764437	-3969.70865852796	-3862.7920764437	-106.916582084259	-3862.7920764437	14.9995558957156	-112.806784522331	0.224268211850417	0.0543009234408524	5.89020243807192	14.9995558957156	0.0696801482393694
"314"	313	-3862.76427704413	-3970.13283421889	-3862.76427704413	-107.368557174757	-3862.76427704413	14.9995558957156	-113.258759612829	0.242701628442455	0.0381846649516002	5.89020243807192	14.9995558957156	0.0699486466341919
"315"	314	-3862.73351414723	-3969.43492242258	-3862.73351414723	-106.701408275349	-3862.73351414723	14.9996141000495	-112.615765635247	0.185227605493898	0.0996269720826353	5.91435735989752	14.9996141000495	0.0699483752062498
"316"	315	-3862.72107046393	-3971.77719897507	-3862.72107046393	-109.056128511136	-3862.72107046393	14.9984383325707	-113.825542677103	0.173324344104207	0.526294285408568	4.76941416596753	14.9984383325707	0.0699483752062498
"317"	316	-3862.70660265458	-3970.61953480176	-3862.70660265458	-107.912932147176	-3862.70660265458	14.9984383325707	-112.682346313144	0.165599740790286	0.415707786278858	4.76941416596753	14.9984383325707	0.0699483752062498
"318"	317	-3862.69982697145	-3970.78212352987	-3862.69982697145	-108.082296558419	-3862.69982697145	14.9984383325707	-112.851710724387	0.145113432199844	0.343655042599566	4.76941416596753	14.9984383325707	0.0706279988252159
"319"	318	-3862.69383882235	-3970.41372382165	-3862.69383882235	-107.719884999296	-3862.69383882235	14.9984383325707	-112.489299165264	0.162549660572705	0.268617984825994	4.76941416596753	14.9984383325707	0.070601632284962
"320"	319	-3862.68894286875	-3971.06760387332	-3862.68894286875	-108.378661004566	-3862.68894286875	14.9984383325707	-113.148075170534	0.2323169294448	0.199790600150267	4.76941416596753	14.9984383325707	0.070601632284962
"321"	320	-3862.68518130314	-3970.37955267287	-3862.68518130314	-107.694371369723	-3862.68518130314	14.9984383325707	-112.463785535691	0.217643914270898	0.153754211337403	4.76941416596753	14.9984383325707	0.070601632284962
"322"	321	-3862.68250406208	-3970.83277466937	-3862.68250406208	-108.150270607285	-3862.68250406208	14.9984383325707	-112.919684773253	0.238964241996538	0.0681455010174048	4.76941416596753	14.9984383325707	0.0703449519694992
"323"	322	-3862.67475643291	-3971.33424334742	-3862.67475643291	-108.659486914512	-3862.67475643291	14.9984383325707	-113.428901080479	0.203703415579405	0.381611155192584	4.76941416596753	14.9984383325707	0.0703449519694992
"324"	323	-3862.67145103073	-3970.95112042438	-3862.67145103073	-108.279669393656	-3862.67145103073	14.9984383325707	-113.049083559624	0.125008352530476	0.586259543157696	4.76941416596753	14.9984383325707	0.0703449519694992
"325"	324	-3862.66978436192	-3971.17277063222	-3862.66978436192	-108.502986270307	-3862.66978436192	14.9984383325707	-113.272400436275	0.111892040328599	0.584997164920355	4.76941416596753	14.9984383325707	0.0703449519694992
"326"	325	-3862.66573788619	-3970.80307004813	-3862.66573788619	-108.13733216194	-3862.66573788619	14.9984383325707	-112.906746327907	0.169011085764353	0.0926688655008161	4.76941416596753	14.9984383325707	0.0703449519694992
"327"	326	-3862.66331441972	-3972.80254857827	-3862.66331441972	-110.13923415855	-3862.66331441972	15.002198104441	-113.712219337552	0.099277318713184	0.696836801356147	3.5729851790021	15.002198104441	0.0703471200627199
"328"	327	-3862.64655819135	-3971.71241366841	-3862.64655819135	-109.06585547705	-3862.64655819135	15.002198104441	-112.638840656053	0.166406737175047	0.330249470652553	3.5729851790021	15.002198104441	0.0703471200627199
"329"	328	-3862.64537217537	-3972.48646547086	-3862.64537217537	-109.841093295499	-3862.64537217537	15.002198104441	-113.414078474501	0.153911173554439	0.178446411213729	3.5729851790021	15.002198104441	0.0703471200627199
"330"	329	-3862.63939913402	-3971.774281806	-3862.63939913402	-109.13488267198	-3862.63939913402	15.002198104441	-112.707867850982	0.18272490640605	0.0799694134439823	3.5729851790021	15.002198104441	0.0698737374064311
"331"	330	-3862.63751782716	-3971.64906263515	-3862.63751782716	-109.011544807995	-3862.63751782716	15.002198104441	-112.584529986997	0.168309974816589	0.290786009492314	3.5729851790021	15.002198104441	0.0698737374064311
"332"	331	-3862.62842828446	-3971.99872900861	-3862.62842828446	-109.370300724154	-3862.62842828446	15.002198104441	-112.943285903156	0.211337553614215	0.223481314480464	3.5729851790021	15.002198104441	0.0698737374064311
"333"	332	-3862.62775634931	-3972.58869302287	-3862.62775634931	-109.960936673555	-3862.62775634931	15.002198104441	-113.533921852557	0.178088789900796	0.48095576486503	3.5729851790021	15.002198104441	0.0698737374064311
"334"	333	-3862.57028775405	-3972.24151357494	-3862.57028775405	-109.671225820895	-3862.57028775405	15.002198104441	-113.244210999897	0.144192569215364	0.288981470666874	3.5729851790021	15.002198104441	0.0698737374064311
"335"	334	-3862.566410361	-3972.26129064962	-3862.566410361	-109.694880288617	-3862.566410361	15.002198104441	-113.267865467619	0.209881278033223	0.313774067738431	3.5729851790021	15.002198104441	0.0698737374064311
"336"	335	-3862.55401137555	-3973.39799524844	-3862.55401137555	-110.843983872895	-3862.55401137555	15.002198104441	-114.416969051897	0.134959217420582	0.662568408600586	3.5729851790021	15.002198104441	0.0698737374064311
"337"	336	-3862.55186474826	-3973.18291679458	-3862.55186474826	-110.631052046327	-3862.55186474826	15.002198104441	-114.204037225329	0.0917470459132494	0.729084207788287	3.5729851790021	15.002198104441	0.0698737374064311
"338"	337	-3862.55129605796	-3972.4688900705	-3862.55129605796	-109.917594012537	-3862.55129605796	15.002198104441	-113.490579191539	0.13993577767383	0.30310384598251	3.5729851790021	15.002198104441	0.0698737374064311
"339"	338	-3862.54803675304	-3971.62121618881	-3862.54803675304	-109.073179435772	-3862.54803675304	15.002198104441	-112.646164614774	0.176060839794973	0.287493214131764	3.5729851790021	15.002198104441	0.0698737374064311
"340"	339	-3862.54105171674	-3969.07553128499	-3862.54105171674	-106.534479568252	-3862.54105171674	15.0000345962424	-112.522697864034	0.191019145478137	0.164073026895812	5.98821829578187	15.0000345962424	0.0698838155434363
"341"	340	-3862.53599923696	-3969.15688288605	-3862.53599923696	-106.620883649095	-3862.53599923696	15.0000345962424	-112.609101944877	0.186704739198987	0.0525347184205553	5.98821829578187	15.0000345962424	0.0698838155434363
"342"	341	-3862.52629565592	-3969.22451143216	-3862.52629565592	-106.698215776242	-3862.52629565592	15.0000345962424	-112.686434072024	0.236057596472187	0.0110142382232563	5.98821829578187	15.0000345962424	0.0701352388229161
"343"	342	-3862.52575794683	-3968.9884002616	-3862.52575794683	-106.462642314772	-3862.52575794683	15.0000345962424	-112.450860610554	0.203676771935242	0.00873095722574625	5.98821829578187	15.0000345962424	0.0701352388229161
"344"	343	-3862.5196521721	-3969.05211039165	-3862.5196521721	-106.532458219553	-3862.5196521721	15.0000345962424	-112.520676515335	0.218267696424239	0.00818580113595708	5.98821829578187	15.0000345962424	0.0701352388229161
"345"	344	-3862.51359391839	-3969.105426388	-3862.51359391839	-106.591832469612	-3862.51359391839	15.0000345962424	-112.580050765394	0.219693779294324	0.0119136564333981	5.98821829578187	15.0000345962424	0.0700148761016752
"346"	345	-3862.51233793697	-3970.04764711992	-3862.51233793697	-107.535309182943	-3862.51233793697	15.0000345962424	-113.523527478725	0.25666454937171	0.02376944340602	5.98821829578187	15.0000345962424	0.0698323275759682
"347"	346	-3862.51086988766	-3969.66041978501	-3862.51086988766	-107.149549897356	-3862.51086988766	15.0000345962424	-113.137768193138	0.171163040004073	0.0568706396858335	5.98821829578187	15.0000345962424	0.0698729362096495
"348"	347	-3862.50857689921	-3969.09605326283	-3862.50857689921	-106.587476363626	-3862.50857689921	15.0000345962424	-112.575694659408	0.195696071157511	0.229615452329021	5.98821829578187	15.0000345962424	0.0698729362096495
"349"	348	-3862.50657311272	-3969.08516262386	-3862.50657311272	-106.578589511145	-3862.50657311272	15.0000345962424	-112.566807806927	0.181412935179362	0.185349665716575	5.98821829578187	15.0000345962424	0.0698729362096495
"350"	349	-3862.50216172797	-3969.14350650553	-3862.50216172797	-106.641344777563	-3862.50216172797	15.0000345962424	-112.629563073345	0.186394607081538	0.0782385902717974	5.98821829578187	15.0000345962424	0.0698729362096495
"351"	350	-3862.49675916694	-3969.89037142705	-3862.49675916694	-107.393612260111	-3862.49675916694	15.0009366929621	-112.943732153305	0.231911389233775	0.101903985731151	5.550119893194	15.0009366929621	0.069868734328938
"352"	351	-3862.49672505997	-3969.45739900716	-3862.49672505997	-106.960673947194	-3862.49672505997	15.0009366929621	-112.510793840388	0.211195575155441	0.0870693974879177	5.550119893194	15.0009366929621	0.069868734328938
"353"	352	-3862.49380896475	-3969.3499106485	-3862.49380896475	-106.856101683754	-3862.49380896475	15.0009366929621	-112.406221576948	0.196325989839401	0.183928242550137	5.550119893194	15.0009366929621	0.0702355692727808
"354"	353	-3862.48987109426	-3970.06323043467	-3862.48987109426	-107.573359340412	-3862.48987109426	15.0009366929621	-113.123479233606	0.15303043096208	0.532917125326414	5.550119893194	15.0009366929621	0.0702355692727808
"355"	354	-3862.48868984453	-3969.59687747303	-3862.48868984453	-107.108187628496	-3862.48868984453	15.0009366929621	-112.65830752169	0.15800309126842	0.285391181799001	5.550119893194	15.0009366929621	0.0702355692727808
"356"	355	-3862.48645885733	-3969.02028580548	-3862.48645885733	-106.533826948154	-3862.48645885733	15.0003829502932	-112.449318230394	0.214892854251307	0.0711429719974124	5.9154912822401	15.0003829502932	0.0702355692727808
"357"	356	-3862.48611643073	-3970.09715023655	-3862.48611643073	-107.611033805823	-3862.48611643073	15.0003829502932	-113.526525088063	0.140527247867508	0.258943738798057	5.9154912822401	15.0003829502932	0.0702355692727808
"358"	357	-3862.485743725	-3969.84842257265	-3862.485743725	-107.36267884765	-3862.485743725	15.0003829502932	-113.278170129891	0.211117068123669	0.332390526413471	5.9154912822401	15.0003829502932	0.0702355692727808
"359"	358	-3862.48322876649	-3969.70893635955	-3862.48322876649	-107.225707593065	-3862.48322876649	15.0003829502932	-113.141198875305	0.138019432132684	0.341650701702408	5.9154912822401	15.0003829502932	0.0702355692727808
"360"	359	-3862.47569634804	-3969.7228857296	-3862.47569634804	-107.247189381562	-3862.47569634804	15.0003829502932	-113.162680663802	0.148642738187605	0.554069193605812	5.9154912822401	15.0003829502932	0.0702355692727808
"361"	360	-3862.47497344446	-3969.03934794379	-3862.47497344446	-106.564374499338	-3862.47497344446	15.0003829502932	-112.479865781578	0.167583699536691	0.254487554077163	5.9154912822401	15.0003829502932	0.0702355692727808
"362"	361	-3862.47480673842	-3969.44156614861	-3862.47480673842	-106.966759410192	-3862.47480673842	15.0003829502932	-112.882250692432	0.149231934530981	0.515941963111043	5.9154912822401	15.0003829502932	0.0702355692727808
"363"	362	-3862.47325265779	-3970.77167857741	-3862.47325265779	-108.298425919612	-3862.47325265779	15.0003829502932	-114.213917201852	0.211062386486418	0.422969049111113	5.9154912822401	15.0003829502932	0.0704675817787941
"364"	363	-3862.47308292985	-3968.92517723928	-3862.47308292985	-106.452094309429	-3862.47308292985	15.0003829502932	-112.36758559167	0.174335605539208	0.271833619690281	5.9154912822401	15.0003829502932	0.0704675817787941
"365"	364	-3862.47232487098	-3969.54905941771	-3862.47232487098	-107.076734546722	-3862.47232487098	15.0003829502932	-112.992225828963	0.164008515539897	0.113086942396248	5.9154912822401	15.0003829502932	0.0704675817787941
"366"	365	-3862.46247590552	-3968.78522691309	-3862.46247590552	-106.322751007565	-3862.46247590552	15.0003829502932	-112.238242289805	0.200162751516354	0.148629252184835	5.9154912822401	15.0003829502932	0.0704675817787941
"367"	366	-3862.45894904506	-3968.89722744988	-3862.45894904506	-106.438278404824	-3862.45894904506	15.0003829502932	-112.353769687064	0.185520991380515	0.104602221227457	5.9154912822401	15.0003829502932	0.0704675817787941
"368"	367	-3862.45847391513	-3970.62265692699	-3862.45847391513	-108.164183011864	-3862.45847391513	15.0003829502932	-114.079674294104	0.262834308132189	0.129422991288116	5.9154912822401	15.0003829502932	0.0704675817787941
"369"	368	-3862.45823647968	-3969.04138724081	-3862.45823647968	-106.583150761127	-3862.45823647968	15.0003829502932	-112.498642043367	0.227369541553766	0.0611752000686185	5.9154912822401	15.0003829502932	0.0704675817787941
"370"	369	-3862.45789905223	-3969.04597072431	-3862.45789905223	-106.588071672083	-3862.45789905223	15.0003829502932	-112.503562954323	0.229372600260312	0.0170920502243991	5.9154912822401	15.0003829502932	0.0704675817787941
"371"	370	-3862.45553587081	-3969.05951288944	-3862.45553587081	-106.603977018623	-3862.45553587081	15.0003829502932	-112.519468300863	0.228909133481912	0.0156181097533021	5.9154912822401	15.0003829502932	0.0704690711463273
"372"	371	-3862.45552607235	-3968.89416475049	-3862.45552607235	-106.438638678141	-3862.45552607235	15.0003829502932	-112.354129960381	0.21641448307894	0.0188841721479551	5.9154912822401	15.0003829502932	0.0704690711463273
"373"	372	-3862.45436571756	-3968.91667055953	-3862.45436571756	-106.462304841975	-3862.45436571756	15.0003829502932	-112.377796124215	0.199485070645893	0.0123885859060834	5.9154912822401	15.0003829502932	0.0704690711463273
"374"	373	-3862.45403410738	-3970.62769479297	-3862.45403410738	-108.173660685583	-3862.45403410738	15.0003829502932	-114.089151967823	0.275770446236177	0.0153459491202038	5.9154912822401	15.0003829502932	0.0704690711463273
"375"	374	-3862.45390528215	-3968.82924422216	-3862.45390528215	-106.375338940013	-3862.45390528215	15.0003829502932	-112.290830222254	0.217268557567934	0.0358494967959948	5.9154912822401	15.0003829502932	0.0704690711463273
"376"	375	-3862.45355480132	-3968.83528276035	-3862.45355480132	-106.381727959031	-3862.45355480132	15.0003829502932	-112.297219241271	0.215999972222726	0.0478482926752561	5.9154912822401	15.0003829502932	0.0704690711463273
"377"	376	-3862.45353378975	-3968.82127962608	-3862.45353378975	-106.367745836323	-3862.45353378975	15.0003829502932	-112.283237118563	0.212997653884771	0.0724339348049228	5.9154912822401	15.0003829502932	0.0704690711463273
"378"	377	-3862.45294737972	-3969.11970626696	-3862.45294737972	-106.666758887237	-3862.45294737972	15.0003829502932	-112.582250169477	0.161566821898823	0.23793066528913	5.9154912822401	15.0003829502932	0.0704690711463273
"379"	378	-3862.45218648934	-3969.27117951336	-3862.45218648934	-106.818993024022	-3862.45218648934	15.0003829502932	-112.734484306262	0.15556259065087	0.245065974280541	5.9154912822401	15.0003829502932	0.0704690711463273
"380"	379	-3862.45210584691	-3969.15797488423	-3862.45210584691	-106.705869037316	-3862.45210584691	15.0003829502932	-112.621360319556	0.214371616090979	0.220099233874202	5.9154912822401	15.0003829502932	0.0704690711463273
"381"	380	-3862.45176973032	-3969.22572167907	-3862.45176973032	-106.773951948744	-3862.45176973032	15.0003829502932	-112.689443230984	0.240629099128714	0.0351284899936146	5.9154912822401	15.0003829502932	0.0704690711463273
"382"	381	-3862.45029319258	-3968.81195070987	-3862.45029319258	-106.361657517283	-3862.45029319258	15.0003829502932	-112.277148799524	0.220550984225842	0.0516897134445248	5.9154912822401	15.0003829502932	0.0704690711463273
"383"	382	-3862.45014366849	-3968.96703411565	-3862.45014366849	-106.516890447156	-3862.45014366849	15.0003829502932	-112.432381729396	0.184036457566773	0.0628000462021957	5.9154912822401	15.0003829502932	0.0704690711463273
"384"	383	-3862.44915131264	-3969.59000967465	-3862.44915131264	-107.140858362001	-3862.44915131264	15.0003829502932	-113.056349644241	0.170134095395961	0.0342054752000272	5.9154912822401	15.0003829502932	0.0704690711463273
"385"	384	-3862.44901387502	-3968.9340311841	-3862.44901387502	-106.485017309081	-3862.44901387502	15.0003829502932	-112.400508591321	0.198600586647419	0.258360035799716	5.9154912822401	15.0003829502932	0.0705504253682395
"386"	385	-3862.4487747869	-3968.9706672037	-3862.4487747869	-106.521892416798	-3862.4487747869	15.0003829502932	-112.437383699038	0.179845036552253	0.109330965952274	5.9154912822401	15.0003829502932	0.0705504253682395
"387"	386	-3862.4485534881	-3969.80380926143	-3862.4485534881	-107.355255773333	-3862.4485534881	15.0003829502932	-113.270747055573	0.138154102126826	0.298795567542561	5.9154912822401	15.0003829502932	0.0705955671959045
"388"	387	-3862.44819251085	-3968.7388389865	-3862.44819251085	-106.29064647565	-3862.44819251085	15.0003829502932	-112.20613775789	0.208484561181503	0.0602816960485664	5.9154912822401	15.0003829502932	0.0705955671959045
