#
#model:
#
#<?xml version="1.0" encoding="UTF-8" standalone="no"?><input id="posterior" spec="beast.core.util.CompoundDistribution">
#    <distribution id="prior" spec="beast.core.util.CompoundDistribution">
#        <distribution id="BirthDeath.t:mbd_twin" spec="beast.evolution.speciation.BirthDeathGernhard08Model">
#            <parameter id="BDDeathRate.t:mbd_twin" lower="0.0" name="relativeDeathRate" upper="1.0">0.5</parameter>
#            <parameter id="BDBirthRate.t:mbd_twin" lower="0.0" name="birthDiffRate" upper="10000.0">1.0</parameter>
#            <tree id="Tree.t:mbd_twin">
#                <taxonset id="TaxonSet.mbd_twin" spec="beast.evolution.alignment.TaxonSet">
#                </taxonset>
#            </tree>
#        </distribution>
#        <prior id="BirthRatePrior.t:mbd_twin" name="distribution" x="@BDBirthRate.t:mbd_twin">
#            <Uniform id="Uniform.100" name="distr" upper="Infinity"/>
#        </prior>
#        <prior id="DeathRatePrior.t:mbd_twin" name="distribution" x="@BDDeathRate.t:mbd_twin">
#            <Uniform id="Uniform.101" name="distr" upper="Infinity"/>
#        </prior>
#        <prior id="ClockPrior.c:mbd_twin" name="distribution">
#            <parameter id="clockRate.c:mbd_twin" name="x">1.0</parameter>
#            <Uniform id="Uniform.150" name="distr" upper="Infinity"/>
#        </prior>
#        <distribution id="auto_name_1.prior" monophyletic="true" spec="beast.math.distributions.MRCAPrior" tree="@Tree.t:mbd_twin">
#            <taxonset id="auto_name_1" spec="beast.evolution.alignment.TaxonSet">
#                <taxon id="t1" spec="beast.evolution.alignment.Taxon"/>
#                <taxon id="t70" spec="beast.evolution.alignment.Taxon"/>
#                <taxon id="t62" spec="beast.evolution.alignment.Taxon"/>
#                <taxon id="t40" spec="beast.evolution.alignment.Taxon"/>
#                <taxon id="t83" spec="beast.evolution.alignment.Taxon"/>
#                <taxon id="t58" spec="beast.evolution.alignment.Taxon"/>
#                <taxon id="t32" spec="beast.evolution.alignment.Taxon"/>
#                <taxon id="t74" spec="beast.evolution.alignment.Taxon"/>
#                <taxon id="t16" spec="beast.evolution.alignment.Taxon"/>
#                <taxon id="t86" spec="beast.evolution.alignment.Taxon"/>
#                <taxon id="t81" spec="beast.evolution.alignment.Taxon"/>
#                <taxon id="t72" spec="beast.evolution.alignment.Taxon"/>
#                <taxon id="t27" spec="beast.evolution.alignment.Taxon"/>
#                <taxon id="t65" spec="beast.evolution.alignment.Taxon"/>
#                <taxon id="t43" spec="beast.evolution.alignment.Taxon"/>
#                <taxon id="t13" spec="beast.evolution.alignment.Taxon"/>
#                <taxon id="t69" spec="beast.evolution.alignment.Taxon"/>
#                <taxon id="t68" spec="beast.evolution.alignment.Taxon"/>
#                <taxon id="t73" spec="beast.evolution.alignment.Taxon"/>
#                <taxon id="t85" spec="beast.evolution.alignment.Taxon"/>
#                <taxon id="t38" spec="beast.evolution.alignment.Taxon"/>
#                <taxon id="t79" spec="beast.evolution.alignment.Taxon"/>
#                <taxon id="t22" spec="beast.evolution.alignment.Taxon"/>
#                <taxon id="t35" spec="beast.evolution.alignment.Taxon"/>
#                <taxon id="t77" spec="beast.evolution.alignment.Taxon"/>
#                <taxon id="t76" spec="beast.evolution.alignment.Taxon"/>
#                <taxon id="t28" spec="beast.evolution.alignment.Taxon"/>
#                <taxon id="t80" spec="beast.evolution.alignment.Taxon"/>
#                <taxon id="t56" spec="beast.evolution.alignment.Taxon"/>
#                <taxon id="t49" spec="beast.evolution.alignment.Taxon"/>
#                <taxon id="t59" spec="beast.evolution.alignment.Taxon"/>
#                <taxon id="t78" spec="beast.evolution.alignment.Taxon"/>
#                <taxon id="t71" spec="beast.evolution.alignment.Taxon"/>
#                <taxon id="t14" spec="beast.evolution.alignment.Taxon"/>
#                <taxon id="t54" spec="beast.evolution.alignment.Taxon"/>
#                <taxon id="t30" spec="beast.evolution.alignment.Taxon"/>
#                <taxon id="t44" spec="beast.evolution.alignment.Taxon"/>
#                <taxon id="t75" spec="beast.evolution.alignment.Taxon"/>
#                <taxon id="t82" spec="beast.evolution.alignment.Taxon"/>
#                <taxon id="t52" spec="beast.evolution.alignment.Taxon"/>
#                <taxon id="t87" spec="beast.evolution.alignment.Taxon"/>
#                <taxon id="t57" spec="beast.evolution.alignment.Taxon"/>
#                <taxon id="t36" spec="beast.evolution.alignment.Taxon"/>
#                <taxon id="t15" spec="beast.evolution.alignment.Taxon"/>
#                <taxon id="t64" spec="beast.evolution.alignment.Taxon"/>
#            </taxonset>
#            <Normal id="Normal.151" name="distr">
#                <parameter estimate="false" id="RealParameter.300" name="mean">15.0</parameter>
#                <parameter estimate="false" id="RealParameter.301" name="sigma">1.0E-4</parameter>
#            </Normal>
#        </distribution>
#    </distribution>
#    <distribution id="likelihood" spec="beast.core.util.CompoundDistribution" useThreads="true">
#        <distribution data="@mbd_twin" id="treeLikelihood.mbd_twin" spec="beast.evolution.likelihood.ThreadedTreeLikelihood" tree="@Tree.t:mbd_twin">
#            <siteModel id="SiteModel.s:mbd_twin" spec="beast.evolution.sitemodel.SiteModel">
#                <parameter estimate="false" id="mutationRate.s:mbd_twin" name="mutationRate">1.0</parameter>
#                <parameter estimate="false" id="gammaShape.s:mbd_twin" name="shape">1.0</parameter>
#                <parameter estimate="false" id="proportionInvariant.s:mbd_twin" lower="0.0" name="proportionInvariant" upper="1.0">0.0</parameter>
#                <substModel id="JC69.s:mbd_twin" spec="beast.evolution.substitutionmodel.JukesCantor"/>
#            </siteModel>
#            <branchRateModel clock.rate="@clockRate.c:mbd_twin" id="StrictClock.c:mbd_twin" spec="beast.evolution.branchratemodel.StrictClockModel"/>
#        </distribution>
#    </distribution>
#</input>
#
Sample	posterior	likelihood	prior	treeLikelihood	TreeHeight	BirthDeath	BDBirthRate	BDDeathRate	logP(mrca(auto_name_1))	mrcatime(auto_name_1)	clockRate
0	-9.916771686438364E9	-753.7081373569425	-9.916770932730227E9	-753.7081373569425	0.9168391623645132	17.913865225606976	1.07715865412399	0.5	-9.916770950644093E9	0.9168391623645132	1.0
1000	-67507.87487434714	-510.71238715892014	-66997.16248718822	-510.71238715892014	15.036599224061764	-30.293792868078228	0.5796438951567658	0.806132257839207	-66966.86869432015	15.036599224061764	0.5215654040767423
2000	-67461.90139649842	-462.9737096219913	-66998.92768687643	-462.9737096219913	15.036599224061764	-32.05899255627676	0.44307402008954294	0.7986744245270203	-66966.86869432015	15.036599224061764	0.3716366066871168
3000	-67424.62546494024	-417.7303074962489	-67006.89515744399	-417.7303074962489	15.036599224061764	-40.02646312383655	0.26907927343096627	0.8028133437297862	-66966.86869432015	15.036599224061764	0.29278320348549414
