#
#model:
#
#<?xml version="1.0" encoding="UTF-8" standalone="no"?><input id="posterior" spec="beast.core.util.CompoundDistribution">
#    <distribution id="prior" spec="beast.core.util.CompoundDistribution">
#        <distribution id="YuleModel.t:mbd_twin" spec="beast.evolution.speciation.YuleModel">
#            <parameter id="birthRate.t:mbd_twin" name="birthDiffRate">1.0</parameter>
#            <tree id="Tree.t:mbd_twin">
#                <taxonset id="TaxonSet.mbd_twin" spec="beast.evolution.alignment.TaxonSet">
#                </taxonset>
#            </tree>
#        </distribution>
#        <prior id="YuleBirthRatePrior.t:mbd_twin" name="distribution" x="@birthRate.t:mbd_twin">
#            <Uniform id="Uniform.100" name="distr" upper="Infinity"/>
#        </prior>
#        <prior id="ClockPrior.c:mbd_twin" name="distribution">
#            <parameter id="clockRate.c:mbd_twin" name="x">1.0</parameter>
#            <Uniform id="Uniform.150" name="distr" upper="Infinity"/>
#        </prior>
#        <distribution id="auto_name_1.prior" monophyletic="true" spec="beast.math.distributions.MRCAPrior" tree="@Tree.t:mbd_twin">
#            <taxonset id="auto_name_1" spec="beast.evolution.alignment.TaxonSet">
#                <taxon id="t1" spec="beast.evolution.alignment.Taxon"/>
#                <taxon id="t70" spec="beast.evolution.alignment.Taxon"/>
#                <taxon id="t62" spec="beast.evolution.alignment.Taxon"/>
#                <taxon id="t40" spec="beast.evolution.alignment.Taxon"/>
#                <taxon id="t83" spec="beast.evolution.alignment.Taxon"/>
#                <taxon id="t58" spec="beast.evolution.alignment.Taxon"/>
#                <taxon id="t32" spec="beast.evolution.alignment.Taxon"/>
#                <taxon id="t74" spec="beast.evolution.alignment.Taxon"/>
#                <taxon id="t16" spec="beast.evolution.alignment.Taxon"/>
#                <taxon id="t86" spec="beast.evolution.alignment.Taxon"/>
#                <taxon id="t81" spec="beast.evolution.alignment.Taxon"/>
#                <taxon id="t72" spec="beast.evolution.alignment.Taxon"/>
#                <taxon id="t27" spec="beast.evolution.alignment.Taxon"/>
#                <taxon id="t65" spec="beast.evolution.alignment.Taxon"/>
#                <taxon id="t43" spec="beast.evolution.alignment.Taxon"/>
#                <taxon id="t13" spec="beast.evolution.alignment.Taxon"/>
#                <taxon id="t69" spec="beast.evolution.alignment.Taxon"/>
#                <taxon id="t68" spec="beast.evolution.alignment.Taxon"/>
#                <taxon id="t73" spec="beast.evolution.alignment.Taxon"/>
#                <taxon id="t85" spec="beast.evolution.alignment.Taxon"/>
#                <taxon id="t38" spec="beast.evolution.alignment.Taxon"/>
#                <taxon id="t79" spec="beast.evolution.alignment.Taxon"/>
#                <taxon id="t22" spec="beast.evolution.alignment.Taxon"/>
#                <taxon id="t35" spec="beast.evolution.alignment.Taxon"/>
#                <taxon id="t77" spec="beast.evolution.alignment.Taxon"/>
#                <taxon id="t76" spec="beast.evolution.alignment.Taxon"/>
#                <taxon id="t28" spec="beast.evolution.alignment.Taxon"/>
#                <taxon id="t80" spec="beast.evolution.alignment.Taxon"/>
#                <taxon id="t56" spec="beast.evolution.alignment.Taxon"/>
#                <taxon id="t49" spec="beast.evolution.alignment.Taxon"/>
#                <taxon id="t59" spec="beast.evolution.alignment.Taxon"/>
#                <taxon id="t78" spec="beast.evolution.alignment.Taxon"/>
#                <taxon id="t71" spec="beast.evolution.alignment.Taxon"/>
#                <taxon id="t14" spec="beast.evolution.alignment.Taxon"/>
#                <taxon id="t54" spec="beast.evolution.alignment.Taxon"/>
#                <taxon id="t30" spec="beast.evolution.alignment.Taxon"/>
#                <taxon id="t44" spec="beast.evolution.alignment.Taxon"/>
#                <taxon id="t75" spec="beast.evolution.alignment.Taxon"/>
#                <taxon id="t82" spec="beast.evolution.alignment.Taxon"/>
#                <taxon id="t52" spec="beast.evolution.alignment.Taxon"/>
#                <taxon id="t87" spec="beast.evolution.alignment.Taxon"/>
#                <taxon id="t57" spec="beast.evolution.alignment.Taxon"/>
#                <taxon id="t36" spec="beast.evolution.alignment.Taxon"/>
#                <taxon id="t15" spec="beast.evolution.alignment.Taxon"/>
#                <taxon id="t64" spec="beast.evolution.alignment.Taxon"/>
#            </taxonset>
#            <Normal id="Normal.151" name="distr">
#                <parameter estimate="false" id="RealParameter.300" name="mean">15.0</parameter>
#                <parameter estimate="false" id="RealParameter.301" name="sigma">1.0E-4</parameter>
#            </Normal>
#        </distribution>
#    </distribution>
#    <distribution id="likelihood" spec="beast.core.util.CompoundDistribution" useThreads="true">
#        <distribution data="@mbd_twin" id="treeLikelihood.mbd_twin" spec="beast.evolution.likelihood.ThreadedTreeLikelihood" tree="@Tree.t:mbd_twin">
#            <siteModel id="SiteModel.s:mbd_twin" spec="beast.evolution.sitemodel.SiteModel">
#                <parameter estimate="false" id="mutationRate.s:mbd_twin" name="mutationRate">1.0</parameter>
#                <parameter estimate="false" id="gammaShape.s:mbd_twin" name="shape">1.0</parameter>
#                <parameter estimate="false" id="proportionInvariant.s:mbd_twin" lower="0.0" name="proportionInvariant" upper="1.0">0.0</parameter>
#                <substModel id="JC69.s:mbd_twin" spec="beast.evolution.substitutionmodel.JukesCantor"/>
#            </siteModel>
#            <branchRateModel clock.rate="@clockRate.c:mbd_twin" id="StrictClock.c:mbd_twin" spec="beast.evolution.branchratemodel.StrictClockModel"/>
#        </distribution>
#    </distribution>
#</input>
#
Sample	posterior	likelihood	prior	treeLikelihood	TreeHeight	YuleModel	birthRate	logP(mrca(auto_name_1))	mrcatime(auto_name_1)	clockRate
0	-9.916771983414059E9	-1028.964588235353	-9.91677095444947E9	-1028.964588235353	0.9168391623645132	-3.8053785523881403	1.07715865412399	-9.916770950644093E9	0.9168391623645132	1.0
1000	-41437.348825804795	-674.2958145954315	-40763.05301120936	-674.2958145954315	15.028534982162993	-59.08406093108189	1.1630491353872328	-40703.96895027828	15.028534982162993	0.6245576549237666
2000	-5704.039200796499	-599.8093633745721	-5104.229837421927	-599.8093633745721	14.989952440695559	-64.84884044762995	0.8749841726952902	-5039.380996974297	14.989952440695559	0.3158663950240792
3000	-5689.761984742436	-587.403586496486	-5102.3583982459495	-587.403586496486	14.989952440695559	-62.977401271652774	0.7291254842439526	-5039.380996974297	14.989952440695559	0.3040271724676522
