"Sample"	"NSlikelihood"	"posterior"	"likelihood"	"prior"	"treeLikelihood.file66a54de85737"	"TreeHeight"	"BirthDeath"	"BDBirthRate"	"BDDeathRate"	"logP.mrca.auto_name_1.."	"mrca.age.auto_name_1."	"clockRate"
"1"	0	-6358.62641195511	-8970.69437679729	-6358.62641195511	-2612.06796484218	-6358.62641195511	14.9284222186246	-56.3673882791483	0.50828443307049	0.298702657101074	-2555.70057656303	14.9284222186246	2.10905178974411
"2"	1	-6037.15950846222	-8663.14952716097	-6037.15950846222	-2625.99001869875	-6037.15950846222	14.9284222186246	-70.2894421357167	0.275757069804987	0.63565135766375	-2555.70057656303	14.9284222186246	3.46590419223979
"3"	2	-6032.07577667411	-6893.98960057574	-6032.07577667411	-861.913823901621	-6032.07577667411	15.0400899901177	-64.2989868280499	0.242766878648247	0.811182083495162	-797.614837073571	15.0400899901177	5.42075533192951
"4"	3	-5929.14239646068	-6766.23956977028	-5929.14239646068	-837.097173309596	-5929.14239646068	15.0400899901177	-39.4823362360249	0.203151465960504	0.886190041456633	-797.614837073571	15.0400899901177	4.54775429245321
"5"	4	-5923.32479648732	-6460.96675036914	-5923.32479648732	-537.641953881815	-5923.32479648732	15.0315290184273	-46.5912691316929	0.172714565739516	0.936734337639322	-491.050684750122	15.0315290184273	6.54767715022251
"6"	5	-5867.90113644908	-6397.84227467385	-5867.90113644908	-529.94113822477	-5867.90113644908	15.0315290184273	-38.8904534746483	0.120233199814898	0.964499188855428	-491.050684750122	15.0315290184273	6.23599488797113
"7"	6	-5853.19410826742	-6335.88396148742	-5853.19410826742	-482.689853220005	-5853.19410826742	15.0294961540071	-53.6671193608046	0.147765494043104	0.933483827935446	-429.0227338592	15.0294961540071	3.58227759445678
"8"	7	-5846.45152726359	-6057.19089578372	-5846.45152726359	-210.739368520127	-5846.45152726359	14.9812372495819	-40.707783639852	0.226659050577362	0.935663675237818	-170.031584880275	14.9812372495819	4.54218722296409
"9"	8	-5842.38002217977	-6055.62653598198	-5842.38002217977	-213.246513802208	-5842.38002217977	14.9812372495819	-43.2149289219332	0.197361475449199	0.911852279727713	-170.031584880275	14.9812372495819	7.56138495077521
"10"	9	-5697.06009135703	-5904.56024102142	-5697.06009135703	-207.500149664388	-5697.06009135703	14.9812372495819	-37.4685647841133	0.17733556126743	0.951070301930223	-170.031584880275	14.9812372495819	4.04613819190333
"11"	10	-5661.76654414416	-5866.03393681749	-5661.76654414416	-204.267392673337	-5661.76654414416	14.9812372495819	-34.2358077930622	0.0711647908238472	0.969542712829283	-170.031584880275	14.9812372495819	2.70226568332009
"12"	11	-5646.60686726262	-5855.58671100787	-5646.60686726262	-208.979843745251	-5646.60686726262	14.9812372495819	-38.9482588649757	0.209567222162307	0.903463267079121	-170.031584880275	14.9812372495819	1.58171695918581
"13"	12	-5640.2237776961	-5716.73669963886	-5640.2237776961	-76.5129219427604	-5640.2237776961	14.990913431478	-41.2188749355927	0.182558473524689	0.922941995470265	-35.2940470071677	14.990913431478	1.3628878422622
"14"	13	-5639.99345458031	-5716.29643461433	-5639.99345458031	-76.302980034026	-5639.99345458031	14.990913431478	-41.0089330268583	0.224482880475496	0.92636662151466	-35.2940470071677	14.990913431478	2.53501951083751
"15"	14	-5630.12214751024	-5719.87653571152	-5630.12214751024	-89.7543882012854	-5630.12214751024	14.990913431478	-54.4603411941177	0.129492905506021	0.930988431849693	-35.2940470071677	14.990913431478	2.21921015493629
"16"	15	-5619.69010014914	-5678.04070499148	-5619.69010014914	-58.3506048423334	-5619.69010014914	14.9950790433071	-52.2315142012054	0.114887240965175	0.914321848893822	-6.11909064112793	14.9950790433071	2.84792099162186
"17"	16	-5607.21623909521	-5680.64114732397	-5607.21623909521	-73.4249082287521	-5607.21623909521	14.9950790433071	-67.3058175876242	0.132381359465475	0.883090108430849	-6.11909064112793	14.9950790433071	2.53468353895191
"18"	17	-5595.9405312947	-5663.49365749798	-5595.9405312947	-67.5531262032765	-5595.9405312947	14.9950790433071	-61.4340355621486	0.273159453784699	0.833129322417085	-6.11909064112793	14.9950790433071	1.76311874343288
"19"	18	-5574.09381191994	-5635.48749200732	-5574.09381191994	-61.3936800873809	-5574.09381191994	14.9966421238378	-61.7448306726739	0.214479619146645	0.905932826003592	0.351150585292986	14.9966421238378	2.20080518225354
"20"	19	-5518.32533275238	-5565.75934946916	-5518.32533275238	-47.4340167167717	-5518.32533275238	14.9966421238378	-47.7851673020647	0.0520006258690427	0.974125181614879	0.351150585292986	14.9966421238378	1.6496009435288
"21"	20	-5515.79876820182	-5571.16522292275	-5515.79876820182	-55.366454720934	-5515.79876820182	14.9966421238378	-55.717605306227	0.0525820871381845	0.965644512913092	0.351150585292986	14.9966421238378	2.42275665440699
"22"	21	-5469.29748130978	-5554.75101922039	-5469.29748130978	-85.4535379106077	-5469.29748130978	14.9966421238378	-85.8046884959007	0.0233491126596332	0.973894330446078	0.351150585292986	14.9966421238378	1.76419670537828
"23"	22	-5460.28737305257	-5527.30061619668	-5460.28737305257	-67.0132431441079	-5460.28737305257	14.9966421238378	-67.3643937294009	0.0236186282667212	0.984087953859672	0.351150585292986	14.9966421238378	0.707722863564675
"24"	23	-5444.65416128888	-5497.52512329099	-5444.65416128888	-52.8709620021111	-5444.65416128888	14.9966421238378	-53.2221125874041	0.0258710594091366	0.984087953859672	0.351150585292986	14.9966421238378	2.04659966452906
"25"	24	-5417.76811049892	-5459.2275222747	-5417.76811049892	-41.4594117757804	-5417.76811049892	14.9966421238378	-41.8105623610734	0.0526903705865669	0.984087953859672	0.351150585292986	14.9966421238378	3.48791190151983
"26"	25	-5409.70156007231	-5461.70459598197	-5409.70156007231	-52.0030359096637	-5409.70156007231	14.9966421238378	-52.3541864949567	0.0428411490132133	0.978767346650325	0.351150585292986	14.9966421238378	2.08975960355476
"27"	26	-5373.70999279686	-5418.01418770955	-5373.70999279686	-44.3041949126901	-5373.70999279686	14.9966421238378	-44.6553454979831	0.0708709938769736	0.978767346650325	0.351150585292986	14.9966421238378	2.61108687415932
"28"	27	-5362.0049551111	-5389.08636813168	-5362.0049551111	-27.0814130205811	-5362.0049551111	14.9966421238378	-27.432563605874	0.0934903284800231	0.971004336012101	0.351150585292986	14.9966421238378	2.9029397121448
"29"	28	-5333.23133334657	-5367.44011325875	-5333.23133334657	-34.2087799121756	-5333.23133334657	14.9966421238378	-34.5599304974686	0.145222606113244	0.94109570161583	0.351150585292986	14.9966421238378	1.76154069240073
"30"	29	-5321.67239034415	-5344.15934715783	-5321.67239034415	-22.48695681368	-5321.67239034415	14.9966421238378	-22.838107398973	0.218761136010286	0.939092654134975	0.351150585292986	14.9966421238378	2.80049461027598
"31"	30	-5313.37535555106	-5336.55370559519	-5313.37535555106	-23.1783500441279	-5313.37535555106	14.9966421238378	-23.5295006294209	0.110572664053852	0.947339545501981	0.351150585292986	14.9966421238378	1.62675185474533
"32"	31	-5291.79633646015	-5315.24244409579	-5291.79633646015	-23.4461076356356	-5291.79633646015	14.9966421238378	-23.7972582209286	0.171026172115004	0.957021848949811	0.351150585292986	14.9966421238378	1.48100215661092
"33"	32	-5273.03437647946	-5303.10165174684	-5273.03437647946	-30.0672752673857	-5273.03437647946	14.9966421238378	-30.4184258526787	0.112252914646396	0.962954853551001	0.351150585292986	14.9966421238378	1.65333940997614
"34"	33	-5272.17810081155	-5294.54868308906	-5272.17810081155	-22.3705822775137	-5272.17810081155	14.9966421238378	-22.7217328628067	0.14989809679548	0.945854951495088	0.351150585292986	14.9966421238378	1.93748141309678
"35"	34	-5242.74347769284	-5265.49017696681	-5242.74347769284	-22.7466992739641	-5242.74347769284	14.9966421238378	-23.0978498592571	0.117913144437563	0.957978790093205	0.351150585292986	14.9966421238378	2.8532161715453
"36"	35	-5227.82365738288	-5250.18348011592	-5227.82365738288	-22.3598227330335	-5227.82365738288	14.9966421238378	-22.7109733183264	0.257422229941906	0.940342586010388	0.351150585292986	14.9966421238378	1.88313826204377
"37"	36	-5220.28248734829	-5242.31868836182	-5220.28248734829	-22.0362010135312	-5220.28248734829	14.9966421238378	-22.3873515988242	0.319753953731321	0.880684293269694	0.351150585292986	14.9966421238378	1.84088720216201
"38"	37	-5149.44619822608	-5165.64677251468	-5149.44619822608	-16.2005742886053	-5149.44619822608	14.9966421238378	-16.5517248738983	0.300763286505265	0.927805800140351	0.351150585292986	14.9966421238378	1.85589819121376
"39"	38	-5138.12721692267	-5151.17943420071	-5138.12721692267	-13.0522172780479	-5138.12721692267	14.9966421238378	-13.4033678633409	0.404621599974028	0.913410939686876	0.351150585292986	14.9966421238378	2.49644395845086
"40"	39	-5098.5411214779	-5116.7987271622	-5098.5411214779	-18.2576056842952	-5098.5411214779	14.9966421238378	-18.6087562695882	0.212054013968659	0.948052930413813	0.351150585292986	14.9966421238378	1.83038581637819
"41"	40	-5097.54268992293	-5120.18021854525	-5097.54268992293	-22.6375286223207	-5097.54268992293	14.9966421238378	-22.9886792076137	0.124745023373072	0.96681102411489	0.351150585292986	14.9966421238378	2.09829393342367
"42"	41	-5083.12419225148	-5124.92983584262	-5083.12419225148	-41.8056435911425	-5083.12419225148	14.9966421238378	-42.1567941764354	0.111907082579568	0.968260711340916	0.351150585292986	14.9966421238378	2.22671542829809
"43"	42	-5071.89061558693	-5119.15454269382	-5071.89061558693	-47.2639271068903	-5071.89061558693	14.9966421238378	-47.6150776921833	0.151539036584974	0.955814555269199	0.351150585292986	14.9966421238378	2.28279656042547
"44"	43	-5052.51157465528	-5093.38690717369	-5052.51157465528	-40.8753325184111	-5052.51157465528	14.9966421238378	-41.2264831037041	0.100885444046893	0.962986577760044	0.351150585292986	14.9966421238378	1.44929943608248
"45"	44	-4974.81277024013	-5027.8448276469	-4974.81277024013	-53.0320574067696	-4974.81277024013	14.9966421238378	-53.3832079920626	0.168879068760164	0.928595894589231	0.351150585292986	14.9966421238378	0.977585578030202
"46"	45	-4921.92772647112	-4981.12086237497	-4921.92772647112	-59.1931359038576	-4921.92772647112	14.9966421238378	-59.5442864891506	0.0481431339281002	0.964931306674607	0.351150585292986	14.9966421238378	0.79505473807896
"47"	46	-4917.08707665431	-4973.59773068645	-4917.08707665431	-56.5106540321413	-4917.08707665431	14.9966421238378	-56.8618046174343	0.0934288680622854	0.927044965400964	0.351150585292986	14.9966421238378	0.599570676437184
"48"	47	-4856.91303732991	-4913.43316372543	-4856.91303732991	-56.520126395524	-4856.91303732991	14.9966421238378	-56.871276980817	0.0934696316387116	0.929416710864101	0.351150585292986	14.9966421238378	0.595183325006803
"49"	48	-4802.34667514004	-4865.78897051642	-4802.34667514004	-63.4422953763748	-4802.34667514004	14.9966421238378	-63.7934459616678	0.0841398157831386	0.925313586972193	0.351150585292986	14.9966421238378	0.559790330930522
"50"	49	-4801.48811190053	-4871.03426320392	-4801.48811190053	-69.5461513033891	-4801.48811190053	14.9966421238378	-69.8973018886821	0.0790638662783035	0.933438221877467	0.351150585292986	14.9966421238378	0.448835581535762
"51"	50	-4793.00278103458	-4854.43241016659	-4793.00278103458	-61.4296291320129	-4793.00278103458	14.9966421238378	-61.7807797173059	0.111801300595617	0.925787488753431	0.351150585292986	14.9966421238378	0.503339601841454
"52"	51	-4776.84591212084	-4829.26098460506	-4776.84591212084	-52.4150724842124	-4776.84591212084	14.9966421238378	-52.7662230695054	0.103139108339085	0.921693727535946	0.351150585292986	14.9966421238378	0.550034075204979
"53"	52	-4766.98700904906	-4820.19859575533	-4766.98700904906	-53.2115867062637	-4766.98700904906	14.9966421238378	-53.5627372915567	0.0694247419063081	0.954211606716222	0.351150585292986	14.9966421238378	0.674909693030899
"54"	53	-4722.89678017186	-4779.87839898875	-4722.89678017186	-56.9816188168956	-4722.89678017186	14.9966421238378	-57.3327694021886	0.0790770692363358	0.959719146708223	0.351150585292986	14.9966421238378	0.523381674216669
"55"	54	-4704.20287689734	-4752.12469286746	-4704.20287689734	-47.9218159701237	-4704.20287689734	14.9966421238378	-48.2729665554167	0.110026866132279	0.931995387161045	0.351150585292986	14.9966421238378	0.66556366220488
"56"	55	-4697.7641444725	-4761.61214361301	-4697.7641444725	-63.8479991405096	-4697.7641444725	14.9966421238378	-64.1991497258026	0.0787189379050995	0.948077215115927	0.351150585292986	14.9966421238378	0.665283196812633
"57"	56	-4664.25343447222	-4722.54774095224	-4664.25343447222	-58.2943064800195	-4664.25343447222	15.0016089393206	-62.9887803571091	0.0894730785920448	0.953589636416913	4.6944738770896	15.0016089393206	0.419733759682847
"58"	57	-4657.26959987672	-4722.06611374025	-4657.26959987672	-64.7965138635227	-4657.26959987672	15.0016089393206	-69.4909877406123	0.127565484526918	0.909263321445563	4.6944738770896	15.0016089393206	0.576058820073434
"59"	58	-4554.50758793965	-4634.24449985387	-4554.50758793965	-79.7369119142254	-4554.50758793965	15.0016089393206	-84.431385791315	0.155582111819732	0.811915802099989	4.6944738770896	15.0016089393206	0.363580871327228
"60"	59	-4552.85042389536	-4626.77170573398	-4552.85042389536	-73.9212818386244	-4552.85042389536	15.0016089393206	-78.615755715714	0.149297835504344	0.738118921570626	4.6944738770896	15.0016089393206	0.349437096032037
"61"	60	-4538.90515229441	-4602.47085052871	-4538.90515229441	-63.565698234302	-4538.90515229441	15.0013682084147	-68.6185178469908	0.151550167784727	0.889039229386091	5.05281961268879	15.0013682084147	0.51749113119047
"62"	61	-4530.89577233976	-4587.34281847164	-4530.89577233976	-56.4470461318799	-4530.89577233976	15.0013682084147	-61.4998657445687	0.224900834451121	0.814829879605613	5.05281961268879	15.0013682084147	0.355891294714241
"63"	62	-4513.29267597767	-4579.94903165633	-4513.29267597767	-66.6563556786548	-4513.29267597767	15.0013682084147	-71.7091752913436	0.144477193293358	0.757271330810267	5.05281961268879	15.0013682084147	0.401149610244435
"64"	63	-4509.85530500277	-4579.73549146269	-4509.85530500277	-69.8801864599153	-4509.85530500277	15.0013682084147	-74.9330060726041	0.188379046130262	0.855823361922511	5.05281961268879	15.0013682084147	0.430653472916038
"65"	64	-4506.7326717689	-4568.72254003341	-4506.7326717689	-61.9898682645102	-4506.7326717689	15.0013682084147	-67.0426878771989	0.108611357218904	0.872132019652626	5.05281961268879	15.0013682084147	0.349209691250324
"66"	65	-4487.13864567189	-4554.00598361111	-4487.13864567189	-66.8673379392213	-4487.13864567189	15.0013682084147	-71.9201575519101	0.095025468517161	0.868699557041681	5.05281961268879	15.0013682084147	0.36226273713033
"67"	66	-4482.91963344835	-4544.59518010828	-4482.91963344835	-61.6755466599296	-4482.91963344835	15.0013682084147	-66.7283662726184	0.0875150008627778	0.905078965023801	5.05281961268879	15.0013682084147	0.409846781937744
"68"	67	-4459.15146302	-4521.5151808368	-4459.15146302	-62.363717816806	-4459.15146302	14.9992555077149	-68.0754001812962	0.0757162450772873	0.904633184284883	5.71168236449019	14.9992555077149	0.284187148921185
"69"	68	-4445.12402245274	-4509.86132559012	-4445.12402245274	-64.737303137377	-4445.12402245274	14.9992555077149	-70.4489855018672	0.103179880346456	0.916930056899536	5.71168236449019	14.9992555077149	0.304813695322091
"70"	69	-4443.87681284739	-4507.57193736729	-4443.87681284739	-63.6951245198977	-4443.87681284739	14.9992555077149	-69.4068068843879	0.245483738091724	0.697896849215564	5.71168236449019	14.9992555077149	0.392110277282224
"71"	70	-4441.56362196576	-4501.52147998129	-4441.56362196576	-59.9578580155367	-4441.56362196576	14.9992555077149	-65.6695403800268	0.409015461500247	0.516039758806673	5.71168236449019	14.9992555077149	0.485418778983994
"72"	71	-4440.07804169766	-4502.83872565202	-4440.07804169766	-62.760683954358	-4440.07804169766	14.9992555077149	-68.4723663188482	0.364678239630571	0.47067019235249	5.71168236449019	14.9992555077149	0.408811736488438
"73"	72	-4428.28318999878	-4491.89320530979	-4428.28318999878	-63.6100153110157	-4428.28318999878	14.9992555077149	-69.3216976755059	0.359935245399451	0.5755743348617	5.71168236449019	14.9992555077149	0.369774568443081
"74"	73	-4391.1285450358	-4454.06738001978	-4391.1285450358	-62.9388349839804	-4391.1285450358	14.9992555077149	-68.6505173484705	0.3322131628698	0.523581815872054	5.71168236449019	14.9992555077149	0.320891113413045
"75"	74	-4387.58322978426	-4451.36293811195	-4387.58322978426	-63.779708327689	-4387.58322978426	14.9992555077149	-69.4913906921792	0.333682735766964	0.426615456973988	5.71168236449019	14.9992555077149	0.400726453460312
"76"	75	-4384.41605698734	-4447.37060821139	-4384.41605698734	-62.9545512240513	-4384.41605698734	14.9992555077149	-68.6662335885415	0.52797003624627	0.1981745231862	5.71168236449019	14.9992555077149	0.383287153890299
"77"	76	-4374.25207248024	-4432.98515062881	-4374.25207248024	-58.7330781485648	-4374.25207248024	14.9992555077149	-64.444760513055	0.389304067785836	0.596710345409435	5.71168236449019	14.9992555077149	0.342504538661694
"78"	77	-4362.51919907061	-4422.82392619389	-4362.51919907061	-60.3047271232781	-4362.51919907061	14.9992555077149	-66.0164094877682	0.460510985171732	0.471587481977708	5.71168236449019	14.9992555077149	0.399037419878193
"79"	78	-4360.268897458	-4418.43259898825	-4360.268897458	-58.1637015302508	-4360.268897458	14.9992555077149	-63.875383894741	0.183304466094049	0.904774853586599	5.71168236449019	14.9992555077149	0.345475601049167
"80"	79	-4358.04242805589	-4419.07631974384	-4358.04242805589	-61.0338916879541	-4358.04242805589	14.9992555077149	-66.7455740524443	0.227922142037432	0.764415753267768	5.71168236449019	14.9992555077149	0.358344264158183
"81"	80	-4350.8972431572	-4418.7206425494	-4350.8972431572	-67.8233993922021	-4350.8972431572	14.9992555077149	-73.5350817566923	0.304422217745049	0.583188838030294	5.71168236449019	14.9992555077149	0.305281494771523
"82"	81	-4336.16538281841	-4398.93504041186	-4336.16538281841	-62.7696575934438	-4336.16538281841	14.9992555077149	-68.481339957934	0.328326789796721	0.562518284863186	5.71168236449019	14.9992555077149	0.300072520776025
"83"	82	-4321.99484049907	-4383.41151362628	-4321.99484049907	-61.4166731272057	-4321.99484049907	14.9992555077149	-67.1283554916959	0.331561253514926	0.565032188125619	5.71168236449019	14.9992555077149	0.273322015206793
"84"	83	-4321.95864302902	-4378.19635838711	-4321.95864302902	-56.2377153580931	-4321.95864302902	14.9992555077149	-61.9493977225833	0.402411724433009	0.520614584778351	5.71168236449019	14.9992555077149	0.347446550673776
"85"	84	-4313.12528592748	-4365.36388702516	-4313.12528592748	-52.238601097678	-4313.12528592748	14.9992555077149	-57.9502834621682	0.279888693639904	0.738941085753429	5.71168236449019	14.9992555077149	0.378956758736181
"86"	85	-4305.57447832773	-4359.3947982312	-4305.57447832773	-53.8203199034689	-4305.57447832773	14.9992555077149	-59.5320022679591	0.285874113803592	0.8319446633155	5.71168236449019	14.9992555077149	0.364942971287564
"87"	86	-4297.34660276281	-4358.59562915257	-4297.34660276281	-61.2490263897525	-4297.34660276281	14.9992555077149	-66.9607087542427	0.141762449455222	0.782483112461799	5.71168236449019	14.9992555077149	0.420878900757171
"88"	87	-4293.04178202842	-4357.05354195433	-4293.04178202842	-64.0117599259132	-4293.04178202842	14.9992555077149	-69.7234422904034	0.214275999019604	0.731188331044914	5.71168236449019	14.9992555077149	0.264537801864798
"89"	88	-4284.86289668737	-4350.72492920832	-4284.86289668737	-65.8620325209505	-4284.86289668737	14.9992555077149	-71.5737148854407	0.271683310065924	0.605878944374829	5.71168236449019	14.9992555077149	0.344226600240358
"90"	89	-4282.53084032623	-4344.06949601027	-4282.53084032623	-61.5386556840355	-4282.53084032623	14.9992555077149	-67.2503380485257	0.257165999470094	0.618172085091864	5.71168236449019	14.9992555077149	0.352626720890859
"91"	90	-4258.38349828379	-4323.78865022791	-4258.38349828379	-65.4051519441195	-4258.38349828379	14.9992555077149	-71.1168343086097	0.474371575162424	0.525887591589576	5.71168236449019	14.9992555077149	0.311625469544955
"92"	91	-4253.79426619663	-4317.162107846	-4253.79426619663	-63.3678416493713	-4253.79426619663	14.9992555077149	-69.0795240138615	0.23472005986285	0.718764628524776	5.71168236449019	14.9992555077149	0.331485899591414
"93"	92	-4251.7907046104	-4318.36116785514	-4251.7907046104	-66.5704632447361	-4251.7907046104	14.9992555077149	-72.2821456092262	0.133205686932101	0.831954219744801	5.71168236449019	14.9992555077149	0.309900592230757
"94"	93	-4247.75586084456	-4316.9416339874	-4247.75586084456	-69.1857731428351	-4247.75586084456	14.9992555077149	-74.8974555073253	0.179438780257409	0.722297291900991	5.71168236449019	14.9992555077149	0.26535340591981
"95"	94	-4229.25126358595	-4299.38904537404	-4229.25126358595	-70.1377817880871	-4229.25126358595	14.9992555077149	-75.8494641525773	0.100503066326917	0.83188346025187	5.71168236449019	14.9992555077149	0.275973929940618
"96"	95	-4219.8269946646	-4289.55368822948	-4219.8269946646	-69.7266935648765	-4219.8269946646	14.9992555077149	-75.4383759293667	0.170159857267359	0.701079381000399	5.71168236449019	14.9992555077149	0.220467128765726
"97"	96	-4183.35348294056	-4251.37616243727	-4183.35348294056	-68.0226794967052	-4183.35348294056	14.9992555077149	-73.7343618611954	0.371522918481838	0.538058215621777	5.71168236449019	14.9992555077149	0.262469803014355
"98"	97	-4173.72889979321	-4245.64768122567	-4173.72889979321	-71.9187814324578	-4173.72889979321	14.9992555077149	-77.630463796948	0.386984996496592	0.43011417565977	5.71168236449019	14.9992555077149	0.296202058368541
"99"	98	-4157.4340472274	-4228.54043196842	-4157.4340472274	-71.1063847410186	-4157.4340472274	14.9992555077149	-76.8180671055088	0.155549174200069	0.870948923310825	5.71168236449019	14.9992555077149	0.274243359415803
"100"	99	-4155.09435308644	-4229.11290865377	-4155.09435308644	-74.0185555673304	-4155.09435308644	14.9992555077149	-79.7302379318206	0.123222033437906	0.842009766729699	5.71168236449019	14.9992555077149	0.254048111617736
"101"	100	-4152.44078455421	-4226.14724270382	-4152.44078455421	-73.7064581496081	-4152.44078455421	14.9992555077149	-79.4181405140983	0.0705031877047711	0.888327991154222	5.71168236449019	14.9992555077149	0.258771781840779
"102"	101	-4145.25664820122	-4222.80357446441	-4145.25664820122	-77.5469262631909	-4145.25664820122	14.9992555077149	-83.2586086276811	0.112117595182419	0.856403170701653	5.71168236449019	14.9992555077149	0.186175224939232
"103"	102	-4141.57950927441	-4221.24164687145	-4141.57950927441	-79.6621375970339	-4141.57950927441	14.9992555077149	-85.373819961524	0.354854189581092	0.45108661233784	5.71168236449019	14.9992555077149	0.204489165967758
"104"	103	-4135.07417468335	-4214.67929274214	-4135.07417468335	-79.605118058793	-4135.07417468335	14.9992555077149	-85.3168004232831	0.210359862854745	0.699255055049429	5.71168236449019	14.9992555077149	0.216032827543434
"105"	104	-4135.05371141371	-4213.92551014661	-4135.05371141371	-78.8717987329008	-4135.05371141371	14.9992555077149	-84.583481097391	0.220224298987055	0.787368979737096	5.71168236449019	14.9992555077149	0.23397457401841
"106"	105	-4133.3968545821	-4215.54077356165	-4133.3968545821	-82.143918979556	-4133.3968545821	14.9992555077149	-87.8556013440461	0.236746072868473	0.574430539919879	5.71168236449019	14.9992555077149	0.201090358284221
"107"	106	-4131.83886252398	-4214.99659923153	-4131.83886252398	-83.1577367075429	-4131.83886252398	14.9992555077149	-88.8694190720331	0.309946740071266	0.297042550515927	5.71168236449019	14.9992555077149	0.159012875031897
"108"	107	-4125.14136721428	-4209.14678877516	-4125.14136721428	-84.0054215608776	-4125.14136721428	14.9992555077149	-89.7171039253678	0.256674311663301	0.457156613276071	5.71168236449019	14.9992555077149	0.163568410629128
"109"	108	-4123.04535402977	-4206.48593687683	-4123.04535402977	-83.440582847065	-4123.04535402977	14.9992555077149	-89.1522652115552	0.228870091962404	0.652346119091943	5.71168236449019	14.9992555077149	0.176762949784375
"110"	109	-4113.10356655902	-4192.14027518704	-4113.10356655902	-79.036708628021	-4113.10356655902	14.9992555077149	-84.7483909925112	0.141656221503794	0.742259970020335	5.71168236449019	14.9992555077149	0.20584370166643
"111"	110	-4109.01646835765	-4191.96686188074	-4109.01646835765	-82.9503935230928	-4109.01646835765	14.9992555077149	-88.662075887583	0.298983625521574	0.355271327208617	5.71168236449019	14.9992555077149	0.15630034500861
"112"	111	-4108.11178441713	-4193.01296622996	-4108.11178441713	-84.9011818128355	-4108.11178441713	14.9992555077149	-90.6128641773257	0.214641911421176	0.365666462885754	5.71168236449019	14.9992555077149	0.172554911463942
"113"	112	-4107.17880961641	-4188.72568691303	-4107.17880961641	-81.5468772966182	-4107.17880961641	14.9992555077149	-87.2585596611084	0.320829323709086	0.296052537682749	5.71168236449019	14.9992555077149	0.167654111456545
"114"	113	-4094.26103060009	-4178.98925151425	-4094.26103060009	-84.7282209141631	-4094.26103060009	14.9992555077149	-90.4399032786533	0.286932788057089	0.389102660912132	5.71168236449019	14.9992555077149	0.168940587533435
"115"	114	-4085.52079146114	-4170.95524064898	-4085.52079146114	-85.4344491878391	-4085.52079146114	14.9992555077149	-91.1461315523293	0.275334811450755	0.367905624149373	5.71168236449019	14.9992555077149	0.148035608615331
"116"	115	-4074.63911418356	-4160.7082806392	-4074.63911418356	-86.0691664556338	-4074.63911418356	14.9992555077149	-91.7808488201239	0.280538275446273	0.577547991743116	5.71168236449019	14.9992555077149	0.131303130017023
"117"	116	-4072.41910586744	-4157.52142471533	-4072.41910586744	-85.1023188478898	-4072.41910586744	14.9992555077149	-90.8140012123799	0.209457517898742	0.391552347768995	5.71168236449019	14.9992555077149	0.152762914554626
"118"	117	-4063.55758309999	-4151.79306666317	-4063.55758309999	-88.2354835631862	-4063.55758309999	14.9992555077149	-93.9471659276764	0.360751815755039	0.229655494270517	5.71168236449019	14.9992555077149	0.13995476944461
"119"	118	-4061.91200372545	-4151.53119862789	-4061.91200372545	-89.6191949024388	-4061.91200372545	14.9992555077149	-95.330877266929	0.32290691084568	0.0637421786755694	5.71168236449019	14.9992555077149	0.133185633264559
"120"	119	-4061.87805034126	-4150.04495827572	-4061.87805034126	-88.166907934468	-4061.87805034126	14.9992555077149	-93.8785902989582	0.270098704313992	0.191208872030898	5.71168236449019	14.9992555077149	0.118899060485339
"121"	120	-4060.97462291869	-4149.29879543314	-4060.97462291869	-88.3241725144499	-4060.97462291869	14.9992555077149	-94.0358548789401	0.241806687150007	0.455206698526373	5.71168236449019	14.9992555077149	0.142301990438227
"122"	121	-4058.21451109887	-4147.9187683247	-4058.21451109887	-89.7042572258247	-4058.21451109887	14.9992555077149	-95.4159395903149	0.323480570941753	0.114427753991863	5.71168236449019	14.9992555077149	0.12363048920162
"123"	122	-4053.58424843731	-4145.34934209444	-4053.58424843731	-91.7650936571331	-4053.58424843731	14.9992555077149	-97.4767760216233	0.315287450166116	0.105222695097813	5.71168236449019	14.9992555077149	0.129917215473958
"124"	123	-4045.18223694123	-4131.82602595905	-4045.18223694123	-86.6437890178166	-4045.18223694123	14.9992555077149	-92.3554713823068	0.283379884586454	0.252019338809432	5.71168236449019	14.9992555077149	0.144459323555458
"125"	124	-4038.16930199534	-4126.31006648244	-4038.16930199534	-88.1407644871017	-4038.16930199534	14.9992555077149	-93.8524468515918	0.284559025156078	0.43658552893843	5.71168236449019	14.9992555077149	0.152379262003387
"126"	125	-4026.11116785747	-4115.12508136642	-4026.11116785747	-89.0139135089456	-4026.11116785747	14.9992555077149	-94.7255958734358	0.322509431662351	0.299352624998306	5.71168236449019	14.9992555077149	0.142620473826852
"127"	126	-4023.45851490209	-4114.42937698835	-4023.45851490209	-90.9708620862623	-4023.45851490209	14.9992555077149	-96.6825444507525	0.212494783756076	0.295349044852311	5.71168236449019	14.9992555077149	0.127158125298289
"128"	127	-4023.41150081605	-4115.59729764304	-4023.41150081605	-92.1857968269885	-4023.41150081605	14.9992555077149	-97.8974791914787	0.25387815882707	0.360252492868746	5.71168236449019	14.9992555077149	0.131606291420904
"129"	128	-4022.43806652002	-4117.20180924676	-4022.43806652002	-94.7637427267398	-4022.43806652002	14.9992555077149	-100.47542509123	0.193758654566402	0.526852914310081	5.71168236449019	14.9992555077149	0.124387490824537
"130"	129	-4019.6183343192	-4114.11015048478	-4019.6183343192	-94.4918161655795	-4019.6183343192	14.9992555077149	-100.20349853007	0.244360883931118	0.216273740380427	5.71168236449019	14.9992555077149	0.120322472689201
"131"	130	-4019.42141115611	-4116.62970440775	-4019.42141115611	-97.2082932516439	-4019.42141115611	14.9992555077149	-102.919975616134	0.270186564364017	0.364851281740141	5.71168236449019	14.9992555077149	0.116247784223218
"132"	131	-4018.34347164855	-4119.14704877567	-4018.34347164855	-100.803577127115	-4018.34347164855	14.9992555077149	-106.515259491605	0.217538312197786	0.478211153473031	5.71168236449019	14.9992555077149	0.105538991931884
"133"	132	-4014.08394655777	-4111.34299479527	-4014.08394655777	-97.2590482375045	-4014.08394655777	14.9992555077149	-102.970730601995	0.153867006193318	0.586440985832257	5.71168236449019	14.9992555077149	0.104832465875729
"134"	133	-4012.18900605788	-4110.35128111739	-4012.18900605788	-98.1622750595124	-4012.18900605788	14.9992555077149	-103.873957424003	0.211477872998645	0.23173476817377	5.71168236449019	14.9992555077149	0.113889486846234
"135"	134	-4010.11978211915	-4105.94552506394	-4010.11978211915	-95.8257429447885	-4010.11978211915	14.9992555077149	-101.537425309279	0.298906506758106	0.0838689077996776	5.71168236449019	14.9992555077149	0.0938314920090835
"136"	135	-4006.17724152241	-4104.05441488379	-4006.17724152241	-97.8771733613744	-4006.17724152241	14.9992555077149	-103.588855725865	0.245625606633649	0.126716009595584	5.71168236449019	14.9992555077149	0.114448465552426
"137"	136	-4004.06262392397	-4103.1823096387	-4004.06262392397	-99.1196857147313	-4004.06262392397	14.9992555077149	-104.831368079222	0.247460142231028	0.0463930583435448	5.71168236449019	14.9992555077149	0.0955315639211424
"138"	137	-3997.80348703852	-4097.71514106467	-3997.80348703852	-99.9116540261513	-3997.80348703852	14.9992555077149	-105.623336390641	0.244118672941273	0.12548718273486	5.71168236449019	14.9992555077149	0.0900718197310157
"139"	138	-3995.34486954387	-4088.62934658201	-3995.34486954387	-93.2844770381392	-3995.34486954387	14.9992555077149	-98.9961594026293	0.300708642767777	0.0983220469087821	5.71168236449019	14.9992555077149	0.124907695378157
"140"	139	-3989.78319041463	-4085.61593497319	-3989.78319041463	-95.8327445585634	-3989.78319041463	14.9992555077149	-101.544426923054	0.22553077174551	0.120393552938598	5.71168236449019	14.9992555077149	0.106610893036071
"141"	140	-3987.70872850727	-4084.14944077504	-3987.70872850727	-96.4407122677635	-3987.70872850727	14.9992555077149	-102.152394632254	0.238654807864595	0.384764750548534	5.71168236449019	14.9992555077149	0.107218359685071
"142"	141	-3987.39970709819	-4086.17113586598	-3987.39970709819	-98.7714287677951	-3987.39970709819	14.9992555077149	-104.483111132285	0.219250076365073	0.40113556411987	5.71168236449019	14.9992555077149	0.11086935543978
"143"	142	-3985.28943471517	-4086.36695709908	-3985.28943471517	-101.077522383908	-3985.28943471517	14.9992555077149	-106.789204748398	0.222335722507296	0.228131779024433	5.71168236449019	14.9992555077149	0.101577128944991
"144"	143	-3979.61036493355	-4082.74942754045	-3979.61036493355	-103.139062606902	-3979.61036493355	14.9992555077149	-108.850744971392	0.234284345019035	0.164586481476549	5.71168236449019	14.9992555077149	0.0891951662431972
"145"	144	-3978.80169953184	-4087.57781823003	-3978.80169953184	-108.77611869819	-3978.80169953184	14.9992555077149	-114.48780106268	0.189665985284398	0.258560418573682	5.71168236449019	14.9992555077149	0.0757969668499245
"146"	145	-3976.77195357026	-4085.37288456759	-3976.77195357026	-108.600930997335	-3976.77195357026	14.9992555077149	-114.312613361826	0.161464544257688	0.239368775885732	5.71168236449019	14.9992555077149	0.0813758849366856
"147"	146	-3975.46084023272	-4088.2100358094	-3975.46084023272	-112.749195576682	-3975.46084023272	14.9992555077149	-118.460877941172	0.1077964703205	0.486890935163925	5.71168236449019	14.9992555077149	0.0669690847139492
"148"	147	-3974.24003701165	-4082.66434023773	-3974.24003701165	-108.424303226081	-3974.24003701165	14.9992555077149	-114.135985590571	0.156165552517436	0.498719639669505	5.71168236449019	14.9992555077149	0.0761897708569194
"149"	148	-3971.8772204627	-4082.6943676878	-3971.8772204627	-110.817147225103	-3971.8772204627	14.9992555077149	-116.528829589593	0.182426881803114	0.404859258486006	5.71168236449019	14.9992555077149	0.0697487934270648
"150"	149	-3970.77370475474	-4077.33155063419	-3970.77370475474	-106.557845879456	-3970.77370475474	14.9992555077149	-112.269528243946	0.176123851854685	0.0790126543014543	5.71168236449019	14.9992555077149	0.0746332069276681
"151"	150	-3970.47622090337	-4077.7474894101	-3970.47622090337	-107.271268506732	-3970.47622090337	14.9995085546162	-113.139325969869	0.177179310828172	0.0511203597253993	5.86805746313724	14.9995085546162	0.0807659513226585
"152"	151	-3969.55303505714	-4077.19869169477	-3969.55303505714	-107.645656637626	-3969.55303505714	14.9995085546162	-113.513714100763	0.198169598491224	0.0794743723670405	5.86805746313724	14.9995085546162	0.0772529557685653
"153"	152	-3965.59307800979	-4074.61065601362	-3965.59307800979	-109.017578003823	-3965.59307800979	14.9995085546162	-114.88563546696	0.191294911349681	0.0946556802113406	5.86805746313724	14.9995085546162	0.0727925180206583
"154"	153	-3965.02212823475	-4075.151275087	-3965.02212823475	-110.129146852247	-3965.02212823475	14.9995085546162	-115.997204315384	0.140569924134481	0.360602037899626	5.86805746313724	14.9995085546162	0.0732086209354233
"155"	154	-3962.42156055246	-4071.29912469609	-3962.42156055246	-108.877564143623	-3962.42156055246	14.9995085546162	-114.74562160676	0.166835182967148	0.0783651571375225	5.86805746313724	14.9995085546162	0.0723859290753208
"156"	155	-3960.04852284631	-4066.37014660758	-3960.04852284631	-106.32162376127	-3960.04852284631	14.9995085546162	-112.189681224407	0.183663151720913	0.0576712160577244	5.86805746313724	14.9995085546162	0.0851590925589025
"157"	156	-3959.38836705912	-4065.1329005267	-3959.38836705912	-105.744533467582	-3959.38836705912	14.9995085546162	-111.61259093072	0.208601222380329	0.0444113967609947	5.86805746313724	14.9995085546162	0.0847308300054242
"158"	157	-3958.8124394114	-4066.53867317937	-3958.8124394114	-107.726233767965	-3958.8124394114	14.9995085546162	-113.594291231102	0.171073192469804	0.255314145313974	5.86805746313724	14.9995085546162	0.0665658946385068
"159"	158	-3958.77658298957	-4066.63177925022	-3958.77658298957	-107.855196260647	-3958.77658298957	14.9995085546162	-113.723253723784	0.157035317123552	0.237805183020881	5.86805746313724	14.9995085546162	0.0801168711893583
"160"	159	-3951.2680074094	-4060.45567569587	-3951.2680074094	-109.18766828647	-3951.2680074094	14.9995085546162	-115.055725749607	0.166069641575797	0.357710545037789	5.86805746313724	14.9995085546162	0.0728448646828803
"161"	160	-3951.22477903872	-4063.63214434458	-3951.22477903872	-112.407365305861	-3951.22477903872	14.9995085546162	-118.275422768998	0.181321723259069	0.198546833757214	5.86805746313724	14.9995085546162	0.0713954714733198
"162"	161	-3950.0403705575	-4061.36058663936	-3950.0403705575	-111.320216081856	-3950.0403705575	14.9995085546162	-117.188273544993	0.236202998496493	0.0819007734580598	5.86805746313724	14.9995085546162	0.0724091403852553
"163"	162	-3947.71013538913	-4058.00456892101	-3947.71013538913	-110.294433531883	-3947.71013538913	14.9995085546162	-116.162490995021	0.197460206960524	0.11639506537426	5.86805746313724	14.9995085546162	0.0786329191915552
"164"	163	-3947.4252833226	-4055.68280612279	-3947.4252833226	-108.257522800187	-3947.4252833226	14.9995085546162	-114.125580263324	0.190984340516311	0.238764146485732	5.86805746313724	14.9995085546162	0.0784284603067208
"165"	164	-3944.64903714806	-4054.93255512371	-3944.64903714806	-110.283517975655	-3944.64903714806	14.9995085546162	-116.151575438793	0.170562722021147	0.120708677231345	5.86805746313724	14.9995085546162	0.0710671671337559
"166"	165	-3942.92272892559	-4056.76399651486	-3942.92272892559	-113.841267589267	-3942.92272892559	14.9995085546162	-119.709325052404	0.135845533255265	0.187321136974539	5.86805746313724	14.9995085546162	0.0652887728045474
"167"	166	-3942.42069417186	-4056.04942442784	-3942.42069417186	-113.628730255976	-3942.42069417186	14.9995085546162	-119.496787719114	0.1939911154745	0.177606869908716	5.86805746313724	14.9995085546162	0.0637135342032121
"168"	167	-3942.00805477657	-4054.21436695609	-3942.00805477657	-112.206312179522	-3942.00805477657	14.9995085546162	-118.074369642659	0.207282473798387	0.0656277746257917	5.86805746313724	14.9995085546162	0.0643660033782003
"169"	168	-3941.53647388426	-4051.84338558904	-3941.53647388426	-110.306911704785	-3941.53647388426	14.9995085546162	-116.174969167922	0.226741714210422	0.111993315484482	5.86805746313724	14.9995085546162	0.0724475365874805
"170"	169	-3940.25689019543	-4052.45267631824	-3940.25689019543	-112.195786122817	-3940.25689019543	14.9995085546162	-118.063843585954	0.115700365084966	0.265420654207035	5.86805746313724	14.9995085546162	0.0680212012753359
"171"	170	-3933.52288631091	-4044.42394991017	-3933.52288631091	-110.901063599258	-3933.52288631091	14.9995085546162	-116.769121062395	0.122420910728381	0.572474674057069	5.86805746313724	14.9995085546162	0.0714552299916167
"172"	171	-3933.39796498532	-4043.25214278924	-3933.39796498532	-109.854177803919	-3933.39796498532	14.9995085546162	-115.722235267056	0.171100847290689	0.282440431586819	5.86805746313724	14.9995085546162	0.0723628222482916
"173"	172	-3931.85086866769	-4042.69160161615	-3931.85086866769	-110.840732948462	-3931.85086866769	14.9995085546162	-116.708790411599	0.134211882417868	0.431668434016505	5.86805746313724	14.9995085546162	0.0788778964654843
"174"	173	-3931.4808823526	-4038.68506276594	-3931.4808823526	-107.204180413343	-3931.4808823526	14.9995085546162	-113.07223787648	0.233263308053962	0.161281133427584	5.86805746313724	14.9995085546162	0.083324802843782
"175"	174	-3926.88790245224	-4035.3789513694	-3926.88790245224	-108.49104891716	-3926.88790245224	14.9995085546162	-114.359106380297	0.155784261897311	0.133795473270951	5.86805746313724	14.9995085546162	0.0739044153000181
"176"	175	-3925.77945355563	-4034.11565970406	-3925.77945355563	-108.336206148428	-3925.77945355563	14.9995085546162	-114.204263611565	0.158778128694489	0.0601551454196419	5.86805746313724	14.9995085546162	0.0717542436804916
"177"	176	-3923.5272089647	-4031.0062217422	-3923.5272089647	-107.479012777502	-3923.5272089647	14.9995085546162	-113.34707024064	0.16743444757512	0.149787073408299	5.86805746313724	14.9995085546162	0.0755164963757896
"178"	177	-3923.21983779529	-4033.9827264851	-3923.21983779529	-110.762888689804	-3923.21983779529	14.9995085546162	-116.630946152941	0.233443694677795	0.0698650630865151	5.86805746313724	14.9995085546162	0.0681054913333108
"179"	178	-3921.46444184652	-4032.27198199359	-3921.46444184652	-110.80754014707	-3921.46444184652	14.9995085546162	-116.675597610208	0.16818655143192	0.289606606242685	5.86805746313724	14.9995085546162	0.0681236594454074
"180"	179	-3921.07197316453	-4034.37665631813	-3921.07197316453	-113.304683153596	-3921.07197316453	14.9995085546162	-119.172740616734	0.139135514395	0.151025586864069	5.86805746313724	14.9995085546162	0.0715411873065251
"181"	180	-3919.48307910556	-4032.70715937845	-3919.48307910556	-113.224080272891	-3919.48307910556	14.9995085546162	-119.092137736028	0.141691095670132	0.402693102547059	5.86805746313724	14.9995085546162	0.0661923731152859
"182"	181	-3919.46027272439	-4032.57553171906	-3919.46027272439	-113.115258994674	-3919.46027272439	14.9995085546162	-118.983316457812	0.24085558381721	0.212713459390328	5.86805746313724	14.9995085546162	0.0731971604663775
"183"	182	-3918.33279365839	-4030.41316469442	-3918.33279365839	-112.080371036029	-3918.33279365839	14.9995085546162	-117.948428499166	0.150811768906876	0.265794841820427	5.86805746313724	14.9995085546162	0.0666653365146982
"184"	183	-3915.6089207175	-4027.6637068	-3915.6089207175	-112.054786082499	-3915.6089207175	14.9995085546162	-117.922843545636	0.119511888811594	0.352263364277141	5.86805746313724	14.9995085546162	0.0756489871346817
"185"	184	-3914.92599832953	-4025.94232039678	-3914.92599832953	-111.016322067247	-3914.92599832953	14.9995085546162	-116.884379530384	0.143463911881151	0.299398750734702	5.86805746313724	14.9995085546162	0.072419713720122
"186"	185	-3913.70724577547	-4025.64326850592	-3913.70724577547	-111.93602273045	-3913.70724577547	14.9995085546162	-117.804080193587	0.085035321303504	0.628416517936972	5.86805746313724	14.9995085546162	0.0682456799512863
"187"	186	-3913.52774639138	-4026.87929848131	-3913.52774639138	-113.351552089927	-3913.52774639138	14.9995085546162	-119.219609553064	0.154748534891215	0.377710894673739	5.86805746313724	14.9995085546162	0.0647169019536207
"188"	187	-3912.13871050646	-4023.32304288374	-3912.13871050646	-111.184332377286	-3912.13871050646	14.9995085546162	-117.052389840423	0.142431993592565	0.253961275286379	5.86805746313724	14.9995085546162	0.0703129799195707
"189"	188	-3911.4426509783	-4021.90869006639	-3911.4426509783	-110.46603908809	-3911.4426509783	14.9995085546162	-116.334096551227	0.218245557664407	0.0553768525703005	5.86805746313724	14.9995085546162	0.0707693592266481
"190"	189	-3910.64065639781	-4019.38892130314	-3910.64065639781	-108.748264905329	-3910.64065639781	14.9995085546162	-114.616322368466	0.199648609766591	0.12354538876667	5.86805746313724	14.9995085546162	0.0743962817742401
"191"	190	-3910.47243068687	-4019.5522793253	-3910.47243068687	-109.079848638425	-3910.47243068687	14.9995085546162	-114.947906101562	0.178868977584404	0.0385913757153967	5.86805746313724	14.9995085546162	0.0759324438313081
"192"	191	-3910.42822486423	-4019.229175457	-3910.42822486423	-108.800950592771	-3910.42822486423	14.9995085546162	-114.669008055908	0.181264594316348	0.0814265009172622	5.86805746313724	14.9995085546162	0.0738669238012876
"193"	192	-3909.64621658212	-4019.34459105078	-3909.64621658212	-109.698374468653	-3909.64621658212	14.9998641271303	-115.677960496065	0.146809374623721	0.176629727595458	5.97958602741186	14.9998641271303	0.0746530968368039
"194"	193	-3909.26342444681	-4019.82295941858	-3909.26342444681	-110.55953497176	-3909.26342444681	14.9998641271303	-116.539120999172	0.185853980251716	0.439701580119671	5.97958602741186	14.9998641271303	0.0740897320637997
"195"	194	-3907.1476467212	-4016.10591200067	-3907.1476467212	-108.958265279467	-3907.1476467212	14.9998641271303	-114.937851306879	0.148035925292085	0.394836146141092	5.97958602741186	14.9998641271303	0.0682706182112787
"196"	195	-3906.27391678011	-4015.2254159951	-3906.27391678011	-108.951499214995	-3906.27391678011	14.9998641271303	-114.931085242407	0.173862399890131	0.248518788247774	5.97958602741186	14.9998641271303	0.0719082241512364
"197"	196	-3905.93778656703	-4013.48809821772	-3905.93778656703	-107.550311650682	-3905.93778656703	14.9998641271303	-113.529897678094	0.195241487319746	0.166457495979757	5.97958602741186	14.9998641271303	0.0748330108622263
"198"	197	-3905.546740868	-4012.97023325881	-3905.546740868	-107.423492390807	-3905.546740868	14.9998641271303	-113.403078418219	0.206608500780784	0.198191623839802	5.97958602741186	14.9998641271303	0.0738007615290303
"199"	198	-3905.4990285675	-4012.07621584432	-3905.4990285675	-106.577187276813	-3905.4990285675	14.9998641271303	-112.556773304225	0.18355299748999	0.0876140820676722	5.97958602741186	14.9998641271303	0.0761282721892686
"200"	199	-3904.65649288517	-4014.05427277244	-3904.65649288517	-109.397779887266	-3904.65649288517	14.9998641271303	-115.377365914677	0.191330948412655	0.318869971184085	5.97958602741186	14.9998641271303	0.0759737949295351
"201"	200	-3904.15805976786	-4011.13471092749	-3904.15805976786	-106.97665115963	-3904.15805976786	14.9998641271303	-112.956237187042	0.204626470051838	0.129906012282192	5.97958602741186	14.9998641271303	0.0759737949295351
"202"	201	-3903.24085954981	-4010.90670118358	-3903.24085954981	-107.665841633775	-3903.24085954981	14.9998641271303	-113.645427661187	0.224756492537482	0.0637744368442797	5.97958602741186	14.9998641271303	0.073957951900243
"203"	202	-3903.16925568225	-4009.92601848093	-3903.16925568225	-106.756762798677	-3903.16925568225	14.9998641271303	-112.736348826089	0.179786197304232	0.144954094570713	5.97958602741186	14.9998641271303	0.0756400614233994
"204"	203	-3902.65820047248	-4013.11513922146	-3902.65820047248	-110.456938748983	-3902.65820047248	14.9998641271303	-116.436524776395	0.179458634392441	0.235020547207891	5.97958602741186	14.9998641271303	0.0727764292878581
"205"	204	-3902.12444341281	-4012.77249053516	-3902.12444341281	-110.648047122348	-3902.12444341281	14.9998641271303	-116.62763314976	0.157798934332081	0.238876350255882	5.97958602741186	14.9998641271303	0.0705475135889829
"206"	205	-3901.76300009309	-4015.33192557772	-3901.76300009309	-113.568925484634	-3901.76300009309	14.9998641271303	-119.548511512046	0.144198813909937	0.405075686483341	5.97958602741186	14.9998641271303	0.0678822650064482
"207"	206	-3901.66299807509	-4012.11743474404	-3901.66299807509	-110.454436668943	-3901.66299807509	14.9998641271303	-116.434022696355	0.186222830076906	0.328052460750792	5.97958602741186	14.9998641271303	0.0707116087204378
"208"	207	-3900.78898589758	-4008.07088705619	-3900.78898589758	-107.281901158607	-3900.78898589758	14.9998641271303	-113.261487186019	0.186220185550703	0.298773520882264	5.97958602741186	14.9998641271303	0.0760641747648441
"209"	208	-3900.72857066478	-4009.58665514498	-3900.72857066478	-108.8580844802	-3900.72857066478	14.9998641271303	-114.837670507612	0.259237168523801	0.152978877736887	5.97958602741186	14.9998641271303	0.07274874775906
"210"	209	-3900.06715804372	-4005.76596144908	-3900.06715804372	-105.698803405361	-3900.06715804372	14.9998641271303	-111.678389432773	0.212993625813594	0.127866978045791	5.97958602741186	14.9998641271303	0.078437920017838
"211"	210	-3900.01059251995	-4004.7161735431	-3900.01059251995	-104.705581023152	-3900.01059251995	14.9998641271303	-110.685167050564	0.227574937948006	0.120358472859028	5.97958602741186	14.9998641271303	0.0775952062053087
"212"	211	-3899.5912066562	-4006.25059903006	-3899.5912066562	-106.659392373863	-3899.5912066562	14.9998641271303	-112.638978401275	0.193131137815068	0.229451791668768	5.97958602741186	14.9998641271303	0.0796955946107201
"213"	212	-3898.08317276393	-4003.16035199156	-3898.08317276393	-105.077179227628	-3898.08317276393	14.9998641271303	-111.05676525504	0.21015001441286	0.106447317948001	5.97958602741186	14.9998641271303	0.0759818147372834
"214"	213	-3897.98655665527	-4005.50413064951	-3897.98655665527	-107.517573994244	-3897.98655665527	14.9998641271303	-113.497160021656	0.222073296142319	0.28678897700911	5.97958602741186	14.9998641271303	0.0781476709384365
"215"	214	-3897.84991872638	-4003.48825095234	-3897.84991872638	-105.638332225956	-3897.84991872638	14.9998641271303	-111.617918253368	0.205209604630346	0.216772375771768	5.97958602741186	14.9998641271303	0.0794241705932439
"216"	215	-3897.24135666838	-4004.67350816049	-3897.24135666838	-107.432151492108	-3897.24135666838	14.9998641271303	-113.411737519519	0.219190875767467	0.194043899157811	5.97958602741186	14.9998641271303	0.0763935665424966
"217"	216	-3897.21329569651	-4004.12570105284	-3897.21329569651	-106.912405356333	-3897.21329569651	14.9998641271303	-112.891991383744	0.142609498422331	0.511005534167555	5.97958602741186	14.9998641271303	0.077953057693736
"218"	217	-3896.69904444181	-4005.22158531509	-3896.69904444181	-108.522540873274	-3896.69904444181	14.9998641271303	-114.502126900686	0.0953211699625888	0.624774178285009	5.97958602741186	14.9998641271303	0.0791282414857483
"219"	218	-3896.69565737274	-4003.24763877423	-3896.69565737274	-106.551981401493	-3896.69565737274	14.9998641271303	-112.531567428905	0.178537077848373	0.146240907341808	5.97958602741186	14.9998641271303	0.0776333638714736
"220"	219	-3896.58101416175	-4003.75791584353	-3896.58101416175	-107.176901681776	-3896.58101416175	14.9998641271303	-113.156487709188	0.194961925545698	0.346454992526499	5.97958602741186	14.9998641271303	0.0758584031627025
"221"	220	-3895.76023583459	-4002.95957473278	-3895.76023583459	-107.199338898193	-3895.76023583459	14.9998641271303	-113.178924925605	0.162603460273307	0.278477689164465	5.97958602741186	14.9998641271303	0.0758859706652856
"222"	221	-3895.73509656122	-4003.84303336995	-3895.73509656122	-108.107936808728	-3895.73509656122	14.9998641271303	-114.08752283614	0.152230163598661	0.361518558490543	5.97958602741186	14.9998641271303	0.0771935399323458
"223"	222	-3895.44979574118	-4002.60651660471	-3895.44979574118	-107.156720863525	-3895.44979574118	14.9998641271303	-113.136306890936	0.165185402684578	0.287548963885923	5.97958602741186	14.9998641271303	0.0774066954936371
"224"	223	-3895.30516984298	-4002.97144882588	-3895.30516984298	-107.666278982905	-3895.30516984298	14.9998641271303	-113.645865010317	0.162828581148253	0.0852809759839453	5.97958602741186	14.9998641271303	0.076521823670916
"225"	224	-3895.22066152808	-4003.20961336064	-3895.22066152808	-107.988951832559	-3895.22066152808	14.9998641271303	-113.96853785997	0.166596618112288	0.182313418119402	5.97958602741186	14.9998641271303	0.075470189032017
"226"	225	-3895.15806756813	-4006.93635571054	-3895.15806756813	-111.778288142414	-3895.15806756813	14.9998641271303	-117.757874169826	0.233835824438635	0.194892617690051	5.97958602741186	14.9998641271303	0.0729231897522373
"227"	226	-3895.10802196676	-4004.93170507626	-3895.10802196676	-109.823683109499	-3895.10802196676	14.9998641271303	-115.803269136911	0.159133150034692	0.126778574103125	5.97958602741186	14.9998641271303	0.0728583558879262
"228"	227	-3895.07296902603	-4004.89887979327	-3895.07296902603	-109.825910767246	-3895.07296902603	14.9998641271303	-115.805496794658	0.162805929222982	0.224077132214034	5.97958602741186	14.9998641271303	0.0706297327276984
"229"	228	-3894.47409981213	-4004.08897301237	-3894.47409981213	-109.614873200239	-3894.47409981213	14.9998641271303	-115.59445922765	0.159940479705326	0.20701450374341	5.97958602741186	14.9998641271303	0.0702127897087126
"230"	229	-3894.19212658125	-4004.36318352728	-3894.19212658125	-110.17105694603	-3894.19212658125	14.9998641271303	-116.150642973442	0.164046449486389	0.270862136347709	5.97958602741186	14.9998641271303	0.0718312389473536
"231"	230	-3893.72652807808	-4004.5095617953	-3893.72652807808	-110.783033717218	-3893.72652807808	14.9998641271303	-116.76261974463	0.134550366320139	0.169663303506066	5.97958602741186	14.9998641271303	0.0711146777882011
"232"	231	-3893.53771941971	-4003.39549582278	-3893.53771941971	-109.857776403065	-3893.53771941971	14.9998641271303	-115.837362430476	0.18951515394914	0.161487643174484	5.97958602741186	14.9998641271303	0.0697022185303572
"233"	232	-3893.43823645511	-4003.83618179566	-3893.43823645511	-110.397945340553	-3893.43823645511	14.9998641271303	-116.377531367964	0.141607776258475	0.300750954417387	5.97958602741186	14.9998641271303	0.0704791627152163
"234"	233	-3893.24044529881	-4003.55131474081	-3893.24044529881	-110.310869441998	-3893.24044529881	14.9998641271303	-116.29045546941	0.188342352634565	0.180684966285501	5.97958602741186	14.9998641271303	0.0692877219434574
"235"	234	-3893.03520197284	-4003.87987712362	-3893.03520197284	-110.844675150779	-3893.03520197284	14.9998641271303	-116.824261178191	0.185771277745337	0.17556077528066	5.97958602741186	14.9998641271303	0.068820960208022
"236"	235	-3892.88579097085	-4005.02102600749	-3892.88579097085	-112.135235036633	-3892.88579097085	14.9998641271303	-118.114821064045	0.135920246407691	0.403361308342303	5.97958602741186	14.9998641271303	0.0689675708526645
"237"	236	-3891.7566539302	-4004.90258848618	-3891.7566539302	-113.14593455598	-3891.7566539302	14.9998641271303	-119.125520583391	0.106137565141915	0.534103847879798	5.97958602741186	14.9998641271303	0.06757585773218
"238"	237	-3891.31910365409	-4003.49371788217	-3891.31910365409	-112.174614228085	-3891.31910365409	14.9998641271303	-118.154200255497	0.113913801788165	0.556872661470172	5.97958602741186	14.9998641271303	0.0686097649007234
"239"	238	-3891.25646670961	-4002.72501330302	-3891.25646670961	-111.468546593415	-3891.25646670961	14.9998641271303	-117.448132620827	0.200112548083724	0.29864011084872	5.97958602741186	14.9998641271303	0.0709659918538595
"240"	239	-3890.6930440007	-4002.16725518318	-3890.6930440007	-111.47421118248	-3890.6930440007	14.9998641271303	-117.453797209892	0.17369731773517	0.210027818969727	5.97958602741186	14.9998641271303	0.0669196756069229
"241"	240	-3890.67917458604	-4002.39997119633	-3890.67917458604	-111.720796610292	-3890.67917458604	14.9998641271303	-117.700382637703	0.158377356192431	0.201824771054404	5.97958602741186	14.9998641271303	0.0685217124689527
"242"	241	-3890.43036725731	-4003.40505563179	-3890.43036725731	-112.97468837448	-3890.43036725731	14.9998641271303	-118.954274401892	0.164407159438191	0.425710445962937	5.97958602741186	14.9998641271303	0.0662149026808862
"243"	242	-3890.42248943066	-4002.63472015517	-3890.42248943066	-112.212230724506	-3890.42248943066	14.9998641271303	-118.191816751918	0.165845376741326	0.377708853892804	5.97958602741186	14.9998641271303	0.0688549715386618
"244"	243	-3890.34819173198	-4003.00941015187	-3890.34819173198	-112.661218419892	-3890.34819173198	14.9998641271303	-118.640804447304	0.15696313671437	0.323566496428205	5.97958602741186	14.9998641271303	0.0664470383044255
"245"	244	-3890.23727517112	-4003.14324307234	-3890.23727517112	-112.905967901224	-3890.23727517112	14.9998641271303	-118.885553928636	0.140817062443254	0.294808268031794	5.97958602741186	14.9998641271303	0.0675420847943322
"246"	245	-3890.16501694732	-4005.15203815254	-3890.16501694732	-114.987021205225	-3890.16501694732	14.9998641271303	-120.966607232636	0.0981790077559307	0.410711847425514	5.97958602741186	14.9998641271303	0.0673806369986976
"247"	246	-3889.74278635549	-4005.00236101561	-3889.74278635549	-115.259574660125	-3889.74278635549	14.9998641271303	-121.239160687537	0.0771052556271167	0.675376854010446	5.97958602741186	14.9998641271303	0.0657231033455192
"248"	247	-3889.67227622492	-4003.86868796484	-3889.67227622492	-114.196411739926	-3889.67227622492	14.9998641271303	-120.175997767337	0.109821313816116	0.284769345144696	5.97958602741186	14.9998641271303	0.0671809856892803
"249"	248	-3889.62672311943	-4000.77310739126	-3889.62672311943	-111.146384271824	-3889.62672311943	14.9998641271303	-117.125970299236	0.182850895373373	0.138332580692536	5.97958602741186	14.9998641271303	0.0671839396175669
"250"	249	-3889.60477023844	-4000.45826337585	-3889.60477023844	-110.853493137409	-3889.60477023844	14.9998641271303	-116.833079164821	0.1832859682318	0.169103995685107	5.97958602741186	14.9998641271303	0.0672621683803738
"251"	250	-3889.57457107438	-4000.41097999106	-3889.57457107438	-110.836408916685	-3889.57457107438	14.9998641271303	-116.815994944097	0.189192097180594	0.162466344402974	5.97958602741186	14.9998641271303	0.068084148538284
"252"	251	-3889.51866023427	-4001.44424991742	-3889.51866023427	-111.925589683153	-3889.51866023427	14.9998641271303	-117.905175710565	0.169258178492743	0.217468469430584	5.97958602741186	14.9998641271303	0.0684466281315669
"253"	252	-3889.46353210388	-4002.82050916	-3889.46353210388	-113.356977056111	-3889.46353210388	14.9998641271303	-119.336563083523	0.119056352708651	0.254509147762929	5.97958602741186	14.9998641271303	0.0667445914620638
"254"	253	-3889.42367976921	-4001.28661337889	-3889.42367976921	-111.862933609679	-3889.42367976921	14.9998641271303	-117.842519637091	0.157776121518014	0.15657178547227	5.97958602741186	14.9998641271303	0.0648126356314018
"255"	254	-3889.3522230873	-4002.09427492837	-3889.3522230873	-112.742051841073	-3889.3522230873	14.9998641271303	-118.721637868485	0.146053176997976	0.101957356833287	5.97958602741186	14.9998641271303	0.0683337640675633
"256"	255	-3889.25370482132	-4001.73206279911	-3889.25370482132	-112.478357977794	-3889.25370482132	14.9998641271303	-118.457944005206	0.17498351858385	0.250160070398438	5.97958602741186	14.9998641271303	0.0668140030234662
"257"	256	-3889.20617236381	-4002.810606154	-3889.20617236381	-113.604433790182	-3889.20617236381	14.9998641271303	-119.584019817594	0.135111574961435	0.189713195395827	5.97958602741186	14.9998641271303	0.0668140030234662
"258"	257	-3888.84044505389	-4003.47098101928	-3888.84044505389	-114.630535965395	-3888.84044505389	14.9998641271303	-120.610121992807	0.105861513843427	0.415871532094767	5.97958602741186	14.9998641271303	0.0659174438223631
"259"	258	-3888.78322490199	-4001.36755696103	-3888.78322490199	-112.584332059042	-3888.78322490199	14.9998641271303	-118.563918086454	0.169154061540448	0.145238912936328	5.97958602741186	14.9998641271303	0.0659174438223631
"260"	259	-3888.6969791217	-4002.65693687429	-3888.6969791217	-113.959957752587	-3888.6969791217	14.9998641271303	-119.939543779999	0.13060481366342	0.267207903729428	5.97958602741186	14.9998641271303	0.0633260702353673
"261"	260	-3888.54783688799	-4002.16804305325	-3888.54783688799	-113.620206165255	-3888.54783688799	14.9998641271303	-119.599792192667	0.124582435132378	0.310609641826758	5.97958602741186	14.9998641271303	0.0648996630198499
"262"	261	-3888.43726829449	-4001.61086825917	-3888.43726829449	-113.17359996468	-3888.43726829449	14.9998641271303	-119.153185992092	0.148400095639942	0.330055132763246	5.97958602741186	14.9998641271303	0.0667801058418165
"263"	262	-3888.37238801612	-4002.52655516798	-3888.37238801612	-114.154167151862	-3888.37238801612	14.9998641271303	-120.133753179274	0.122681521190739	0.420184918050851	5.97958602741186	14.9998641271303	0.0658729191188995
"264"	263	-3888.3468120108	-4001.39625563505	-3888.3468120108	-113.049443624253	-3888.3468120108	14.9998641271303	-119.029029651664	0.182098952173652	0.33864037588413	5.97958602741186	14.9998641271303	0.0672101841802566
"265"	264	-3888.32010655136	-4000.68913977001	-3888.32010655136	-112.369033218644	-3888.32010655136	14.9998641271303	-118.348619246056	0.150245261897099	0.152156719099727	5.97958602741186	14.9998641271303	0.0662380616134283
"266"	265	-3888.31715237848	-4000.26546637937	-3888.31715237848	-111.948314000886	-3888.31715237848	14.9998641271303	-117.927900028298	0.20619839227676	0.077927364662191	5.97958602741186	14.9998641271303	0.067105781062759
"267"	266	-3888.26526806944	-4000.11083606055	-3888.26526806944	-111.845567991114	-3888.26526806944	14.9998641271303	-117.825154018526	0.162571862284362	0.116552609675391	5.97958602741186	14.9998641271303	0.0675159146370798
"268"	267	-3888.03177455878	-4000.92664903263	-3888.03177455878	-112.894874473849	-3888.03177455878	14.9998641271303	-118.874460501261	0.173323388117515	0.343104844286171	5.97958602741186	14.9998641271303	0.0676223988548928
"269"	268	-3888.01721183497	-3999.89494680542	-3888.01721183497	-111.877734970454	-3888.01721183497	14.9998641271303	-117.857320997866	0.163608603000337	0.156599474062879	5.97958602741186	14.9998641271303	0.0676735687497394
"270"	269	-3887.92529844915	-4000.00478416663	-3887.92529844915	-112.079485717484	-3887.92529844915	14.9998641271303	-118.059071744896	0.159496401262518	0.244198464716528	5.97958602741186	14.9998641271303	0.0674983009097017
"271"	270	-3887.84439480059	-3999.8461205463	-3887.84439480059	-112.001725745711	-3887.84439480059	14.9998641271303	-117.981311773123	0.154778009692001	0.250882744856521	5.97958602741186	14.9998641271303	0.0665068293396042
"272"	271	-3887.76784191186	-4000.05190387517	-3887.76784191186	-112.284061963307	-3887.76784191186	14.9998641271303	-118.263647990719	0.147686183894176	0.336402140273836	5.97958602741186	14.9998641271303	0.0670984944343471
"273"	272	-3887.69115442848	-4001.28837790802	-3887.69115442848	-113.597223479546	-3887.69115442848	14.9998641271303	-119.576809506958	0.157302516150073	0.498012436169082	5.97958602741186	14.9998641271303	0.0681487459612801
"274"	273	-3887.68933046906	-3998.73103845402	-3887.68933046906	-111.041707984966	-3887.68933046906	14.9998641271303	-117.021294012378	0.16396587729219	0.326574683120223	5.97958602741186	14.9998641271303	0.0702915103124924
"275"	274	-3887.63205666388	-3999.78126901208	-3887.63205666388	-112.1492123482	-3887.63205666388	14.9998641271303	-118.128798375612	0.199871658692226	0.271378054324281	5.97958602741186	14.9998641271303	0.068024986456304
"276"	275	-3887.62601947916	-3999.39349857168	-3887.62601947916	-111.76747909252	-3887.62601947916	14.9998641271303	-117.747065119932	0.142619902862996	0.144612972187609	5.97958602741186	14.9998641271303	0.0673961173754254
"277"	276	-3887.46072512404	-4000.09154088437	-3887.46072512404	-112.630815760335	-3887.46072512404	14.9998641271303	-118.610401787747	0.137586834254632	0.0578724959804984	5.97958602741186	14.9998641271303	0.0679238674320305
"278"	277	-3887.44741652486	-3999.13612093378	-3887.44741652486	-111.688704408924	-3887.44741652486	14.9998641271303	-117.668290436335	0.167863833584369	0.168377302214255	5.97958602741186	14.9998641271303	0.0674758007340388
"279"	278	-3887.43583822833	-3998.95175995567	-3887.43583822833	-111.515921727345	-3887.43583822833	14.9998641271303	-117.495507754756	0.203201375935971	0.121691174978322	5.97958602741186	14.9998641271303	0.067874356231087
"280"	279	-3887.24300686246	-3999.01991944661	-3887.24300686246	-111.776912584148	-3887.24300686246	14.9998641271303	-117.75649861156	0.154590718729472	0.178977637827323	5.97958602741186	14.9998641271303	0.0682901298018641
"281"	280	-3887.11378098088	-3999.2470879153	-3887.11378098088	-112.133306934414	-3887.11378098088	14.9998641271303	-118.112892961826	0.154345169515958	0.0259036188269543	5.97958602741186	14.9998641271303	0.0665846700593447
"282"	281	-3887.039209787	-3998.82254579451	-3887.039209787	-111.783336007513	-3887.039209787	14.9998641271303	-117.762922034925	0.208481217627294	0.0252568935514283	5.97958602741186	14.9998641271303	0.0665846700593447
"283"	282	-3886.96574797147	-3999.29513260566	-3886.96574797147	-112.329384634187	-3886.96574797147	14.9998641271303	-118.308970661599	0.217198690511447	0.0924577091864612	5.97958602741186	14.9998641271303	0.0676124646541637
"284"	283	-3886.78168670091	-3998.85121394911	-3886.78168670091	-112.069527248199	-3886.78168670091	14.9998641271303	-118.04911327561	0.155216946497474	0.313166454336789	5.97958602741186	14.9998641271303	0.0674090008591227
"285"	284	-3886.77341026701	-3998.74569981092	-3886.77341026701	-111.972289543906	-3886.77341026701	14.9998641271303	-117.951875571318	0.164810451569413	0.237354861933489	5.97958602741186	14.9998641271303	0.0673785476350955
"286"	285	-3886.75034989823	-3999.07485718676	-3886.75034989823	-112.324507288536	-3886.75034989823	14.9998641271303	-118.304093315948	0.146988507360866	0.272577523937009	5.97958602741186	14.9998641271303	0.0673785476350955
"287"	286	-3886.67714961599	-3999.5265865198	-3886.67714961599	-112.849436903813	-3886.67714961599	14.9998641271303	-118.829022931224	0.125334609749608	0.370641649356455	5.97958602741186	14.9998641271303	0.0662482041928175
"288"	287	-3886.67349927915	-3999.07668911323	-3886.67349927915	-112.403189834079	-3886.67349927915	14.9998641271303	-118.382775861491	0.158846961200114	0.239226749501867	5.97958602741186	14.9998641271303	0.0662482041928175
"289"	288	-3886.54943253405	-4001.11688596944	-3886.54943253405	-114.567453435392	-3886.54943253405	14.9998641271303	-120.547039462804	0.122651436639263	0.0754630719409542	5.97958602741186	14.9998641271303	0.0667328330013438
"290"	289	-3886.52764810144	-3999.78624329169	-3886.52764810144	-113.25859519025	-3886.52764810144	14.9998641271303	-119.238181217661	0.221058544713922	0.18779089937425	5.97958602741186	14.9998641271303	0.0665040978294444
"291"	290	-3886.51853179685	-3999.1309829827	-3886.51853179685	-112.612451185846	-3886.51853179685	14.9998641271303	-118.592037213258	0.170939791628888	0.348393773572324	5.97958602741186	14.9998641271303	0.0673094882571261
"292"	291	-3886.46896572203	-3997.59132314451	-3886.46896572203	-111.122357422473	-3886.46896572203	14.9998641271303	-117.101943449885	0.178596842998271	0.0900631079901081	5.97958602741186	14.9998641271303	0.0673094882571261
"293"	292	-3886.45055572234	-3998.1442129282	-3886.45055572234	-111.693657205861	-3886.45055572234	14.9998641271303	-117.673243233273	0.180569709908354	0.112777450008825	5.97958602741186	14.9998641271303	0.0672972857857265
"294"	293	-3886.4257960798	-3997.84790884333	-3886.4257960798	-111.422112763526	-3886.4257960798	14.9998641271303	-117.401698790938	0.174788898371208	0.170201055348198	5.97958602741186	14.9998641271303	0.0672972857857265
"295"	294	-3886.38660148445	-4000.95583064482	-3886.38660148445	-114.569229160368	-3886.38660148445	14.9998641271303	-120.54881518778	0.0881095268694592	0.512568667117501	5.97958602741186	14.9998641271303	0.0676948512178058
"296"	295	-3886.34366764097	-4000.02795727556	-3886.34366764097	-113.684289634591	-3886.34366764097	14.9998641271303	-119.663875662003	0.130216594860078	0.566167390197187	5.97958602741186	14.9998641271303	0.0676278153572426
"297"	296	-3886.24978787187	-3998.56354813737	-3886.24978787187	-112.313760265498	-3886.24978787187	14.9998641271303	-118.293346292909	0.166120622162293	0.320107983301259	5.97958602741186	14.9998641271303	0.06759905751448
"298"	297	-3886.23473432578	-4000.01753196979	-3886.23473432578	-113.782797644016	-3886.23473432578	14.9998641271303	-119.762383671428	0.214505059822247	0.2681808930161	5.97958602741186	14.9998641271303	0.06759905751448
"299"	298	-3886.22871632116	-3997.75289861873	-3886.22871632116	-111.524182297564	-3886.22871632116	14.9998641271303	-117.503768324976	0.209356567757412	0.0639383990088124	5.97958602741186	14.9998641271303	0.0674345775920085
"300"	299	-3886.20849496412	-3998.02157921029	-3886.20849496412	-111.813084246164	-3886.20849496412	14.9998641271303	-117.792670273576	0.159208169607319	0.0731418693945616	5.97958602741186	14.9998641271303	0.0674345775920085
"301"	300	-3886.18338024031	-3997.47507738223	-3886.18338024031	-111.291697141922	-3886.18338024031	14.9998641271303	-117.271283169333	0.198698805869479	0.0459400969373086	5.97958602741186	14.9998641271303	0.0666643284716248
"302"	301	-3886.0911727478	-3998.0392050853	-3886.0911727478	-111.948032337505	-3886.0911727478	14.9998641271303	-117.927618364917	0.160424180720296	0.0113304072642616	5.97958602741186	14.9998641271303	0.0666643284716248
"303"	302	-3886.08217195106	-3997.69297901084	-3886.08217195106	-111.610807059781	-3886.08217195106	14.9998641271303	-117.590393087193	0.208303308984336	0.0111937567735658	5.97958602741186	14.9998641271303	0.0666643284716248
"304"	303	-3886.01772991316	-3997.84642850616	-3886.01772991316	-111.828698593	-3886.01772991316	14.9998641271303	-117.808284620411	0.209919217666807	0.0201562572685965	5.97958602741186	14.9998641271303	0.0671382476796944
"305"	304	-3886.01426620806	-3997.94904047985	-3886.01426620806	-111.934774271785	-3886.01426620806	14.9998641271303	-117.914360299197	0.167649328521697	0.158692689573806	5.97958602741186	14.9998641271303	0.0663977199783249
"306"	305	-3886.00701453805	-3998.65041702369	-3886.00701453805	-112.643402485636	-3886.00701453805	14.9998641271303	-118.622988513048	0.177034661587517	0.298847666901298	5.97958602741186	14.9998641271303	0.0668712366402266
"307"	306	-3885.98639652157	-3997.45252660012	-3885.98639652157	-111.466130078552	-3885.98639652157	14.9998641271303	-117.445716105964	0.178000867471929	0.163657452664491	5.97958602741186	14.9998641271303	0.0668712366402266
"308"	307	-3885.96946636774	-3997.61787884887	-3885.96946636774	-111.648412481132	-3885.96946636774	14.9998641271303	-117.627998508544	0.160825106185499	0.0772201310810743	5.97958602741186	14.9998641271303	0.0668712366402266
"309"	308	-3885.96506302949	-3998.49245696118	-3885.96506302949	-112.527393931696	-3885.96506302949	14.9998641271303	-118.506979959108	0.170586756975906	0.322955541519666	5.97958602741186	14.9998641271303	0.0671974565095193
"310"	309	-3885.92308282998	-3997.28461360245	-3885.92308282998	-111.361530772464	-3885.92308282998	14.9998641271303	-117.341116799876	0.186270985985123	0.0924213793065256	5.97958602741186	14.9998641271303	0.0671974565095193
"311"	310	-3885.91917061855	-3998.93998659938	-3885.91917061855	-113.020815980831	-3885.91917061855	14.9998641271303	-119.000402008242	0.21810558576483	0.171461823627608	5.97958602741186	14.9998641271303	0.0667202086891042
"312"	311	-3885.91367344184	-3998.1989870561	-3885.91367344184	-112.285313614255	-3885.91367344184	14.9998641271303	-118.264899641667	0.172446693813793	0.251966602428834	5.97958602741186	14.9998641271303	0.0669496472730963
"313"	312	-3885.88710371807	-3999.20619927793	-3885.88710371807	-113.319095559862	-3885.88710371807	14.9998641271303	-119.298681587274	0.113102533825331	0.383913484447998	5.97958602741186	14.9998641271303	0.0669496472730963
"314"	313	-3885.85943845762	-4004.08332972729	-3885.85943845762	-118.223891269666	-3885.85943845762	14.9998641271303	-124.203477297078	0.194743421078667	0.543997145873253	5.97958602741186	14.9998641271303	0.0669571953259208
"315"	314	-3885.84802793372	-4000.00997865139	-3885.84802793372	-114.161950717675	-3885.84802793372	14.9998641271303	-120.141536745087	0.0956425822868279	0.539436584088431	5.97958602741186	14.9998641271303	0.0666147987233386
"316"	315	-3885.83546424157	-3999.15390531352	-3885.83546424157	-113.318441071955	-3885.83546424157	14.9998641271303	-119.298027099367	0.114646747622087	0.444383417232004	5.97958602741186	14.9998641271303	0.0666147987233386
"317"	316	-3885.80989027629	-3999.19385173738	-3885.80989027629	-113.383961461089	-3885.80989027629	14.9998641271303	-119.363547488501	0.209424665465248	0.248363227167078	5.97958602741186	14.9998641271303	0.0665757200338036
"318"	317	-3885.79283238045	-3997.53466541611	-3885.79283238045	-111.741833035657	-3885.79283238045	14.9998641271303	-117.721419063069	0.167022807418782	0.170864820180622	5.97958602741186	14.9998641271303	0.0665757200338036
"319"	318	-3885.79102808834	-3999.72580716107	-3885.79102808834	-113.934779072733	-3885.79102808834	14.9998641271303	-119.914365100145	0.229726559685462	0.189076931575029	5.97958602741186	14.9998641271303	0.0668972607111186
"320"	319	-3885.78534730178	-3997.49581660333	-3885.78534730178	-111.710469301543	-3885.78534730178	14.9999223326603	-117.696269939489	0.194801829007073	0.0952059893404794	5.98580063794604	14.9999223326603	0.0670111068976012
"321"	320	-3885.77551375202	-3997.35094036871	-3885.77551375202	-111.575426616686	-3885.77551375202	14.9999223326603	-117.561227254632	0.17325252264233	0.114341116226074	5.98580063794604	14.9999223326603	0.0670111068976012
"322"	321	-3885.77538055786	-3998.88662829693	-3885.77538055786	-113.11124773907	-3885.77538055786	14.9999223326603	-119.097048377016	0.119882067668784	0.331164840011239	5.98580063794604	14.9999223326603	0.0670111068976012
"323"	322	-3885.76671338024	-3998.02329129948	-3885.76671338024	-112.256577919238	-3885.76671338024	14.9999223326603	-118.242378557184	0.14629962934417	0.139009647851878	5.98580063794604	14.9999223326603	0.0670111068976012
"324"	323	-3885.76505717384	-3997.20092491757	-3885.76505717384	-111.435867743736	-3885.76505717384	14.9999223326603	-117.421668381682	0.179057501857085	0.126220908974151	5.98580063794604	14.9999223326603	0.0669763487877911
"325"	324	-3885.73663192615	-3997.21689317244	-3885.73663192615	-111.480261246292	-3885.73663192615	14.9999223326603	-117.466061884238	0.178671655303387	0.1279253288732	5.98580063794604	14.9999223326603	0.0669763487877911
"326"	325	-3885.73127846394	-4002.50574271679	-3885.73127846394	-116.774464252852	-3885.73127846394	14.9999223326603	-122.760264890798	0.286948866147618	0.0975666231480397	5.98580063794604	14.9999223326603	0.0669763487877911
"327"	326	-3885.7287725413	-3997.69657352539	-3885.7287725413	-111.96780098409	-3885.7287725413	14.9999223326603	-117.953601622036	0.146110276282451	0.193748599990875	5.98580063794604	14.9999223326603	0.0669763487877911
"328"	327	-3885.72777504075	-3997.58924873752	-3885.72777504075	-111.861473696768	-3885.72777504075	14.9999223326603	-117.847274334714	0.189760655702953	0.179821015885864	5.98580063794604	14.9999223326603	0.0676260401328605
"329"	328	-3885.72756343789	-3997.54184231617	-3885.72756343789	-111.814278878283	-3885.72756343789	14.9999223326603	-117.800079516229	0.183326669497115	0.148401926158943	5.98580063794604	14.9999223326603	0.0666967706093103
"330"	329	-3885.72737722727	-3997.99092119782	-3885.72737722727	-112.263543970549	-3885.72737722727	14.9999223326603	-118.249344608495	0.194438034257791	0.171296836184528	5.98580063794604	14.9999223326603	0.067081007842457
"331"	330	-3885.71628095466	-3997.51920997731	-3885.71628095466	-111.802929022653	-3885.71628095466	14.9999223326603	-117.788729660599	0.160949745964387	0.0157355667791919	5.98580063794604	14.9999223326603	0.067081007842457
"332"	331	-3885.70431133173	-3997.02480373117	-3885.70431133173	-111.320492399444	-3885.70431133173	14.9999223326603	-117.30629303739	0.177621507517363	0.0417493133882162	5.98580063794604	14.9999223326603	0.0673354888899207
"333"	332	-3885.69334165683	-3997.18451066435	-3885.69334165683	-111.491169007523	-3885.69334165683	14.9999223326603	-117.476969645469	0.178405060249241	0.0330409240464109	5.98580063794604	14.9999223326603	0.0673354888899207
"334"	333	-3885.69076395819	-3997.01214501138	-3885.69076395819	-111.321381053192	-3885.69076395819	14.9999223326603	-117.307181691138	0.181758277873589	0.0723182928224502	5.98580063794604	14.9999223326603	0.0670940637131779
"335"	334	-3885.69001845097	-3997.48181734267	-3885.69001845097	-111.791798891707	-3885.69001845097	14.9999223326603	-117.777599529653	0.208778469260319	0.0371811455877104	5.98580063794604	14.9999223326603	0.0670940637131779
"336"	335	-3885.6810392845	-3997.05149040929	-3885.6810392845	-111.370451124794	-3885.6810392845	14.9999223326603	-117.35625176274	0.182118802825715	0.0810226692724059	5.98580063794604	14.9999223326603	0.0670940637131779
"337"	336	-3885.66777462357	-3997.99603330603	-3885.66777462357	-112.328258682456	-3885.66777462357	14.9999223326603	-118.314059320402	0.144928482202443	0.151476081208411	5.98580063794604	14.9999223326603	0.0670940637131779
"338"	337	-3885.66367093623	-3998.07325008252	-3885.66367093623	-112.409579146293	-3885.66367093623	14.9999223326603	-118.395379784239	0.140436802251809	0.331821449646096	5.98580063794604	14.9999223326603	0.0670940637131779
"339"	338	-3885.66278716287	-3997.84678223966	-3885.66278716287	-112.183995076787	-3885.66278716287	14.9999223326603	-118.169795714733	0.143440601695238	0.241008053240649	5.98580063794604	14.9999223326603	0.0670940637131779
"340"	339	-3885.64898469501	-3998.19960477354	-3885.64898469501	-112.55062007853	-3885.64898469501	14.9999223326603	-118.536420716476	0.154161493163178	0.384999825636632	5.98580063794604	14.9999223326603	0.0670940637131779
"341"	340	-3885.63776605628	-3999.99564813651	-3885.63776605628	-114.357882080236	-3885.63776605628	14.9999223326603	-120.343682718182	0.103030825840938	0.336573524439671	5.98580063794604	14.9999223326603	0.0670940637131779
"342"	341	-3885.63745560996	-3998.47400618395	-3885.63745560996	-112.83655057399	-3885.63745560996	14.9999223326603	-118.822351211936	0.120256989003212	0.409296406060869	5.98580063794604	14.9999223326603	0.0671688834848853
"343"	342	-3885.63356342069	-3999.32806316213	-3885.63356342069	-113.694499741436	-3885.63356342069	14.9999223326603	-119.680300379382	0.0999651970614709	0.561112945752544	5.98580063794604	14.9999223326603	0.0669038366671472
"344"	343	-3885.61409674403	-3998.93189778018	-3885.61409674403	-113.317801036152	-3885.61409674403	14.9999223326603	-119.303601674098	0.109991456954834	0.500747307453217	5.98580063794604	14.9999223326603	0.0669038366671472
"345"	344	-3885.61280696499	-3997.89758597323	-3885.61280696499	-112.284779008236	-3885.61280696499	14.9999223326603	-118.270579646182	0.181531319885227	0.251082062983266	5.98580063794604	14.9999223326603	0.0672202778932379
"346"	345	-3885.59876548021	-3997.65268587503	-3885.59876548021	-112.053920394821	-3885.59876548021	14.9999223326603	-118.039721032767	0.149248288175784	0.099918351379485	5.98580063794604	14.9999223326603	0.0672202778932379
"347"	346	-3885.59552135911	-3997.57170608942	-3885.59552135911	-111.97618473031	-3885.59552135911	14.9999223326603	-117.961985368256	0.150637701960041	0.100140679465928	5.98580063794604	14.9999223326603	0.0672202778932379
"348"	347	-3885.59098516192	-3996.78465887262	-3885.59098516192	-111.193673710702	-3885.59098516192	14.9999223326603	-117.179474348648	0.182134597432232	0.0543411707519563	5.98580063794604	14.9999223326603	0.0672202778932379
"349"	348	-3885.58893266996	-3996.63558817086	-3885.58893266996	-111.046655500902	-3885.58893266996	14.9999223326603	-117.032456138848	0.180548254231324	0.00992248244342994	5.98580063794604	14.9999223326603	0.0672202778932379
"350"	349	-3885.57879532702	-3997.24112316397	-3885.57879532702	-111.662327836952	-3885.57879532702	14.9999223326603	-117.648128474898	0.155623673785541	0.100549120517922	5.98580063794604	14.9999223326603	0.0676098034036032
"351"	350	-3885.57750388565	-4000.46214537174	-3885.57750388565	-114.884641486087	-3885.57750388565	14.9999223326603	-120.870442124033	0.0762242200980265	0.613139080919017	5.98580063794604	14.9999223326603	0.0675971423555079
"352"	351	-3885.57697794956	-3998.08692866798	-3885.57697794956	-112.50995071842	-3885.57697794956	14.9999223326603	-118.495751356366	0.185231206301041	0.2917143238584	5.98580063794604	14.9999223326603	0.0675971423555079
"353"	352	-3885.57577170781	-3997.9194245727	-3885.57577170781	-112.343652864885	-3885.57577170781	14.9999223326603	-118.329453502831	0.133208009862751	0.364733942557065	5.98580063794604	14.9999223326603	0.0675631403702687
"354"	353	-3885.57544269473	-3998.19643240396	-3885.57544269473	-112.620989709227	-3885.57544269473	14.9999223326603	-118.606790347173	0.127621806787912	0.414810243301097	5.98580063794604	14.9999223326603	0.0675631403702687
"355"	354	-3885.57540067314	-3997.41230165886	-3885.57540067314	-111.836900985718	-3885.57540067314	14.9999223326603	-117.822701623664	0.149028014416835	0.160897489582337	5.98580063794604	14.9999223326603	0.0675631403702687
"356"	355	-3885.55967488761	-3997.27291811541	-3885.55967488761	-111.713243227798	-3885.55967488761	14.9999223326603	-117.699043865744	0.219730284972601	0.0435631614261564	5.98580063794604	14.9999223326603	0.0675631403702687
"357"	356	-3885.55441325312	-3997.10203301916	-3885.55441325312	-111.547619766045	-3885.55441325312	14.9999223326603	-117.533420403991	0.182633517710591	0.182954455760056	5.98580063794604	14.9999223326603	0.0676015067707347
"358"	357	-3885.55263871492	-3998.83560409675	-3885.55263871492	-113.282965381831	-3885.55263871492	14.9999223326603	-119.268766019777	0.116297071108688	0.267658754241235	5.98580063794604	14.9999223326603	0.0675170295099146
"359"	358	-3885.55114157804	-4000.45730307986	-3885.55114157804	-114.906161501826	-3885.55114157804	14.9999223326603	-120.891962139772	0.0782068126610017	0.570180990310759	5.98580063794604	14.9999223326603	0.0675170295099146
"360"	359	-3885.54942796898	-3998.69946911871	-3885.54942796898	-113.150041149731	-3885.54942796898	14.9999223326603	-119.135841787677	0.154473459859663	0.455772503173748	5.98580063794604	14.9999223326603	0.0675170295099146
"361"	360	-3885.54748211017	-3997.74243914151	-3885.54748211017	-112.194957031332	-3885.54748211017	14.9999223326603	-118.180757669278	0.184525148042978	0.270172730021821	5.98580063794604	14.9999223326603	0.0675170295099146
"362"	361	-3885.54334435475	-3997.81213626651	-3885.54334435475	-112.268791911758	-3885.54334435475	14.9999223326603	-118.254592549704	0.196131234102939	0.237920778353377	5.98580063794604	14.9999223326603	0.0675170295099146
"363"	362	-3885.51582290268	-3998.73713630415	-3885.51582290268	-113.221313401466	-3885.51582290268	14.9999223326603	-119.207114039412	0.1491082956504	0.477280345164328	5.98580063794604	14.9999223326603	0.0675322744273343
"364"	363	-3885.51434101748	-3999.5665786932	-3885.51434101748	-114.052237675726	-3885.51434101748	14.9999223326603	-120.038038313672	0.230050210065138	0.236853138626932	5.98580063794604	14.9999223326603	0.0675322744273343
