"","Sample","NSlikelihood","posterior","likelihood","prior","treeLikelihood.file37262d030bd1","TreeHeight","BirthDeath","BDBirthRate","BDDeathRate","logP.mrca.auto_name_1..","mrca.age.auto_name_1.","clockRate"
"1",0,-6732.57921839388,-9344.64718323606,-6732.57921839388,-2612.06796484218,-6732.57921839388,14.9284222186246,-56.3673882791483,0.50828443307049,0.298702657101074,-2555.70057656303,14.9284222186246,2.10905178974411
"2",1,-6381.79553291749,-9005.69531434312,-6381.79553291749,-2623.89978142562,-6381.79553291749,14.9284222186246,-68.199204862591,0.493607900843588,0.397223495144616,-2555.70057656303,14.9284222186246,5.27373322266043
"3",2,-6297.01024738805,-6367.46709670333,-6297.01024738805,-70.4568493152867,-6297.01024738805,15.0052895552698,-62.4559685848015,0.301189943463876,0.655995798448867,-8.00088073048513,15.0052895552698,6.83285688641462
"4",3,-6252.46090590472,-6331.5553523882,-6252.46090590472,-79.0944464834778,-6252.46090590472,15.0052895552698,-71.0935657529927,0.187688148335638,0.838900349758737,-8.00088073048513,15.0052895552698,17.8857351365953
"5",4,-6238.32462503951,-6321.22985892325,-6238.32462503951,-82.9052338837343,-6238.32462503951,15.0052895552698,-74.9043531532491,0.260880324857619,0.62912303825746,-8.00088073048513,15.0052895552698,264.576070822751
"6",5,-6238.32462489582,-6325.49141171057,-6238.32462489582,-87.1667868147515,-6238.32462489582,15.0052895552698,-79.1659060842664,0.233247671494273,0.735812895639479,-8.00088073048513,15.0052895552698,1135.37951512889
"7",6,-6238.32462221899,-6328.16623037765,-6238.32462221899,-89.8416081586614,-6238.32462221899,15.0052895552698,-81.8407274281763,0.205266459320383,0.739682997452827,-8.00088073048513,15.0052895552698,1013.79270183794
"8",7,-6238.32355956594,-6326.24317816832,-6238.32355956594,-87.9196186023761,-6238.32355956594,15.0052895552698,-79.918737871891,0.2049738523403,0.747957674665659,-8.00088073048513,15.0052895552698,1345.1877796689
"9",8,-6238.23301692644,-6332.6809590469,-6238.23301692644,-94.4479421204633,-6238.23301692644,15.0052895552698,-86.4470613899781,0.122002100823396,0.848279352015818,-8.00088073048513,15.0052895552698,684.255483003119
"10",9,-6237.99450933963,-6319.26071580744,-6237.99450933963,-81.2662064678071,-6237.99450933963,15.0052895552698,-73.2653257373219,0.193084276185521,0.769772736174561,-8.00088073048513,15.0052895552698,342.003376136669
"11",10,-6237.93564336883,-6307.31877338386,-6237.93564336883,-69.3831300150371,-6237.93564336883,15.0052895552698,-61.3822492845519,0.164594732568996,0.89687963560339,-8.00088073048513,15.0052895552698,363.565084183998
"12",11,-6237.73001055604,-6312.63541192796,-6237.73001055604,-74.905401371922,-6237.73001055604,15.0052895552698,-66.9045206414368,0.0739007213931955,0.9401841444255,-8.00088073048513,15.0052895552698,330.457786165104
"13",12,-6237.42049280638,-6312.82682160852,-6237.42049280638,-75.4063288021403,-6237.42049280638,15.0052895552698,-67.4054480716551,0.089250432246857,0.928635429531938,-8.00088073048513,15.0052895552698,214.777336280407
"14",13,-6231.58480229445,-6293.65478840577,-6231.58480229445,-62.0699861113112,-6231.58480229445,15.0052895552698,-54.069105380826,0.171910882936976,0.917311592053418,-8.00088073048513,15.0052895552698,237.981157254796
"15",14,-6199.3162813423,-6258.23462592669,-6199.3162813423,-58.9183445843908,-6199.3162813423,15.0052895552698,-50.9174638539056,0.14766179486462,0.919265453582518,-8.00088073048513,15.0052895552698,101.92589315307
"16",15,-6165.49094114742,-6232.30806137352,-6165.49094114742,-66.817120226099,-6165.49094114742,15.0052895552698,-58.8162394956139,0.235875784818162,0.86714251067082,-8.00088073048513,15.0052895552698,19.7710072749543
"17",16,-6161.50225968546,-6241.08096529139,-6161.50225968546,-79.5787056059354,-6161.50225968546,15.0052895552698,-71.5778248754503,0.308438650080259,0.645619157323221,-8.00088073048513,15.0052895552698,13.805680600332
"18",17,-6160.82520925656,-6245.7318414738,-6160.82520925656,-84.9066322172446,-6160.82520925656,15.0052895552698,-76.9057514867595,0.177015325388999,0.69794695258236,-8.00088073048513,15.0052895552698,16.9668906612148
"19",18,-6128.43915835665,-6190.52940037453,-6128.43915835665,-62.0902420178717,-6128.43915835665,14.9998590363895,-68.0691233939036,0.148295920170329,0.764457000284498,5.97888137603188,14.9998590363895,5.93912133484427
"20",19,-6122.43648145921,-6178.59991887251,-6122.43648145921,-56.1634374133029,-6122.43648145921,14.9998590363895,-62.1423187893348,0.180137714697029,0.859530000880029,5.97888137603188,14.9998590363895,4.80418400715602
"21",20,-6119.41305473757,-6183.98017058754,-6119.41305473757,-64.5671158499748,-6119.41305473757,14.9998590363895,-70.5459972260066,0.164104347789167,0.846980253087119,5.97888137603188,14.9998590363895,5.18330608985546
"22",21,-6062.84943094896,-6134.82940292707,-6062.84943094896,-71.9799719781179,-6062.84943094896,14.9998590363895,-77.9588533541497,0.108113145919192,0.865397027573123,5.97888137603188,14.9998590363895,9.45456853097116
"23",22,-6055.98705434568,-6127.29339068411,-6055.98705434568,-71.3063363384275,-6055.98705434568,14.9998590363895,-77.2852177144594,0.203001562048761,0.834253497620533,5.97888137603188,14.9998590363895,6.42474028168245
"24",23,-6046.87293164586,-6110.77608916577,-6046.87293164586,-63.9031575199096,-6046.87293164586,14.9998590363895,-69.8820388959415,0.130408764567963,0.882610016456029,5.97888137603188,14.9998590363895,7.28964884024113
"25",24,-6012.81741223433,-6089.9432135815,-6012.81741223433,-77.125801347169,-6012.81741223433,14.9990339201686,-82.6479629726429,0.111514659660504,0.902379644569997,5.52216162547381,14.9990339201686,6.35503811052555
"26",25,-5972.92048246882,-6035.27411029049,-5972.92048246882,-62.3536278216693,-5972.92048246882,14.9990339201686,-67.8757894471431,0.0450471036359238,0.952490996752653,5.52216162547381,14.9990339201686,5.94154970097583
"27",26,-5870.60420696417,-5935.9442385095,-5870.60420696417,-65.3400315453311,-5870.60420696417,14.9990339201686,-70.8621931708049,0.0792257182739712,0.932314249752948,5.52216162547381,14.9990339201686,2.20227993817115
"28",27,-5855.4552573837,-5906.690994675,-5855.4552573837,-51.2357372912984,-5855.4552573837,14.9990339201686,-56.7578989167722,0.0805340884595691,0.949702868530761,5.52216162547381,14.9990339201686,2.3845887592287
"29",28,-5839.02191315747,-5898.12610501477,-5839.02191315747,-59.104191857299,-5839.02191315747,14.9990339201686,-64.6263534827728,0.118297861757449,0.888620877953341,5.52216162547381,14.9990339201686,1.96333009267839
"30",29,-5831.64876109878,-5892.22925472502,-5831.64876109878,-60.5804936262406,-5831.64876109878,14.9990339201686,-66.1026552517144,0.125240096472281,0.893472545377281,5.52216162547381,14.9990339201686,2.42843053521259
"31",30,-5824.60367908172,-5895.62915687559,-5824.60367908172,-71.0254777938779,-5824.60367908172,14.9990339201686,-76.5476394193518,0.167680680438257,0.849760999769776,5.52216162547381,14.9990339201686,1.8713242640793
"32",31,-5794.51764692083,-5853.6667853537,-5794.51764692083,-59.1491384328653,-5794.51764692083,14.9990339201686,-64.6713000583391,0.147876485793737,0.888069240134428,5.52216162547381,14.9990339201686,2.47266985218219
"33",32,-5793.1868045317,-5857.37954377535,-5793.1868045317,-64.1927392436469,-5793.1868045317,14.9990339201686,-69.7149008691207,0.185345139848997,0.783978120828749,5.52216162547381,14.9990339201686,2.38869687035922
"34",33,-5776.81178186137,-5834.94470619792,-5776.81178186137,-58.1329243365545,-5776.81178186137,14.9990339201686,-63.6550859620283,0.201581584032446,0.849412196074693,5.52216162547381,14.9990339201686,2.73733790238191
"35",34,-5753.75054854796,-5806.48950424938,-5753.75054854796,-52.7389557014126,-5753.75054854796,14.9990339201686,-58.2611173268864,0.160154355676815,0.880715568023662,5.52216162547381,14.9990339201686,3.28869150568599
"36",35,-5738.3505252004,-5788.47920475064,-5738.3505252004,-50.1286795502348,-5738.3505252004,14.9990339201686,-55.6508411757086,0.207099216313693,0.897689730177564,5.52216162547381,14.9990339201686,2.66058330744289
"37",36,-5709.27685127702,-5772.36240946258,-5709.27685127702,-63.0855581855613,-5709.27685127702,14.9990339201686,-68.6077198110352,0.159922000783881,0.818293348394513,5.52216162547381,14.9990339201686,1.91558861566831
"38",37,-5705.83130364662,-5773.10288662251,-5705.83130364662,-67.2715829758975,-5705.83130364662,14.9990339201686,-72.7937446013713,0.249622363468863,0.795945702101382,5.52216162547381,14.9990339201686,2.83648127288212
"39",38,-5693.00764459231,-5747.85654592029,-5693.00764459231,-54.8489013279814,-5693.00764459231,14.9990339201686,-60.3710629534552,0.267342990278016,0.785630873702958,5.52216162547381,14.9990339201686,2.46972605777905
"40",39,-5667.76141468085,-5729.25549067739,-5667.76141468085,-61.494075996539,-5667.76141468085,14.9990339201686,-67.0162376220128,0.329556993527795,0.788935219641422,5.52216162547381,14.9990339201686,1.84940387918202
"41",40,-5642.542370336,-5716.64936379886,-5642.542370336,-74.1069934628551,-5642.542370336,14.9990339201686,-79.6291550883289,0.142971792600805,0.669848907856459,5.52216162547381,14.9990339201686,1.43384828855613
"42",41,-5636.43534757099,-5709.24587371763,-5636.43534757099,-72.8105261466446,-5636.43534757099,14.9990339201686,-78.3326877721184,0.0924419939891759,0.921899076830518,5.52216162547381,14.9990339201686,2.45498088839567
"43",42,-5630.71562416982,-5716.72354603706,-5630.71562416982,-86.0079218672443,-5630.71562416982,14.9990339201686,-91.5300834927182,0.17395698738453,0.720320229574083,5.52216162547381,14.9990339201686,1.4583597370863
"44",43,-5604.39518028433,-5690.66017664077,-5604.39518028433,-86.2649963564433,-5604.39518028433,14.9990339201686,-91.7871579819171,0.234514374125421,0.530244871331505,5.52216162547381,14.9990339201686,1.11304382113564
"45",44,-5603.71196099859,-5694.57255238095,-5603.71196099859,-90.8605913823563,-5603.71196099859,14.9990339201686,-96.3827530078301,0.100591622494852,0.853841691156497,5.52216162547381,14.9990339201686,1.63963409402749
"46",45,-5601.12207794033,-5679.54499979543,-5601.12207794033,-78.4229218550923,-5601.12207794033,14.9987208238648,-83.5935928084473,0.0966434158125435,0.932617486310791,5.17067095335507,14.9987208238648,1.30669626670236
"47",46,-5589.5280342954,-5662.76345986987,-5589.5280342954,-73.23542557446,-5589.5280342954,14.9987208238648,-78.406096527815,0.194471229785532,0.79284009892879,5.17067095335507,14.9987208238648,1.56953739126771
"48",47,-5584.13523345102,-5665.73541936444,-5584.13523345102,-81.6001859134166,-5584.13523345102,14.9987208238648,-86.7708568667716,0.162171887584112,0.812399746717725,5.17067095335507,14.9987208238648,0.82372672276934
"49",48,-5503.88727776402,-5583.45206499941,-5503.88727776402,-79.5647872353875,-5503.88727776402,14.9987208238648,-84.7354581887426,0.188557243996928,0.709496779835757,5.17067095335507,14.9987208238648,0.853043221200091
"50",49,-5486.60745152434,-5569.11965794525,-5486.60745152434,-82.5122064209103,-5486.60745152434,14.9987208238648,-87.6828773742654,0.229431361482063,0.517929955773211,5.17067095335507,14.9987208238648,0.676702611398244
"51",50,-5463.86760092523,-5545.24691560221,-5463.86760092523,-81.3793146769846,-5463.86760092523,14.9987208238648,-86.5499856303397,0.0685333033041224,0.921163321752659,5.17067095335507,14.9987208238648,0.890661712646297
"52",51,-5415.61492335748,-5497.44281176779,-5415.61492335748,-81.827888410314,-5415.61492335748,14.9987208238648,-86.9985593636691,0.082004013792106,0.822513337376145,5.17067095335507,14.9987208238648,0.681808637508221
"53",52,-5412.27259254866,-5488.28589004098,-5412.27259254866,-76.0132974923196,-5412.27259254866,14.9987208238648,-81.1839684456747,0.204167415984737,0.680815313705189,5.17067095335507,14.9987208238648,0.566050196943212
"54",53,-5409.6998882524,-5492.03457209947,-5409.6998882524,-82.3346838470677,-5409.6998882524,15.0009454266303,-87.8765848362329,0.401042890332516,0.226124124432416,5.54190098916523,15.0009454266303,0.317683905212365
"55",54,-5394.38872279227,-5478.42936331421,-5394.38872279227,-84.040640521938,-5394.38872279227,15.0009454266303,-89.5825415111032,0.307966929293454,0.16716827318216,5.54190098916523,15.0009454266303,0.5052717305436
"56",55,-5391.62084238022,-5480.16730997368,-5391.62084238022,-88.5464675934542,-5391.62084238022,15.0009454266303,-94.0883685826194,0.258942245470878,0.0848045764914302,5.54190098916523,15.0009454266303,0.338205014836302
"57",56,-5363.26126758712,-5457.95878107422,-5363.26126758712,-94.6975134871084,-5363.26126758712,15.0009454266303,-100.239414476274,0.23731647937979,0.0457590116065867,5.54190098916523,15.0009454266303,0.455383516734208
"58",57,-5351.16013201999,-5446.02687847708,-5351.16013201999,-94.8667464570814,-5351.16013201999,15.0009454266303,-100.408647446247,0.235954901967559,0.0436590532815513,5.54190098916523,15.0009454266303,0.322862909413308
"59",58,-5294.70637557741,-5388.90237867034,-5294.70637557741,-94.1960030929304,-5294.70637557741,15.0009454266303,-99.7379040820956,0.305324589914932,0.0290220891329313,5.54190098916523,15.0009454266303,0.203318025507338
"60",59,-5276.80486673502,-5372.82777711822,-5276.80486673502,-96.0229103831991,-5276.80486673502,15.0009454266303,-101.564811372364,0.253828353425598,0.064715612290394,5.54190098916523,15.0009454266303,0.217134856648654
"61",60,-5205.69245530225,-5302.54223598575,-5205.69245530225,-96.8497806835053,-5205.69245530225,15.0009454266303,-102.391681672671,0.252641143724161,0.248277163025172,5.54190098916523,15.0009454266303,0.175025241555964
"62",61,-5173.97377510002,-5267.41609822422,-5173.97377510002,-93.4423231241994,-5173.97377510002,15.0009454266303,-98.9842241133646,0.231036200430429,0.0509823462597033,5.54190098916523,15.0009454266303,0.208529795924416
"63",62,-5170.17990241539,-5269.1428765429,-5170.17990241539,-98.9629741275164,-5170.17990241539,15.0009454266303,-104.504875116682,0.237378112914359,0.16594159435774,5.54190098916523,15.0009454266303,0.180808001342721
"64",63,-5163.8057291108,-5261.0664877694,-5163.8057291108,-97.2607586586073,-5163.8057291108,15.0009454266303,-102.802659647773,0.239178873663925,0.29804290691466,5.54190098916523,15.0009454266303,0.208907604729038
"65",64,-5160.63894086844,-5253.65878980524,-5160.63894086844,-93.019848936802,-5160.63894086844,15.0009454266303,-98.5617499259672,0.196168150674287,0.187473715958848,5.54190098916523,15.0009454266303,0.26203742428342
"66",65,-5107.20818351895,-5199.38563032018,-5107.20818351895,-92.1774468012317,-5107.20818351895,15.0009454266303,-97.7193477903969,0.222765546740096,0.3235533275295,5.54190098916523,15.0009454266303,0.199137029226996
"67",66,-5103.75979502339,-5192.03831085708,-5103.75979502339,-88.2785158336845,-5103.75979502339,15.0009454266303,-93.8204168228498,0.311311357601047,0.382535329434546,5.54190098916523,15.0009454266303,0.239184775138631
"68",67,-5100.5532153185,-5201.11266122888,-5100.5532153185,-100.559445910378,-5100.5532153185,15.0009454266303,-106.101346899543,0.0634385836525274,0.846823389333625,5.54190098916523,15.0009454266303,0.174529899831147
"69",68,-5073.94171249482,-5173.62188261643,-5073.94171249482,-99.6801701216035,-5073.94171249482,15.0009454266303,-105.222071110769,0.11039649841779,0.727708001140554,5.54190098916523,15.0009454266303,0.162459252364649
"70",69,-5066.91017016656,-5160.24001951692,-5066.91017016656,-93.3298493503619,-5066.91017016656,15.0009454266303,-98.8717503395272,0.192125490058715,0.492236036464513,5.54190098916523,15.0009454266303,0.192428025548737
"71",70,-5063.95221949287,-5151.65911904492,-5063.95221949287,-87.7068995520585,-5063.95221949287,15.0009454266303,-93.2488005412238,0.242776119797039,0.371596763549105,5.54190098916523,15.0009454266303,0.337002589812163
"72",71,-5061.48763911064,-5152.43518696014,-5061.48763911064,-90.9475478494994,-5061.48763911064,15.0009454266303,-96.4894488386647,0.22850431365763,0.593315287803576,5.54190098916523,15.0009454266303,0.301100061682361
"73",72,-5030.95062624735,-5122.75319382686,-5030.95062624735,-91.8025675795146,-5030.95062624735,15.0009454266303,-97.3444685686799,0.205629207486494,0.250148588044758,5.54190098916523,15.0009454266303,0.225558567054457
"74",73,-5026.36509536815,-5120.93474252985,-5026.36509536815,-94.5696471617053,-5026.36509536815,15.0009454266303,-100.111548150871,0.183562747206729,0.336718533469245,5.54190098916523,15.0009454266303,0.282379504381626
"75",74,-5005.9187886853,-5097.77809485927,-5005.9187886853,-91.8593061739723,-5005.9187886853,15.0009454266303,-97.4012071631376,0.297229405116969,0.406004110688734,5.54190098916523,15.0009454266303,0.382965915636413
"76",75,-4989.15336078662,-5077.46729019084,-4989.15336078662,-88.3139294042205,-4989.15336078662,15.0009454266303,-93.8558303933858,0.300274294185139,0.470412324230228,5.54190098916523,15.0009454266303,0.361815796002712
"77",76,-4935.25486307319,-5024.51516983658,-4935.25486307319,-89.2603067633978,-4935.25486307319,15.0009454266303,-94.802207752563,0.179509023642437,0.558250380040051,5.54190098916523,15.0009454266303,0.370317381030192
"78",77,-4928.33893778275,-5022.44492646826,-4928.33893778275,-94.1059886855139,-4928.33893778275,15.0009454266303,-99.6478896746792,0.219109790725457,0.453127874821488,5.54190098916523,15.0009454266303,0.22097129202967
"79",78,-4863.629143031,-4954.52010964579,-4863.629143031,-90.8909666147822,-4863.629143031,15.0009454266303,-96.4328676039474,0.174870675058186,0.566712929184952,5.54190098916523,15.0009454266303,0.295845559754005
"80",79,-4794.88534554956,-4880.74641928896,-4794.88534554956,-85.8610737394019,-4794.88534554956,15.0009454266303,-91.4029747285672,0.0968580453401737,0.862519047227551,5.54190098916523,15.0009454266303,0.252345802564272
"81",80,-4790.62840811423,-4879.48802749563,-4790.62840811423,-88.8596193813965,-4790.62840811423,15.0009454266303,-94.4015203705617,0.200809737777708,0.633855529008587,5.54190098916523,15.0009454266303,0.23307220633302
"82",81,-4757.80926980885,-4846.75243203988,-4757.80926980885,-88.9431622310333,-4757.80926980885,15.0009454266303,-94.4850632201985,0.4051641936757,0.254703932578738,5.54190098916523,15.0009454266303,0.350133248754581
"83",82,-4751.81321532888,-4841.22439243223,-4751.81321532888,-89.4111771033503,-4751.81321532888,15.0009454266303,-94.9530780925155,0.19283374938036,0.459756035297396,5.54190098916523,15.0009454266303,0.255063494837989
"84",83,-4738.54693695428,-4829.3859189154,-4738.54693695428,-90.8389819611252,-4738.54693695428,15.0009454266303,-96.3808829502904,0.151449382033258,0.655330696702422,5.54190098916523,15.0009454266303,0.179994435382977
"85",84,-4736.92702945192,-4827.50739997198,-4736.92702945192,-90.5803705200589,-4736.92702945192,15.0009454266303,-96.1222715092241,0.243468248661611,0.388595699973422,5.54190098916523,15.0009454266303,0.190151425841437
"86",85,-4736.85815281074,-4825.88821397642,-4736.85815281074,-89.0300611656771,-4736.85815281074,15.0009454266303,-94.5719621548423,0.238834561935527,0.589988712307682,5.54190098916523,15.0009454266303,0.169817278350806
"87",86,-4701.99680925873,-4786.71317632104,-4701.99680925873,-84.7163670623125,-4701.99680925873,15.0009454266303,-90.2582680514778,0.381325938174744,0.309796686948819,5.54190098916523,15.0009454266303,0.251932740381566
"88",87,-4691.19431269156,-4771.51613396784,-4691.19431269156,-80.3218212762838,-4691.19431269156,15.0009454266303,-85.863722265449,0.267577729692319,0.568680120349625,5.54190098916523,15.0009454266303,0.268425408164115
"89",88,-4686.90066382618,-4766.06623937418,-4686.90066382618,-79.1655755479926,-4686.90066382618,15.0009454266303,-84.7074765371578,0.325427132909829,0.464483272445685,5.54190098916523,15.0009454266303,0.226462862328149
"90",89,-4669.83733811439,-4745.68868021986,-4669.83733811439,-75.8513421054661,-4669.83733811439,15.0009454266303,-81.3932430946313,0.400687123367244,0.330462216847347,5.54190098916523,15.0009454266303,0.316084175022252
"91",90,-4659.70173351105,-4739.81756266581,-4659.70173351105,-80.1158291547585,-4659.70173351105,15.0009454266303,-85.6577301439237,0.218312636877728,0.7180890822709,5.54190098916523,15.0009454266303,0.311489442805698
"92",91,-4652.01464556067,-4722.89463767785,-4652.01464556067,-70.8799921171827,-4652.01464556067,15.0009454266303,-76.421893106348,0.102329402859832,0.91503291159331,5.54190098916523,15.0009454266303,0.363059771875191
"93",92,-4646.59964797316,-4720.92197752933,-4646.59964797316,-74.3223295561706,-4646.59964797316,15.0009454266303,-79.8642305453359,0.0539149093084327,0.936930345144688,5.54190098916523,15.0009454266303,0.228208976174667
"94",93,-4611.55447888334,-4697.88140275685,-4611.55447888334,-86.326923873513,-4611.55447888334,15.0009454266303,-91.8688248626782,0.0596323560302885,0.90697007026693,5.54190098916523,15.0009454266303,0.216779302577031
"95",94,-4611.18301761134,-4696.21824266325,-4611.18301761134,-85.0352250519103,-4611.18301761134,15.0009454266303,-90.5771260410755,0.216240463915511,0.719185881079902,5.54190098916523,15.0009454266303,0.177674125533772
"96",95,-4591.31791046558,-4682.86205748669,-4591.31791046558,-91.5441470211062,-4591.31791046558,15.0009454266303,-97.0860480102714,0.170212600843752,0.566134223085044,5.54190098916523,15.0009454266303,0.200821630611095
"97",96,-4585.91403533588,-4674.58303026001,-4585.91403533588,-88.6689949241279,-4585.91403533588,15.0009454266303,-94.2108959132932,0.238406611783486,0.56241065919248,5.54190098916523,15.0009454266303,0.1543565240111
"98",97,-4582.34409895419,-4673.87889645605,-4582.34409895419,-91.5347975018563,-4582.34409895419,15.0009454266303,-97.0766984910215,0.259703176612285,0.22331592000052,5.54190098916523,15.0009454266303,0.171137464757826
"99",98,-4578.6036609408,-4672.14646084483,-4578.6036609408,-93.5427999040254,-4578.6036609408,15.0009454266303,-99.0847008931907,0.192896766526934,0.416534354849532,5.54190098916523,15.0009454266303,0.141986634158057
"100",99,-4568.90620955858,-4661.48087039646,-4568.90620955858,-92.5746608378828,-4568.90620955858,15.0009454266303,-98.116561827048,0.163472736332838,0.617993035817576,5.54190098916523,15.0009454266303,0.140530567217186
"101",100,-4568.37941724185,-4662.73021604133,-4568.37941724185,-94.3507987994743,-4568.37941724185,15.0013338331421,-99.4500601197506,0.144164949637139,0.76883825403237,5.09926132027632,15.0013338331421,0.154369386508479
"102",101,-4531.7953779693,-4634.1747427231,-4531.7953779693,-102.379364753809,-4531.7953779693,15.0013338331421,-107.478626074085,0.139874525382654,0.690273833699972,5.09926132027632,15.0013338331421,0.13360761412988
"103",102,-4448.24726855335,-4544.41940602599,-4448.24726855335,-96.1721374726436,-4448.24726855335,15.0013338331421,-101.27139879292,0.0821710864958711,0.749732957482201,5.09926132027632,15.0013338331421,0.118114541220552
"104",103,-4420.91065881899,-4503.81424132062,-4420.91065881899,-82.9035825016254,-4420.91065881899,15.0013338331421,-88.0028438219017,0.0631217937933799,0.863173684387763,5.09926132027632,15.0013338331421,0.223286448907809
"105",104,-4408.97528728017,-4496.67278540283,-4408.97528728017,-87.6974981226654,-4408.97528728017,15.0013338331421,-92.7967594429417,0.235261724280573,0.61336035673108,5.09926132027632,15.0013338331421,0.156362653353093
"106",105,-4397.97875498224,-4492.31568207572,-4397.97875498224,-94.3369270934847,-4397.97875498224,15.0013338331421,-99.4361884137611,0.144423981814556,0.673069547194369,5.09926132027632,15.0013338331421,0.126565006797218
"107",106,-4378.77275004941,-4468.38024289845,-4378.77275004941,-89.6074928490312,-4378.77275004941,15.0013338331421,-94.7067541693075,0.0728768207073476,0.886418889026016,5.09926132027632,15.0013338331421,0.131408504944071
"108",107,-4372.49563624953,-4461.58129336614,-4372.49563624953,-89.0856571166143,-4372.49563624953,15.0013338331421,-94.1849184368907,0.220433191880335,0.256092483802361,5.09926132027632,15.0013338331421,0.160181861729408
"109",108,-4363.68528937691,-4451.56339404244,-4363.68528937691,-87.8781046655213,-4363.68528937691,15.0013338331421,-92.9773659857977,0.209463555875705,0.34947147576399,5.09926132027632,15.0013338331421,0.1684190907975
"110",109,-4359.98123216094,-4448.55655462319,-4359.98123216094,-88.5753224622451,-4359.98123216094,15.0013338331421,-93.6745837825215,0.225826302057088,0.349650857010194,5.09926132027632,15.0013338331421,0.162644246363107
"111",110,-4352.98514500882,-4438.3289915081,-4352.98514500882,-85.3438464992817,-4352.98514500882,15.0013338331421,-90.443107819558,0.207884929249656,0.5326189594248,5.09926132027632,15.0013338331421,0.203900687531386
"112",111,-4347.46274449553,-4433.56679908921,-4347.46274449553,-86.1040545936847,-4347.46274449553,15.0013338331421,-91.203315913961,0.191696918744204,0.554048926965652,5.09926132027632,15.0013338331421,0.162453012772275
"113",112,-4336.42460522691,-4422.50645241154,-4336.42460522691,-86.0818471846289,-4336.42460522691,15.0013338331421,-91.1811085049052,0.278689009244657,0.50703340496135,5.09926132027632,15.0013338331421,0.179994858157459
"114",113,-4309.71965264264,-4402.3353318173,-4309.71965264264,-92.6156791746666,-4309.71965264264,15.0013338331421,-97.7149404949429,0.357945096100112,0.275053549087345,5.09926132027632,15.0013338331421,0.192876704506516
"115",114,-4252.11802064741,-4346.22143064633,-4252.11802064741,-94.1034099989206,-4252.11802064741,15.0013338331421,-99.202671319197,0.234387588797585,0.190777620368988,5.09926132027632,15.0013338331421,0.135880002581106
"116",115,-4235.57605529075,-4325.19531364634,-4235.57605529075,-89.6192583555907,-4235.57605529075,15.0013338331421,-94.7185196758671,0.314473641921428,0.312000437191074,5.09926132027632,15.0013338331421,0.125629084606258
"117",116,-4228.86947765736,-4321.68882311865,-4228.86947765736,-92.8193454612863,-4228.86947765736,15.0013338331421,-97.9186067815627,0.294579776877461,0.424841922967667,5.09926132027632,15.0013338331421,0.140601620791058
"118",117,-4223.0880005714,-4322.19802756458,-4223.0880005714,-99.1100269931756,-4223.0880005714,15.0013338331421,-104.209288313452,0.204383783922907,0.216846478515653,5.09926132027632,15.0013338331421,0.11164963170376
"119",118,-4203.55150361915,-4307.41154764377,-4203.55150361915,-103.860044024621,-4203.55150361915,15.0013338331421,-108.959305344897,0.213496156927324,0.138383787350521,5.09926132027632,15.0013338331421,0.0831179287932898
"120",119,-4200.81119661575,-4304.97469427381,-4200.81119661575,-104.163497658052,-4200.81119661575,15.0013338331421,-109.262758978328,0.216253925330183,0.0858073393343943,5.09926132027632,15.0013338331421,0.0984800389564204
"121",120,-4199.71085984715,-4308.06079664929,-4199.71085984715,-108.349936802145,-4199.71085984715,15.0013338331421,-113.449198122421,0.159648955493949,0.376609405655921,5.09926132027632,15.0013338331421,0.0776175636739468
"122",121,-4199.60334104427,-4310.12777104146,-4199.60334104427,-110.524429997193,-4199.60334104427,15.0013338331421,-115.623691317469,0.0939568037324248,0.507145979124382,5.09926132027632,15.0013338331421,0.0846194775894095
"123",122,-4193.13621954166,-4304.1420439993,-4193.13621954166,-111.005824457635,-4193.13621954166,15.0013338331421,-116.105085777912,0.156486323350998,0.396202078402207,5.09926132027632,15.0013338331421,0.0796615419549032
"124",123,-4192.81346815559,-4303.08223986817,-4192.81346815559,-110.268771712571,-4192.81346815559,15.0013338331421,-115.368033032847,0.219663590485108,0.29459801008151,5.09926132027632,15.0013338331421,0.0899428617697771
"125",124,-4166.18675794634,-4271.73504923822,-4166.18675794634,-105.548291291883,-4166.18675794634,15.0013338331421,-110.64755261216,0.267113526567814,0.16897326421076,5.09926132027632,15.0013338331421,0.0953922854256116
"126",125,-4163.54837058233,-4266.67688021594,-4163.54837058233,-103.12850963361,-4163.54837058233,15.0013338331421,-108.227770953886,0.166166890554274,0.200303862036571,5.09926132027632,15.0013338331421,0.0993261581394082
"127",126,-4139.48025641088,-4241.24304431144,-4139.48025641088,-101.762787900554,-4139.48025641088,15.0013338331421,-106.86204922083,0.227334089900975,0.176726517919924,5.09926132027632,15.0013338331421,0.0922123359604285
"128",127,-4135.98703505989,-4242.5139205386,-4135.98703505989,-106.526885478709,-4135.98703505989,15.0013338331421,-111.626146798986,0.129672456146107,0.50701042156474,5.09926132027632,15.0013338331421,0.100728667065164
"129",128,-4128.62469380723,-4239.69051140061,-4128.62469380723,-111.065817593378,-4128.62469380723,15.0013338331421,-116.165078913654,0.221280329947172,0.170047617422544,5.09926132027632,15.0013338331421,0.08073430777955
"130",129,-4123.48747220225,-4237.53721906433,-4123.48747220225,-114.049746862083,-4123.48747220225,15.0013338331421,-119.149008182359,0.118695589973111,0.296117072448211,5.09926132027632,15.0013338331421,0.0715290802370023
"131",130,-4119.36110713487,-4230.63602199574,-4119.36110713487,-111.274914860869,-4119.36110713487,15.0013338331421,-116.374176181146,0.189324806027449,0.244744982142041,5.09926132027632,15.0013338331421,0.0663916252260148
"132",131,-4113.85482939117,-4230.02117599149,-4113.85482939117,-116.166346600323,-4113.85482939117,15.0013338331421,-121.265607920599,0.0975764405689702,0.450319364402855,5.09926132027632,15.0013338331421,0.0621461823796534
"133",132,-4111.10821863931,-4226.58897821501,-4111.10821863931,-115.480759575702,-4111.10821863931,15.0013338331421,-120.580020895978,0.141053537892292,0.430472992385222,5.09926132027632,15.0013338331421,0.0700921311641182
"134",133,-4107.44931826362,-4219.79244373091,-4107.44931826362,-112.343125467289,-4107.44931826362,15.0013338331421,-117.442386787566,0.142982216276266,0.320188904096828,5.09926132027632,15.0013338331421,0.0663421646317983
"135",134,-4100.09108030663,-4211.56492843996,-4100.09108030663,-111.473848133337,-4100.09108030663,15.0013338331421,-116.573109453613,0.118770006750659,0.465321587193313,5.09926132027632,15.0013338331421,0.0617435186156455
"136",135,-4099.61440562612,-4204.61687709011,-4099.61440562612,-105.002471463998,-4099.61440562612,15.0013338331421,-110.101732784275,0.176099472863223,0.469618673313204,5.09926132027632,15.0013338331421,0.0646551711616675
"137",136,-4099.15992066526,-4200.84301669008,-4099.15992066526,-101.683096024811,-4099.15992066526,15.0013338331421,-106.782357345087,0.210067558153034,0.272833467958223,5.09926132027632,15.0013338331421,0.0838385192272738
"138",137,-4098.94743977494,-4204.18463761636,-4098.94743977494,-105.237197841427,-4098.94743977494,15.0013338331421,-110.336459161704,0.196143917386772,0.570606482536149,5.09926132027632,15.0013338331421,0.107843222550293
"139",138,-4084.67009632133,-4184.73153167498,-4084.67009632133,-100.061435353648,-4084.67009632133,15.0013338331421,-105.160696673925,0.188772776126354,0.311143548148856,5.09926132027632,15.0013338331421,0.0916977487128014
"140",139,-4071.51656588714,-4174.63317738254,-4071.51656588714,-103.116611495408,-4071.51656588714,15.0013338331421,-108.215872815684,0.224503209917038,0.105830275574174,5.09926132027632,15.0013338331421,0.0721384126951097
"141",140,-4061.99862872048,-4170.11101925844,-4061.99862872048,-108.112390537958,-4061.99862872048,15.0013338331421,-113.211651858234,0.20638279898748,0.144894949254394,5.09926132027632,15.0013338331421,0.0768463463596258
"142",141,-4042.10594349954,-4147.1369212102,-4042.10594349954,-105.030977710664,-4042.10594349954,15.0013338331421,-110.130239030941,0.169484681489544,0.272514529011885,5.09926132027632,15.0013338331421,0.0778815702037064
"143",142,-4041.34163150734,-4144.80302913596,-4041.34163150734,-103.461397628625,-4041.34163150734,15.0013338331421,-108.560658948901,0.25625064317584,0.220836749716672,5.09926132027632,15.0013338331421,0.09450148238744
"144",143,-4040.12973713692,-4145.65295180289,-4040.12973713692,-105.523214665965,-4040.12973713692,15.0013338331421,-110.622475986241,0.164440367898558,0.154462286957285,5.09926132027632,15.0013338331421,0.0921632601638811
"145",144,-4029.45659012017,-4138.55553618815,-4029.45659012017,-109.098946067981,-4029.45659012017,15.0013338331421,-114.198207388258,0.155868397217426,0.347489421205384,5.09926132027632,15.0013338331421,0.070305893198144
"146",145,-4016.79661566979,-4126.25134359437,-4016.79661566979,-109.454727924579,-4016.79661566979,15.0013338331421,-114.553989244855,0.158372204128138,0.518637817690393,5.09926132027632,15.0013338331421,0.0678291170723863
"147",146,-4016.46041255752,-4125.89836614384,-4016.46041255752,-109.437953586321,-4016.46041255752,15.0013338331421,-114.537214906598,0.180341465887415,0.57021220198744,5.09926132027632,15.0013338331421,0.0734658519996094
"148",147,-4014.09100350065,-4121.52212455052,-4014.09100350065,-107.431121049878,-4014.09100350065,15.0013338331421,-112.530382370155,0.160695778939366,0.239690102961353,5.09926132027632,15.0013338331421,0.0789488890507885
"149",148,-4008.8599183781,-4117.12260434529,-4008.8599183781,-108.262685967192,-4008.8599183781,15.0013338331421,-113.361947287468,0.185044979540107,0.409526144899554,5.09926132027632,15.0013338331421,0.0778744166495379
"150",149,-4008.85277225757,-4119.07904132228,-4008.85277225757,-110.226269064712,-4008.85277225757,15.0013338331421,-115.325530384988,0.188448099241318,0.602705095052556,5.09926132027632,15.0013338331421,0.0767889077724126
"151",150,-4006.50879565297,-4113.75521617979,-4006.50879565297,-107.246420526822,-4006.50879565297,15.0013338331421,-112.345681847098,0.180201128580705,0.276429565575071,5.09926132027632,15.0013338331421,0.0719110362537438
"152",151,-4001.35754016148,-4108.14338824539,-4001.35754016148,-106.785848083915,-4001.35754016148,15.0013338331421,-111.885109404191,0.189445693629311,0.166101069752964,5.09926132027632,15.0013338331421,0.0782809172839953
"153",152,-3999.63751411184,-4109.63974858924,-3999.63751411184,-110.002234477401,-3999.63751411184,15.0013338331421,-115.101495797678,0.171163588281748,0.201721690786893,5.09926132027632,15.0013338331421,0.0726785430332684
"154",153,-3998.26133619714,-4111.89217824228,-3998.26133619714,-113.630842045143,-3998.26133619714,15.0013338331421,-118.730103365419,0.1452894758838,0.0289269977257054,5.09926132027632,15.0013338331421,0.0669112179235517
"155",154,-3997.79292725544,-4112.21791537931,-3997.79292725544,-114.424988123873,-3997.79292725544,15.0013338331421,-119.524249444149,0.159872946404724,0.0621318733518574,5.09926132027632,15.0013338331421,0.067068271311368
"156",155,-3991.30633418586,-4105.75952438729,-3991.30633418586,-114.453190201433,-3991.30633418586,15.0013338331421,-119.55245152171,0.104785378201282,0.433280895631687,5.09926132027632,15.0013338331421,0.0704078169695778
"157",156,-3990.37618924619,-4105.74476919229,-3990.37618924619,-115.368579946105,-3990.37618924619,15.0013338331421,-120.467841266381,0.159956243364758,0.502928063969928,5.09926132027632,15.0013338331421,0.0571447647679688
"158",157,-3989.59952062824,-4106.43263931467,-3989.59952062824,-116.833118686423,-3989.59952062824,15.0013338331421,-121.932380006699,0.122809112448219,0.64394104833427,5.09926132027632,15.0013338331421,0.0602223086631314
"159",158,-3989.25333053178,-4105.82446646933,-3989.25333053178,-116.571135937554,-3989.25333053178,15.0013338331421,-121.67039725783,0.149185265313421,0.303020644186944,5.09926132027632,15.0013338331421,0.0528390761584428
"160",159,-3987.75131616108,-4103.69306268649,-3987.75131616108,-115.941746525408,-3987.75131616108,15.0013338331421,-121.041007845685,0.176825914326985,0.0916625062894773,5.09926132027632,15.0013338331421,0.0600712128799524
"161",160,-3986.95928368299,-4105.82566972899,-3986.95928368299,-118.866386046002,-3986.95928368299,15.0013338331421,-123.965647366278,0.120595847788659,0.017929982578371,5.09926132027632,15.0013338331421,0.0606122487911893
"162",161,-3985.62595057676,-4099.09986574985,-3985.62595057676,-113.473915173087,-3985.62595057676,15.0013338331421,-118.573176493363,0.169447647984616,0.0457121047611047,5.09926132027632,15.0013338331421,0.0702655583371382
"163",162,-3982.67878880123,-4098.12179365206,-3982.67878880123,-115.443004850826,-3982.67878880123,14.9984785225663,-120.274374805941,0.188636418164777,0.0578491553963761,4.83136995511584,14.9984785225663,0.0610907736576391
"164",163,-3982.52561858518,-4095.27363810202,-3982.52561858518,-112.748019516837,-3982.52561858518,14.9984785225663,-117.579389471952,0.17894108959448,0.0393828539743079,4.83136995511584,14.9984785225663,0.0643338426884805
"165",164,-3980.96693119284,-4088.04483083269,-3980.96693119284,-107.077899639845,-3980.96693119284,14.9984785225663,-111.909269594961,0.27641194992796,0.100966942088834,4.83136995511584,14.9984785225663,0.0769163302181157
"166",165,-3979.34158375883,-4085.01871609509,-3979.34158375883,-105.677132336254,-3979.34158375883,14.9984785225663,-110.50850229137,0.240520007602453,0.0631223663987664,4.83136995511584,14.9984785225663,0.0792099025271108
"167",166,-3976.98690334135,-4085.11857257092,-3976.98690334135,-108.131669229569,-3976.98690334135,14.9984785225663,-112.963039184685,0.211544987327949,0.0452974628514147,4.83136995511584,14.9984785225663,0.0756388189309493
"168",167,-3973.34090979843,-4085.03860820424,-3973.34090979843,-111.69769840581,-3973.34090979843,14.9984785225663,-116.529068360926,0.246608344588627,0.105920855772354,4.83136995511584,14.9984785225663,0.0694560424844974
"169",168,-3972.11061287439,-4079.99230363674,-3972.11061287439,-107.881690762351,-3972.11061287439,15.0017487763059,-112.341398224055,0.175077517377212,0.419633079777462,4.45970746170373,15.0017487763059,0.0667425850533661
"170",169,-3970.10029567666,-4076.17409123408,-3970.10029567666,-106.073795557418,-3970.10029567666,15.0017487763059,-110.533503019121,0.197416552707715,0.292902901849743,4.45970746170373,15.0017487763059,0.0816072857297481
"171",170,-3969.31881747938,-4077.11906438862,-3969.31881747938,-107.800246909236,-3969.31881747938,15.0017487763059,-112.25995437094,0.236261446918465,0.40958430988936,4.45970746170373,15.0017487763059,0.0781778128874095
"172",171,-3967.98093850925,-4076.83241241508,-3967.98093850925,-108.851473905836,-3967.98093850925,15.0017487763059,-113.311181367539,0.177105052156045,0.569816853667308,4.45970746170373,15.0017487763059,0.0720698442577888
"173",172,-3967.45054534538,-4081.02438718204,-3967.45054534538,-113.573841836657,-3967.45054534538,15.0017487763059,-118.033549298361,0.199027119775997,0.364387321902419,4.45970746170373,15.0017487763059,0.0670282854790246
"174",173,-3962.75181546747,-4075.3093640832,-3962.75181546747,-112.557548615725,-3962.75181546747,15.0017487763059,-117.017256077429,0.201574096657651,0.348633914044125,4.45970746170373,15.0017487763059,0.0641982973811332
"175",174,-3962.45669291248,-4076.90315011732,-3962.45669291248,-114.446457204837,-3962.45669291248,15.0017487763059,-118.906164666541,0.156965356086388,0.25997930837068,4.45970746170373,15.0017487763059,0.063933417229658
"176",175,-3959.92614376289,-4071.93352877284,-3959.92614376289,-112.007385009952,-3959.92614376289,15.0017487763059,-116.467092471656,0.154747199204534,0.382637521852894,4.45970746170373,15.0017487763059,0.066648568714072
"177",176,-3957.61653293168,-4068.54768668266,-3957.61653293168,-110.931153750985,-3957.61653293168,15.0017487763059,-115.390861212689,0.171155329958683,0.365853139139039,4.45970746170373,15.0017487763059,0.0703022459960987
"178",177,-3957.05302989994,-4064.21285161377,-3957.05302989994,-107.159821713834,-3957.05302989994,15.0001147360249,-113.142056281907,0.193766220217653,0.210619269829542,5.98223456807278,15.0001147360249,0.0678902794036173
"179",178,-3952.74024479737,-4063.01266839242,-3952.74024479737,-110.27242359505,-3952.74024479737,15.0001147360249,-116.254658163123,0.178889278780789,0.322267834466125,5.98223456807278,15.0001147360249,0.0651527487805963
"180",179,-3951.74506044058,-4063.45500249039,-3951.74506044058,-111.709942049808,-3951.74506044058,15.0001147360249,-117.692176617881,0.191330044606178,0.46022871925598,5.98223456807278,15.0001147360249,0.0683800752955895
"181",180,-3950.62358182844,-4061.26652019154,-3950.62358182844,-110.642938363092,-3950.62358182844,15.0001147360249,-116.625172931165,0.136632369685282,0.546829947393528,5.98223456807278,15.0001147360249,0.0621565356188384
"182",181,-3947.74456450977,-4058.2164813848,-3947.74456450977,-110.471916875036,-3947.74456450977,15.0001147360249,-116.454151443109,0.147424197419347,0.343620293111222,5.98223456807278,15.0001147360249,0.0673842590626446
"183",182,-3946.53175951577,-4056.97325953649,-3946.53175951577,-110.441500020715,-3946.53175951577,15.0001147360249,-116.423734588788,0.152056841275661,0.221078414810008,5.98223456807278,15.0001147360249,0.0676667004814719
"184",183,-3944.4860372661,-4052.62691915015,-3944.4860372661,-108.140881884053,-3944.4860372661,15.0001147360249,-114.123116452126,0.182060437386063,0.388041752946204,5.98223456807278,15.0001147360249,0.0713208647017961
"185",184,-3943.62752678991,-4049.55341537293,-3943.62752678991,-105.925888583015,-3943.62752678991,15.0001147360249,-111.908123151087,0.145454350661906,0.313545091132734,5.98223456807278,15.0001147360249,0.0721211865468143
"186",185,-3942.78664457791,-4048.70329351282,-3942.78664457791,-105.916648934915,-3942.78664457791,15.0001147360249,-111.898883502988,0.190496640440936,0.31505941475992,5.98223456807278,15.0001147360249,0.0704627644830684
"187",186,-3942.6624344002,-4049.40729126119,-3942.6624344002,-106.744856860983,-3942.6624344002,15.0001147360249,-112.727091429056,0.23365694644724,0.0899135317311407,5.98223456807278,15.0001147360249,0.0716316006144085
"188",187,-3942.59893354455,-4050.33437219869,-3942.59893354455,-107.735438654141,-3942.59893354455,15.0001147360249,-113.717673222214,0.231223593066087,0.0925048309465761,5.98223456807278,15.0001147360249,0.0664286747934272
"189",188,-3941.21503994527,-4054.05777677544,-3941.21503994527,-112.842736830173,-3941.21503994527,15.0001147360249,-118.824971398246,0.197724001374423,0.17076209945945,5.98223456807278,15.0001147360249,0.0614069067185039
"190",189,-3940.84749735502,-4053.56191219752,-3940.84749735502,-112.714414842501,-3940.84749735502,15.0001147360249,-118.696649410574,0.186175060922737,0.139115824564558,5.98223456807278,15.0001147360249,0.0631477327067797
"191",190,-3939.96626487818,-4048.72099453594,-3939.96626487818,-108.754729657755,-3939.96626487818,15.0001147360249,-114.736964225828,0.202036738938866,0.0493293478759758,5.98223456807278,15.0001147360249,0.0682234398679323
"192",191,-3939.15774537529,-4046.45381143697,-3939.15774537529,-107.29606606168,-3939.15774537529,15.0001147360249,-113.278300629753,0.21673902466314,0.33424808038999,5.98223456807278,15.0001147360249,0.0705272734567288
"193",192,-3939.15766478059,-4046.36278371365,-3939.15766478059,-107.205118933064,-3939.15766478059,15.0001147360249,-113.187353501136,0.201998760269902,0.5069012942124,5.98223456807278,15.0001147360249,0.0727720702767817
"194",193,-3938.44846512461,-4048.76627198538,-3938.44846512461,-110.317806860773,-3938.44846512461,15.0001147360249,-116.300041428846,0.110939534906574,0.380412617006665,5.98223456807278,15.0001147360249,0.0677051392623554
"195",194,-3938.18995007484,-4049.22509477662,-3938.18995007484,-111.03514470178,-3938.18995007484,15.0001147360249,-117.017379269852,0.230821876353109,0.200544774019655,5.98223456807278,15.0001147360249,0.0644381161870216
"196",195,-3937.54241596532,-4045.0408879044,-3937.54241596532,-107.49847193908,-3937.54241596532,15.0001147360249,-113.480706507153,0.233293809130996,0.0320972880998785,5.98223456807278,15.0001147360249,0.0737571193373843
"197",196,-3937.43564713715,-4043.19532285205,-3937.43564713715,-105.759675714891,-3937.43564713715,15.0001147360249,-111.741910282964,0.226842333053399,0.0340338510725719,5.98223456807278,15.0001147360249,0.0716197053440164
"198",197,-3936.99114390429,-4046.34503588476,-3936.99114390429,-109.353891980476,-3936.99114390429,15.0001147360249,-115.336126548549,0.165984357723494,0.22464909392985,5.98223456807278,15.0001147360249,0.0687405376727238
"199",198,-3934.61771915507,-4046.44625194741,-3934.61771915507,-111.828532792343,-3934.61771915507,15.0001147360249,-117.810767360416,0.144091793948519,0.484152163465334,5.98223456807278,15.0001147360249,0.0658602513913645
"200",199,-3934.02552888861,-4044.27636005568,-3934.02552888861,-110.250831167069,-3934.02552888861,15.0001147360249,-116.233065735142,0.204480291578904,0.154409783974549,5.98223456807278,15.0001147360249,0.0692987903882487
"201",200,-3933.63081006099,-4040.94981176303,-3933.63081006099,-107.319001702046,-3933.63081006099,15.0001147360249,-113.301236270119,0.205562427720976,0.35504737996233,5.98223456807278,15.0001147360249,0.0675640027259943
"202",201,-3933.15885430105,-4039.25624590073,-3933.15885430105,-106.097391599672,-3933.15885430105,15.0001147360249,-112.079626167745,0.155025548216814,0.337831526132696,5.98223456807278,15.0001147360249,0.0748708026402156
"203",202,-3932.18845161863,-4038.94368933354,-3932.18845161863,-106.755237714909,-3932.18845161863,15.0001147360249,-112.737472282982,0.174654734548658,0.292031098671419,5.98223456807278,15.0001147360249,0.0705055167044364
"204",203,-3931.36478232158,-4039.36053410544,-3931.36478232158,-107.995751783858,-3931.36478232158,15.0001147360249,-113.977986351931,0.107905419545565,0.45120562934004,5.98223456807278,15.0001147360249,0.0717435004115372
"205",204,-3929.04440800423,-4037.23367754334,-3929.04440800423,-108.189269539107,-3929.04440800423,15.0001147360249,-114.171504107179,0.135442095526274,0.573323031841524,5.98223456807278,15.0001147360249,0.0690357001690443
"206",205,-3928.85748552728,-4035.28969589874,-3928.85748552728,-106.432210371454,-3928.85748552728,15.0001147360249,-112.414444939527,0.167447929087004,0.165261015618866,5.98223456807278,15.0001147360249,0.0694132583833614
"207",206,-3928.19241247219,-4035.81421239811,-3928.19241247219,-107.621799925917,-3928.19241247219,15.0001147360249,-113.604034493989,0.155336530675276,0.569665881334666,5.98223456807278,15.0001147360249,0.0695694463255856
"208",207,-3928.06035739985,-4034.2650644287,-3928.06035739985,-106.204707028847,-3928.06035739985,15.0001147360249,-112.18694159692,0.211425406908179,0.104899618052748,5.98223456807278,15.0001147360249,0.0716309412476989
"209",208,-3927.65242049129,-4039.84973514155,-3927.65242049129,-112.197314650255,-3927.65242049129,15.0001147360249,-118.179549218328,0.112342315491576,0.0715828073487605,5.98223456807278,15.0001147360249,0.0763051493865041
"210",209,-3925.78607463137,-4032.97949280667,-3925.78607463137,-107.193418175299,-3925.78607463137,15.0001147360249,-113.175652743371,0.171654161026586,0.352460723518101,5.98223456807278,15.0001147360249,0.070326940814939
"211",210,-3925.73138666324,-4034.17736507472,-3925.73138666324,-108.445978411482,-3925.73138666324,14.9989330184749,-113.865570369815,0.207027460638855,0.329300141093355,5.41959195833353,14.9989330184749,0.0688084820152256
"212",211,-3925.23238275419,-4032.7729052801,-3925.23238275419,-107.540522525908,-3925.23238275419,14.9989330184749,-112.960114484241,0.165140184517353,0.399893584616642,5.41959195833353,14.9989330184749,0.0688663884451263
"213",212,-3924.86637511348,-4032.26891976245,-3924.86637511348,-107.402544648967,-3924.86637511348,14.9989330184749,-112.822136607301,0.168095829941752,0.478189362279585,5.41959195833353,14.9989330184749,0.0707005790825367
"214",213,-3924.7931407503,-4031.90971732139,-3924.7931407503,-107.116576571095,-3924.7931407503,14.9989330184749,-112.536168529428,0.162823497631573,0.323953518136869,5.41959195833353,14.9989330184749,0.0715998510294012
"215",214,-3924.66530389885,-4030.43804119292,-3924.66530389885,-105.772737294079,-3924.66530389885,14.9989330184749,-111.192329252413,0.159975499208887,0.404843158807327,5.41959195833353,14.9989330184749,0.0747556714256912
"216",215,-3924.57240700411,-4031.40020193019,-3924.57240700411,-106.827794926079,-3924.57240700411,14.9989330184749,-112.247386884413,0.178101859182932,0.347828441211944,5.41959195833353,14.9989330184749,0.0742451743945826
"217",216,-3924.10256262845,-4031.5685155835,-3924.10256262845,-107.46595295505,-3924.10256262845,14.9989330184749,-112.885544913383,0.140968311797404,0.228599815802969,5.41959195833353,14.9989330184749,0.0753535577263487
"218",217,-3924.04674681338,-4034.33562532292,-3924.04674681338,-110.288878509535,-3924.04674681338,14.9989330184749,-115.708470467868,0.170016630725314,0.505590397222428,5.41959195833353,14.9989330184749,0.0685803261204225
"219",218,-3923.73550163061,-4034.16954089899,-3923.73550163061,-110.434039268378,-3923.73550163061,14.9989330184749,-115.853631226711,0.14287102347559,0.635913783360532,5.41959195833353,14.9989330184749,0.0700604195865688
"220",219,-3922.16975589948,-4034.29610635582,-3922.16975589948,-112.126350456341,-3922.16975589948,14.9989330184749,-117.545942414674,0.189745117557739,0.261499516197261,5.41959195833353,14.9989330184749,0.0641085945356495
"221",220,-3921.05825809802,-4032.57820734678,-3921.05825809802,-111.519949248763,-3921.05825809802,14.9989330184749,-116.939541207096,0.146222440991817,0.371416442114973,5.41959195833353,14.9989330184749,0.065053269641895
"222",221,-3919.93216254975,-4032.45285573719,-3919.93216254975,-112.520693187439,-3919.93216254975,14.9984345347624,-117.28416922809,0.132911634505005,0.467661741331577,4.76347604065095,14.9984345347624,0.0642065547905641
"223",222,-3919.86691905915,-4030.6265058777,-3919.86691905915,-110.759586818546,-3919.86691905915,14.9984345347624,-115.523062859197,0.155427620151551,0.404656146346331,4.76347604065095,14.9984345347624,0.0660803598634693
"224",223,-3919.21831004183,-4031.21208387098,-3919.21831004183,-111.993773829159,-3919.21831004183,14.9984345347624,-116.75724986981,0.0875301952352669,0.535329346896262,4.76347604065095,14.9984345347624,0.0678341568007679
"225",224,-3918.95398905637,-4028.65011666389,-3918.95398905637,-109.696127607522,-3918.95398905637,14.9984345347624,-114.459603648173,0.128711132226143,0.530187142226121,4.76347604065095,14.9984345347624,0.0678341568007679
"226",225,-3918.22015869325,-4028.14039580629,-3918.22015869325,-109.920237113038,-3918.22015869325,14.9984345347624,-114.683713153689,0.15569153015068,0.324707160161499,4.76347604065095,14.9984345347624,0.0679474410048705
"227",226,-3918.11832836237,-4028.82366416106,-3918.11832836237,-110.705335798692,-3918.11832836237,14.9984345347624,-115.468811839343,0.156322079871447,0.387861475364022,4.76347604065095,14.9984345347624,0.066881229086351
"228",227,-3918.09861059153,-4031.21173811099,-3918.09861059153,-113.113127519454,-3918.09861059153,14.9984345347624,-117.876603560105,0.184169635385775,0.535102983836262,4.76347604065095,14.9984345347624,0.0675825384040433
"229",228,-3917.91947807061,-4028.61315142429,-3917.91947807061,-110.693673353684,-3917.91947807061,14.9984345347624,-115.457149394335,0.145552548802457,0.271492195076415,4.76347604065095,14.9984345347624,0.0662402334818206
"230",229,-3917.35257848302,-4028.29821410202,-3917.35257848302,-110.945635619004,-3917.35257848302,14.9984345347624,-115.709111659655,0.111629104485286,0.53388598039534,4.76347604065095,14.9984345347624,0.0662402334818206
"231",230,-3917.13959161358,-4028.31735655752,-3917.13959161358,-111.177764943946,-3917.13959161358,14.9984345347624,-115.941240984597,0.196312209089322,0.361299145485991,4.76347604065095,14.9984345347624,0.0655618799828581
"232",231,-3916.74581045931,-4027.53839043428,-3916.74581045931,-110.792579974973,-3916.74581045931,15.0001101315799,-116.775332238306,0.131196260513601,0.521521862764969,5.98275226333338,15.0001101315799,0.0653645809805869
"233",232,-3916.54011453853,-4026.98567925386,-3916.54011453853,-110.445564715328,-3916.54011453853,15.0001101315799,-116.428316978661,0.155251634136259,0.309645633669764,5.98275226333338,15.0001101315799,0.0647246432202857
"234",233,-3916.3294198132,-4028.45077746466,-3916.3294198132,-112.121357651459,-3916.3294198132,15.0001101315799,-118.104109914793,0.125989132827102,0.62289096645762,5.98275226333338,15.0001101315799,0.0625371365213006
"235",234,-3915.84293396158,-4027.40303196315,-3915.84293396158,-111.560098001568,-3915.84293396158,15.0001101315799,-117.542850264902,0.131721138704893,0.637754184210018,5.98275226333338,15.0001101315799,0.0650026583038725
"236",235,-3915.76538125828,-4023.82984639905,-3915.76538125828,-108.064465140779,-3915.76538125828,15.0001101315799,-114.047217404112,0.17649996761025,0.214638225540885,5.98275226333338,15.0001101315799,0.0685083943649516
"237",236,-3915.36370377615,-4022.98854900068,-3915.36370377615,-107.624845224532,-3915.36370377615,15.0001101315799,-113.607597487865,0.239303098349502,0.115266758988043,5.98275226333338,15.0001101315799,0.0721481314057367
"238",237,-3915.32178970927,-4023.59645868189,-3915.32178970927,-108.274668972613,-3915.32178970927,15.0001101315799,-114.257421235947,0.258659470892148,0.0622187448548209,5.98275226333338,15.0001101315799,0.0707372196019293
"239",238,-3915.08626759336,-4020.99605444506,-3915.08626759336,-105.909786851697,-3915.08626759336,15.0001101315799,-111.892539115031,0.178847603793449,0.276400215462014,5.98275226333338,15.0001101315799,0.0707372196019293
"240",239,-3914.98920717617,-4021.54654415799,-3914.98920717617,-106.557336981818,-3914.98920717617,15.0001101315799,-112.540089245152,0.172775211710218,0.191480929018885,5.98275226333338,15.0001101315799,0.0706487333067017
"241",240,-3914.79135148199,-4023.31634606783,-3914.79135148199,-108.524994585839,-3914.79135148199,15.0001101315799,-114.507746849172,0.210104080372851,0.284177026752573,5.98275226333338,15.0001101315799,0.0694439557183609
"242",241,-3914.56608509247,-4022.32782171889,-3914.56608509247,-107.761736626421,-3914.56608509247,15.0001101315799,-113.744488889754,0.169000483988741,0.321672078582363,5.98275226333338,15.0001101315799,0.0689507117681368
"243",242,-3914.54310040453,-4023.55532326659,-3914.54310040453,-109.012222862064,-3914.54310040453,15.0001101315799,-114.994975125397,0.146469206366997,0.203761638219505,5.98275226333338,15.0001101315799,0.0669701392992138
"244",243,-3913.76117361436,-4022.39735802533,-3913.76117361436,-108.636184410969,-3913.76117361436,15.0001101315799,-114.618936674302,0.166938480251001,0.34147951300192,5.98275226333338,15.0001101315799,0.0669701392992138
"245",244,-3913.15637291285,-4021.8946559456,-3913.15637291285,-108.738283032743,-3913.15637291285,15.0001101315799,-114.721035296076,0.169763798092296,0.158259819948047,5.98275226333338,15.0001101315799,0.0674329118678612
"246",245,-3913.06436994403,-4022.99118635293,-3913.06436994403,-109.926816408897,-3913.06436994403,15.0001101315799,-115.909568672231,0.202851570571997,0.188309818283472,5.98275226333338,15.0001101315799,0.0652871842425941
"247",246,-3912.97468288399,-4024.40500276057,-3912.97468288399,-111.430319876583,-3912.97468288399,15.0001101315799,-117.413072139917,0.175260444775822,0.368230818164093,5.98275226333338,15.0001101315799,0.0649654702117587
"248",247,-3912.93843498022,-4023.49506965773,-3912.93843498022,-110.55663467751,-3912.93843498022,15.0001101315799,-116.539386940843,0.200769078066769,0.0593983643076997,5.98275226333338,15.0001101315799,0.0642736222365578
"249",248,-3912.93672078259,-4023.61339263909,-3912.93672078259,-110.676671856497,-3912.93672078259,15.0001101315799,-116.65942411983,0.180243820838729,0.126416196756919,5.98275226333338,15.0001101315799,0.0624976084517303
"250",249,-3912.7312652578,-4023.58086267758,-3912.7312652578,-110.849597419782,-3912.7312652578,15.0001101315799,-116.832349683115,0.197300999381337,0.155253196227515,5.98275226333338,15.0001101315799,0.0639624142648057
"251",250,-3912.58757993971,-4022.51456517346,-3912.58757993971,-109.926985233747,-3912.58757993971,15.0001101315799,-115.909737497081,0.174511658667326,0.0752656302163179,5.98275226333338,15.0001101315799,0.0639624142648057
"252",251,-3912.58541754388,-4023.51108635053,-3912.58541754388,-110.925668806645,-3912.58541754388,15.0001101315799,-116.908421069978,0.181273526387117,0.0279746510943353,5.98275226333338,15.0001101315799,0.0639177412085895
"253",252,-3912.58321051293,-4022.84019093934,-3912.58321051293,-110.256980426411,-3912.58321051293,15.0001101315799,-116.239732689745,0.181695819991524,0.0436448752954855,5.98275226333338,15.0001101315799,0.0630778284149323
"254",253,-3912.51175178093,-4022.24877733406,-3912.51175178093,-109.737025553127,-3912.51175178093,15.0001101315799,-115.71977781646,0.181550304287719,0.0481766728496531,5.98275226333338,15.0001101315799,0.064013839347472
"255",254,-3912.4464266618,-4022.59517161066,-3912.4464266618,-110.148744948863,-3912.4464266618,15.0001101315799,-116.131497212196,0.159015260029606,0.33567629059194,5.98275226333338,15.0001101315799,0.064013839347472
"256",255,-3912.37773079606,-4022.96842698085,-3912.37773079606,-110.59069618479,-3912.37773079606,15.0001101315799,-116.573448448123,0.133316709323026,0.3083816975495,5.98275226333338,15.0001101315799,0.0632408318181965
"257",256,-3912.33648325566,-4022.48498387276,-3912.33648325566,-110.148500617099,-3912.33648325566,15.0001101315799,-116.131252880432,0.133203777446949,0.305461159907244,5.98275226333338,15.0001101315799,0.0657289148323607
"258",257,-3912.30622135187,-4022.72968394726,-3912.30622135187,-110.42346259539,-3912.30622135187,15.0001101315799,-116.406214858723,0.187546857021066,0.209494711144011,5.98275226333338,15.0001101315799,0.063393172545351
"259",258,-3912.24926945595,-4024.19577369204,-3912.24926945595,-111.946504236088,-3912.24926945595,15.0001101315799,-117.929256499422,0.104199727946277,0.60588450245058,5.98275226333338,15.0001101315799,0.0632470960145007
"260",259,-3912.17592373353,-4023.49074788217,-3912.17592373353,-111.314824148649,-3912.17592373353,15.0001101315799,-117.297576411982,0.14316679016607,0.472427303064905,5.98275226333338,15.0001101315799,0.0632470960145007
"261",260,-3912.0688315417,-4023.45888964719,-3912.0688315417,-111.390058105494,-3912.0688315417,15.0001101315799,-117.372810368827,0.186667841526862,0.384374965862031,5.98275226333338,15.0001101315799,0.0632470960145007
"262",261,-3912.03864696613,-4022.008086851,-3912.03864696613,-109.969439884879,-3912.03864696613,15.0001101315799,-115.952192148212,0.153274069637039,0.262353855191721,5.98275226333338,15.0001101315799,0.0655274649177746
"263",262,-3911.89895489574,-4022.83298020853,-3911.89895489574,-110.934025312792,-3911.89895489574,15.0001101315799,-116.916777576126,0.194407840359738,0.268029680989948,5.98275226333338,15.0001101315799,0.0653604803223846
"264",263,-3911.75830565653,-4022.69675053322,-3911.75830565653,-110.938444876696,-3911.75830565653,15.0001101315799,-116.921197140029,0.210601355282474,0.0786926933703847,5.98275226333338,15.0001101315799,0.0636502907646584
"265",264,-3911.72952072061,-4022.12086108856,-3911.72952072061,-110.39134036795,-3911.72952072061,15.0001101315799,-116.374092631284,0.142219840726307,0.441903242708406,5.98275226333338,15.0001101315799,0.0636502907646584
"266",265,-3911.57245012327,-4021.19207043761,-3911.57245012327,-109.619620314342,-3911.57245012327,15.0001101315799,-115.602372577675,0.184813789771534,0.141734414356823,5.98275226333338,15.0001101315799,0.064806745261345
"267",266,-3911.46278127543,-4021.08362693078,-3911.46278127543,-109.620845655349,-3911.46278127543,15.0001101315799,-115.603597918683,0.176854298757732,0.112586736573106,5.98275226333338,15.0001101315799,0.064840905477621
"268",267,-3911.44272545014,-4021.18119456483,-3911.44272545014,-109.738469114693,-3911.44272545014,15.0001101315799,-115.721221378026,0.164719099501727,0.365554344785198,5.98275226333338,15.0001101315799,0.0657712145334427
"269",268,-3911.1949120763,-4020.86277863602,-3911.1949120763,-109.66786655972,-3911.1949120763,15.0001101315799,-115.650618823054,0.134087223524591,0.526910992428843,5.98275226333338,15.0001101315799,0.0658328078579223
"270",269,-3911.13060024784,-4021.35513198624,-3911.13060024784,-110.224531738402,-3911.13060024784,15.0001101315799,-116.207284001735,0.132378574221952,0.396285403549518,5.98275226333338,15.0001101315799,0.0648458352994631
"271",270,-3910.99577631513,-4021.60451182053,-3910.99577631513,-110.608735505393,-3910.99577631513,15.0001101315799,-116.591487768726,0.132809795986622,0.451030945555358,5.98275226333338,15.0001101315799,0.0633407320286326
"272",271,-3910.97722214847,-4022.35731351982,-3910.97722214847,-111.38009137135,-3910.97722214847,15.0001101315799,-117.362843634683,0.213165557918572,0.271099738715461,5.98275226333338,15.0001101315799,0.0633407320286326
"273",272,-3910.96059948296,-4020.65246801347,-3910.96059948296,-109.691868530517,-3910.96059948296,15.0001101315799,-115.67462079385,0.163015983910928,0.290658545641384,5.98275226333338,15.0001101315799,0.0643584638694729
"274",273,-3910.86577150961,-4021.65098330895,-3910.86577150961,-110.785211799338,-3910.86577150961,15.0001101315799,-116.767964062672,0.159950080558969,0.458634195256107,5.98275226333338,15.0001101315799,0.0643584638694729
"275",274,-3910.8111013188,-4022.54027689936,-3910.8111013188,-111.729175580558,-3910.8111013188,15.0001101315799,-117.711927843892,0.112946213160022,0.596001867977723,5.98275226333338,15.0001101315799,0.0638602726686089
"276",275,-3910.77300799395,-4022.64432574895,-3910.77300799395,-111.871317754996,-3910.77300799395,15.0001101315799,-117.854070018329,0.0951979025801307,0.611995166465785,5.98275226333338,15.0001101315799,0.0638602726686089
"277",276,-3910.76808073515,-4021.70854141698,-3910.76808073515,-110.940460681829,-3910.76808073515,15.0001101315799,-116.923212945163,0.193336002436832,0.328118225551729,5.98275226333338,15.0001101315799,0.0638602726686089
"278",277,-3910.75442139656,-4023.85926550344,-3910.75442139656,-113.104844106877,-3910.75442139656,15.0001101315799,-119.087596370211,0.260403719910955,0.102550055370076,5.98275226333338,15.0001101315799,0.0638602726686089
"279",278,-3910.70343574034,-4022.08364036991,-3910.70343574034,-111.380204629569,-3910.70343574034,15.0001101315799,-117.362956892902,0.16944075309203,0.38542477166161,5.98275226333338,15.0001101315799,0.0635901950613029
"280",279,-3910.61018152491,-4021.55359719936,-3910.61018152491,-110.943415674455,-3910.61018152491,15.0001101315799,-116.926167937789,0.171452481199173,0.168388511433787,5.98275226333338,15.0001101315799,0.0631924135497448
"281",280,-3910.6072189411,-4022.51083721298,-3910.6072189411,-111.903618271881,-3910.6072189411,15.0001101315799,-117.886370535214,0.163141937029485,0.404985463285218,5.98275226333338,15.0001101315799,0.0630808779062118
"282",281,-3910.59535978791,-4022.12294411812,-3910.59535978791,-111.527584330217,-3910.59535978791,15.0001101315799,-117.51033659355,0.178960402813119,0.367591838810089,5.98275226333338,15.0001101315799,0.0630808779062118
"283",282,-3910.51499553166,-4022.81263850274,-3910.51499553166,-112.297642971076,-3910.51499553166,15.0001101315799,-118.280395234409,0.115224869683883,0.357448879268343,5.98275226333338,15.0001101315799,0.0630808779062118
"284",283,-3910.42578358479,-4021.66256358901,-3910.42578358479,-111.236780004218,-3910.42578358479,15.0001101315799,-117.219532267551,0.188444564485885,0.309761598300344,5.98275226333338,15.0001101315799,0.0630808779062118
"285",284,-3910.37418999206,-4020.65245013885,-3910.37418999206,-110.278260146789,-3910.37418999206,15.0001101315799,-116.261012410123,0.161957316702693,0.224930850152675,5.98275226333338,15.0001101315799,0.0630808779062118
"286",285,-3910.36944015783,-4020.69352617577,-3910.36944015783,-110.324086017945,-3910.36944015783,15.0001101315799,-116.306838281279,0.200101497610276,0.157818854717269,5.98275226333338,15.0001101315799,0.0630808779062118
"287",286,-3910.30959821583,-4020.86164158157,-3910.30959821583,-110.552043365745,-3910.30959821583,15.0001101315799,-116.534795629078,0.16278896130712,0.12886537427183,5.98275226333338,15.0001101315799,0.0644704887637692
"288",287,-3910.20278830929,-4021.38700878069,-3910.20278830929,-111.184220471399,-3910.20278830929,15.0001101315799,-117.166972734733,0.126463603218667,0.388273485470795,5.98275226333338,15.0001101315799,0.0633315485348986
"289",288,-3910.19045636659,-4020.73484974961,-3910.19045636659,-110.54439338302,-3910.19045636659,15.0001101315799,-116.527145646353,0.179037874097685,0.218016682725128,5.98275226333338,15.0001101315799,0.0633315485348986
"290",289,-3910.1899613943,-4020.77667437139,-3910.1899613943,-110.586712977089,-3910.1899613943,15.0001101315799,-116.569465240422,0.185318194625252,0.146833071132188,5.98275226333338,15.0001101315799,0.0633315485348986
"291",290,-3910.1827976397,-4021.2208884589,-3910.1827976397,-111.038090819197,-3910.1827976397,15.0001101315799,-117.020843082531,0.158343634060602,0.386457841509639,5.98275226333338,15.0001101315799,0.0634771920155569
"292",291,-3910.13588094591,-4022.09807939334,-3910.13588094591,-111.962198447426,-3910.13588094591,15.0001101315799,-117.944950710759,0.101835414685828,0.556817684102798,5.98275226333338,15.0001101315799,0.0634771920155569
"293",292,-3910.1149577334,-4020.8510284004,-3910.1149577334,-110.736070667003,-3910.1149577334,15.0001101315799,-116.718822930337,0.150435386946036,0.216185771715725,5.98275226333338,15.0001101315799,0.0639787474393546
"294",293,-3910.09102517574,-4021.81284481931,-3910.09102517574,-111.721819643563,-3910.09102517574,15.0001101315799,-117.704571906897,0.127937056185742,0.210069449063525,5.98275226333338,15.0001101315799,0.0639787474393546
"295",294,-3910.08533763064,-4022.19442034833,-3910.08533763064,-112.10908271769,-3910.08533763064,15.0001101315799,-118.091834981023,0.252669245157955,0.0914760106948684,5.98275226333338,15.0001101315799,0.0638230763426623
"296",295,-3910.07352397165,-4020.82649212955,-3910.07352397165,-110.752968157903,-3910.07352397165,15.0001101315799,-116.735720421236,0.13643150174954,0.288496528729067,5.98275226333338,15.0001101315799,0.0638230763426623
"297",296,-3910.06828616028,-4020.30930038865,-3910.06828616028,-110.241014228369,-3910.06828616028,15.0001101315799,-116.223766491702,0.202734929305164,0.187528017823894,5.98275226333338,15.0001101315799,0.064190156596405
"298",297,-3910.02855199151,-4022.34903198715,-3910.02855199151,-112.320479995643,-3910.02855199151,15.0001101315799,-118.303232258976,0.228361976184389,0.302726902286276,5.98275226333338,15.0001101315799,0.0645052348164703
"299",298,-3910.02644592198,-4019.62621053733,-3910.02644592198,-109.599764615343,-3910.02644592198,15.0001101315799,-115.582516878677,0.183515267835548,0.16510755048582,5.98275226333338,15.0001101315799,0.0646571035280205
"300",299,-3909.98417626447,-4020.09348191615,-3909.98417626447,-110.109305651686,-3909.98417626447,15.0001101315799,-116.092057915019,0.208477981110895,0.191878596154553,5.98275226333338,15.0001101315799,0.065121140641193
"301",300,-3909.96849644157,-4021.14639295418,-3909.96849644157,-111.177896512608,-3909.96849644157,15.0001101315799,-117.160648775941,0.114734006493608,0.358963948360221,5.98275226333338,15.0001101315799,0.0649638002947404
"302",301,-3909.95052537167,-4021.08139345189,-3909.95052537167,-111.130868080213,-3909.95052537167,14.9980620276129,-115.241816339405,0.177471184922714,0.215980117657123,4.11094825919207,14.9980620276129,0.0658313243097909
"303",302,-3909.9205441197,-4021.98863091339,-3909.9205441197,-112.068086793689,-3909.9205441197,14.9980620276129,-116.179035052881,0.230496731559071,0.146108235281373,4.11094825919207,14.9980620276129,0.0658313243097909
"304",303,-3909.91105467286,-4021.30928519904,-3909.91105467286,-111.398230526181,-3909.91105467286,14.9980620276129,-115.509178785373,0.17408565922103,0.348781422481299,4.11094825919207,14.9980620276129,0.0661942938374523
"305",304,-3909.90487098555,-4022.07060490511,-3909.90487098555,-112.165733919561,-3909.90487098555,14.9980620276129,-116.276682178753,0.157796192950585,0.528923629442773,4.11094825919207,14.9980620276129,0.0665172113572786
"306",305,-3909.88681540132,-4022.98853323315,-3909.88681540132,-113.101717831827,-3909.88681540132,14.9980620276129,-117.212666091019,0.114178376218432,0.300759236590729,4.11094825919207,14.9980620276129,0.0668387417690387
"307",306,-3909.88572289317,-4021.5397375576,-3909.88572289317,-111.654014664433,-3909.88572289317,14.9980620276129,-115.764962923625,0.145338957111465,0.509896133193421,4.11094825919207,14.9980620276129,0.0665685796900839
"308",307,-3909.87012478355,-4021.64672469837,-3909.87012478355,-111.776599914824,-3909.87012478355,14.9980620276129,-115.887548174016,0.137186535605738,0.533086622418948,4.11094825919207,14.9980620276129,0.0665685796900839
"309",308,-3909.86756334891,-4022.51139324126,-3909.86756334891,-112.643829892349,-3909.86756334891,14.9980620276129,-116.754778151541,0.223887767768743,0.250865505026821,4.11094825919207,14.9980620276129,0.0655649698066172
"310",309,-3909.86574511792,-4021.80835770906,-3909.86574511792,-111.942612591141,-3909.86574511792,14.9980620276129,-116.053560850333,0.152543148199023,0.48986835818177,4.11094825919207,14.9980620276129,0.0655649698066172
"311",310,-3909.83870976024,-4023.75836764118,-3909.83870976024,-113.919657880937,-3909.83870976024,14.9980620276129,-118.030606140129,0.122673296185601,0.690406845028407,4.11094825919207,14.9980620276129,0.0655649698066172
"312",311,-3909.82566049097,-4021.82655238774,-3909.82566049097,-112.00089189677,-3909.82566049097,14.9980620276129,-116.111840155962,0.157499794335243,0.479264798825606,4.11094825919207,14.9980620276129,0.0655265069853141
"313",312,-3909.82535581942,-4021.90616592042,-3909.82535581942,-112.080810100995,-3909.82535581942,14.9980620276129,-116.191758360187,0.141267938421676,0.551322541747053,4.11094825919207,14.9980620276129,0.0655265069853141
"314",313,-3909.81077126504,-4020.97063475969,-3909.81077126504,-111.159863494649,-3909.81077126504,14.9980620276129,-115.270811753841,0.175818831695336,0.284089197324223,4.11094825919207,14.9980620276129,0.0657587827088479
"315",314,-3909.80924853925,-4020.99073661556,-3909.80924853925,-111.181488076313,-3909.80924853925,14.9980620276129,-115.292436335505,0.160368938870829,0.269884074410002,4.11094825919207,14.9980620276129,0.0654565492554771
"316",315,-3909.80097142705,-4021.45277474431,-3909.80097142705,-111.651803317254,-3909.80097142705,14.9980620276129,-115.762751576446,0.176922189663274,0.335647447706372,4.11094825919207,14.9980620276129,0.0654565492554771
"317",316,-3909.79412065363,-4021.05477062446,-3909.79412065363,-111.260649970834,-3909.79412065363,14.9980620276129,-115.371598230026,0.16513570734879,0.194981211645496,4.11094825919207,14.9980620276129,0.0654565492554771
"318",317,-3909.77910174123,-4022.70685360998,-3909.77910174123,-112.92775186875,-3909.77910174123,14.9980620276129,-117.038700127942,0.0986073238063175,0.601940346098355,4.11094825919207,14.9980620276129,0.065309247030951
"319",318,-3909.77869966489,-4023.81445255054,-3909.77869966489,-114.035752885647,-3909.77869966489,14.9980620276129,-118.146701144839,0.219156341194692,0.345456644225981,4.11094825919207,14.9980620276129,0.0648944175854434
"320",319,-3909.7715496583,-4021.14388264988,-3909.7715496583,-111.372332991582,-3909.7715496583,14.9980620276129,-115.483281250774,0.183089229716107,0.158266640649628,4.11094825919207,14.9980620276129,0.0648944175854434
"321",320,-3909.7615785431,-4021.4210625458,-3909.7615785431,-111.659484002695,-3909.7615785431,14.9980620276129,-115.770432261887,0.158811551799461,0.228990659351128,4.11094825919207,14.9980620276129,0.0648944175854434
"322",321,-3909.75979121042,-4021.09262901968,-3909.75979121042,-111.332837809259,-3909.75979121042,14.9980620276129,-115.443786068451,0.204796909381125,0.0627748834573986,4.11094825919207,14.9980620276129,0.0648944175854434
"323",322,-3909.75667233894,-4020.75907651584,-3909.75667233894,-111.002404176901,-3909.75667233894,14.9980620276129,-115.113352436093,0.191022845763063,0.066998912396816,4.11094825919207,14.9980620276129,0.0648944175854434
"324",323,-3909.74274536782,-4020.87522275699,-3909.74274536782,-111.132477389173,-3909.74274536782,14.9980620276129,-115.243425648365,0.180738121971101,0.204947512653582,4.11094825919207,14.9980620276129,0.0652716616430189
"325",324,-3909.72230962212,-4020.78091880634,-3909.72230962212,-111.058609184221,-3909.72230962212,14.9980620276129,-115.169557443413,0.183738818991763,0.0976702914655989,4.11094825919207,14.9980620276129,0.0652716616430189
"326",325,-3909.67540899107,-4020.81372792686,-3909.67540899107,-111.138318935792,-3909.67540899107,14.9980620276129,-115.249267194984,0.200723793988326,0.0554550109837384,4.11094825919207,14.9980620276129,0.065317820875901
"327",326,-3909.66855077852,-4022.48811035897,-3909.66855077852,-112.819559580444,-3909.66855077852,14.9980620276129,-116.930507839636,0.257329171079761,0.0496466262950225,4.11094825919207,14.9980620276129,0.0652855597667509
"328",327,-3909.62661031603,-4020.70561403381,-3909.62661031603,-111.079003717778,-3909.62661031603,14.9980620276129,-115.189951976971,0.210071976445705,0.0389305744512253,4.11094825919207,14.9980620276129,0.0652855597667509
"329",328,-3909.62014661491,-4021.54984679228,-3909.62014661491,-111.929700177376,-3909.62014661491,14.9980620276129,-116.040648436568,0.136455791561539,0.27382870283037,4.11094825919207,14.9980620276129,0.0652855597667509
"330",329,-3909.61923656584,-4020.83710107319,-3909.61923656584,-111.217864507347,-3909.61923656584,14.9980620276129,-115.328812766539,0.177906442310479,0.208596037792907,4.11094825919207,14.9980620276129,0.0652855597667509
"331",330,-3909.60557487782,-4021.1545860172,-3909.60557487782,-111.549011139384,-3909.60557487782,14.9980620276129,-115.659959398576,0.15932891557614,0.343493477206471,4.11094825919207,14.9980620276129,0.0652855597667509
"332",331,-3909.60440894276,-4021.06036832731,-3909.60440894276,-111.455959384556,-3909.60440894276,14.9980620276129,-115.566907643748,0.16626062700463,0.122788387921488,4.11094825919207,14.9980620276129,0.0652855597667509
"333",332,-3909.59568024427,-4022.57252498303,-3909.59568024427,-112.976844738766,-3909.59568024427,14.9980620276129,-117.087792997958,0.240266930890298,0.151287481909159,4.11094825919207,14.9980620276129,0.0652855597667509
"334",333,-3909.59531492888,-4021.0345911966,-3909.59531492888,-111.43927626772,-3909.59531492888,14.9980620276129,-115.550224526912,0.188957950384913,0.21393043296227,4.11094825919207,14.9980620276129,0.0652855597667509
"335",334,-3909.59390865641,-4021.96738377036,-3909.59390865641,-112.37347511395,-3909.59390865641,14.9980620276129,-116.484423373142,0.217888954912548,0.219825414853009,4.11094825919207,14.9980620276129,0.0652855597667509
"336",335,-3909.59040653752,-4020.59678799865,-3909.59040653752,-111.006381461123,-3909.59040653752,14.9988229442071,-116.302468037085,0.148170753140409,0.497238668346681,5.29608657596173,14.9988229442071,0.0652822477158005
"337",336,-3909.58998792119,-4022.39889149517,-3909.58998792119,-112.808903573976,-3909.58998792119,14.9988229442071,-118.104990149938,0.0989589873523519,0.414982127993232,5.29608657596173,14.9988229442071,0.0652822477158005
"338",337,-3909.58828650477,-4020.25191811625,-3909.58828650477,-110.663631611478,-3909.58828650477,14.9988229442071,-115.95971818744,0.186766271433675,0.312888375466096,5.29608657596173,14.9988229442071,0.0651569057735765
"339",338,-3909.58811328384,-4019.71974441171,-3909.58811328384,-110.131631127866,-3909.58811328384,14.9988229442071,-115.427717703828,0.17543670495773,0.155256419956859,5.29608657596173,14.9988229442071,0.0651569057735765
"340",339,-3909.58753460844,-4019.83366243875,-3909.58753460844,-110.24612783031,-3909.58753460844,15.0000181759905,-116.234779392773,0.133879926066483,0.512148677450641,5.98865156246283,15.0000181759905,0.065028806431681
"341",340,-3909.58713357679,-4019.03466142138,-3909.58713357679,-109.447527844599,-3909.58713357679,15.0000181759905,-115.436179407061,0.194324064456142,0.129032686346839,5.98865156246283,15.0000181759905,0.065028806431681
"342",341,-3909.58637982016,-4019.41112003779,-3909.58637982016,-109.82474021763,-3909.58637982016,15.0000181759905,-115.813391780093,0.182645092506879,0.298725658770023,5.98865156246283,15.0000181759905,0.0653601742524286
"343",342,-3909.58543635623,-4019.27643360466,-3909.58543635623,-109.690997248426,-3909.58543635623,15.0000181759905,-115.679648810889,0.212700487930351,0.0982671805431585,5.98865156246283,15.0000181759905,0.0653601742524286
"344",343,-3909.5805780286,-4020.4475191562,-3909.5805780286,-110.866941127602,-3909.5805780286,15.0000181759905,-116.855592690064,0.244728486929564,0.0819894289072497,5.98865156246283,15.0000181759905,0.0649554968449329
"345",344,-3909.58053558684,-4018.97868103447,-3909.58053558684,-109.398145447637,-3909.58053558684,15.0000181759905,-115.3867970101,0.200285126515221,0.0901966766956327,5.98865156246283,15.0000181759905,0.0649554968449329
"346",345,-3909.57427104532,-4019.1209925468,-3909.57427104532,-109.546721501481,-3909.57427104532,15.0000181759905,-115.535373063944,0.178742462818472,0.249439950403201,5.98865156246283,15.0000181759905,0.0649554968449329
"347",346,-3909.56723488223,-4019.85695197403,-3909.56723488223,-110.289717091793,-3909.56723488223,15.0000181759905,-116.278368654256,0.169476369624917,0.414572394049424,5.98865156246283,15.0000181759905,0.0649834922398492
"348",347,-3909.55075493861,-4019.98955644555,-3909.55075493861,-110.438801506945,-3909.55075493861,15.0000181759905,-116.427453069408,0.175246111691235,0.405132880111122,5.98865156246283,15.0000181759905,0.0649508049446924
"349",348,-3909.54719362671,-4022.05325668133,-3909.54719362671,-112.506063054623,-3909.54719362671,15.0000181759905,-118.494714617086,0.215411538988715,0.400875627002931,5.98865156246283,15.0000181759905,0.0649508049446924
"350",349,-3909.54407450323,-4021.10593021679,-3909.54407450323,-111.561855713569,-3909.54407450323,15.0000181759905,-117.550507276031,0.105733365162888,0.410426999072801,5.98865156246283,15.0000181759905,0.0649508049446924
"351",350,-3909.54295251723,-4020.2303615301,-3909.54295251723,-110.687409012873,-3909.54295251723,15.0009202717226,-116.252775736973,0.138515305297146,0.284885341695402,5.56536672409932,15.0009202717226,0.0649468990613948
"352",351,-3909.54243481093,-4019.56534309233,-3909.54243481093,-110.022908281401,-3909.54243481093,15.0009202717226,-115.5882750055,0.169740433237078,0.132974657034863,5.56536672409932,15.0009202717226,0.0649837798032426
"353",352,-3909.54144253752,-4019.89051312023,-3909.54144253752,-110.349070582711,-3909.54144253752,15.0009202717226,-115.91443730681,0.168712470327507,0.356845546700856,5.56536672409932,15.0009202717226,0.0649636477325645
"354",353,-3909.53848153127,-4020.54114272919,-3909.53848153127,-111.00266119792,-3909.53848153127,15.0009202717226,-116.568027922019,0.134932633339753,0.235518384391147,5.56536672409932,15.0009202717226,0.0649636477325645
"355",354,-3909.53842500651,-4019.4793167408,-3909.53842500651,-109.940891734285,-3909.53842500651,15.0009202717226,-115.506258458384,0.203092178007488,0.0762453470839516,5.56536672409932,15.0009202717226,0.0649636477325645
"356",355,-3909.53799777427,-4019.64882829478,-3909.53799777427,-110.110830520511,-3909.53799777427,15.0009202717226,-115.67619724461,0.166146211675963,0.109729737797519,5.56536672409932,15.0009202717226,0.0649636477325645
"357",356,-3909.53715485211,-4024.42250076143,-3909.53715485211,-114.885345909315,-3909.53715485211,15.0009202717226,-120.450712633414,0.232120972504785,0.437963717730826,5.56536672409932,15.0009202717226,0.0649636477325645
"358",357,-3909.53715485211,-4024.42250076143,-3909.53715485211,-114.885345909315,-3909.53715485211,15.0009202717226,-120.450712633414,0.232120972504785,0.437963717730826,5.56536672409932,15.0009202717226,0.0649636477325645
"359",358,-3909.53276033007,-4025.00955788325,-3909.53276033007,-115.476797553186,-3909.53276033007,15.0009202717226,-121.042164277285,0.0603563890829086,0.614145942210921,5.56536672409932,15.0009202717226,0.0649636477325645
"360",359,-3909.53023413717,-4020.34001060345,-3909.53023413717,-110.809776466274,-3909.53023413717,15.0009202717226,-116.375143190373,0.132763898342735,0.547142969837104,5.56536672409932,15.0009202717226,0.0649636477325645
"361",360,-3909.52250233703,-4019.81974890263,-3909.52250233703,-110.297246565606,-3909.52250233703,15.0009202717226,-115.862613289705,0.139301965531398,0.350592026993382,5.56536672409932,15.0009202717226,0.0649636477325645
"362",361,-3909.51894936505,-4019.63107784356,-3909.51894936505,-110.112128478504,-3909.51894936505,15.0009202717226,-115.677495202603,0.14990037982459,0.358969369321202,5.56536672409932,15.0009202717226,0.0652345494847296
"363",362,-3909.51865269996,-4020.29039750847,-3909.51865269996,-110.771744808517,-3909.51865269996,15.0009202717226,-116.337111532616,0.118024226693038,0.504012195831192,5.56536672409932,15.0009202717226,0.0652345494847296
"364",363,-3909.51813972066,-4019.58145492746,-3909.51813972066,-110.063315206798,-3909.51813972066,15.0009202717226,-115.628681930898,0.157164086267755,0.320040228273533,5.56536672409932,15.0009202717226,0.0652345494847296
"365",364,-3909.512377224,-4020.36713971036,-3909.512377224,-110.854762486355,-3909.512377224,15.0009202717226,-116.420129210454,0.142146150940151,0.513267200546055,5.56536672409932,15.0009202717226,0.064964206430916
"366",365,-3909.50760773343,-4020.89313520904,-3909.50760773343,-111.385527475611,-3909.50760773343,15.0009202717226,-116.950894199711,0.17807323716234,0.448501139471923,5.56536672409932,15.0009202717226,0.064964206430916
