#
#model:
#
#<?xml version="1.0" encoding="UTF-8" standalone="no"?><input id="posterior" spec="beast.core.util.CompoundDistribution">
#    <distribution id="prior" spec="beast.core.util.CompoundDistribution">
#        <distribution id="YuleModel.t:mbd" spec="beast.evolution.speciation.YuleModel">
#            <parameter id="birthRate.t:mbd" name="birthDiffRate">1.0</parameter>
#            <tree id="Tree.t:mbd">
#                <taxonset id="TaxonSet.mbd" spec="beast.evolution.alignment.TaxonSet">
#                </taxonset>
#            </tree>
#        </distribution>
#        <prior id="YuleBirthRatePrior.t:mbd" name="distribution" x="@birthRate.t:mbd">
#            <Uniform id="Uniform.100" name="distr" upper="Infinity"/>
#        </prior>
#        <prior id="ClockPrior.c:mbd" name="distribution">
#            <parameter id="clockRate.c:mbd" name="x">1.0</parameter>
#            <Uniform id="Uniform.150" name="distr" upper="Infinity"/>
#        </prior>
#        <distribution id="auto_name_1.prior" monophyletic="true" spec="beast.math.distributions.MRCAPrior" tree="@Tree.t:mbd">
#            <taxonset id="auto_name_1" spec="beast.evolution.alignment.TaxonSet">
#                <taxon id="t18" spec="beast.evolution.alignment.Taxon"/>
#                <taxon id="t106" spec="beast.evolution.alignment.Taxon"/>
#                <taxon id="t82" spec="beast.evolution.alignment.Taxon"/>
#                <taxon id="t49" spec="beast.evolution.alignment.Taxon"/>
#                <taxon id="t114" spec="beast.evolution.alignment.Taxon"/>
#                <taxon id="t34" spec="beast.evolution.alignment.Taxon"/>
#                <taxon id="t58" spec="beast.evolution.alignment.Taxon"/>
#                <taxon id="t115" spec="beast.evolution.alignment.Taxon"/>
#                <taxon id="t31" spec="beast.evolution.alignment.Taxon"/>
#                <taxon id="t57" spec="beast.evolution.alignment.Taxon"/>
#                <taxon id="t112" spec="beast.evolution.alignment.Taxon"/>
#                <taxon id="t65" spec="beast.evolution.alignment.Taxon"/>
#                <taxon id="t69" spec="beast.evolution.alignment.Taxon"/>
#                <taxon id="t67" spec="beast.evolution.alignment.Taxon"/>
#                <taxon id="t26" spec="beast.evolution.alignment.Taxon"/>
#                <taxon id="t111" spec="beast.evolution.alignment.Taxon"/>
#                <taxon id="t117" spec="beast.evolution.alignment.Taxon"/>
#                <taxon id="t100" spec="beast.evolution.alignment.Taxon"/>
#                <taxon id="t44" spec="beast.evolution.alignment.Taxon"/>
#                <taxon id="t63" spec="beast.evolution.alignment.Taxon"/>
#                <taxon id="t19" spec="beast.evolution.alignment.Taxon"/>
#                <taxon id="t40" spec="beast.evolution.alignment.Taxon"/>
#                <taxon id="t77" spec="beast.evolution.alignment.Taxon"/>
#                <taxon id="t104" spec="beast.evolution.alignment.Taxon"/>
#                <taxon id="t91" spec="beast.evolution.alignment.Taxon"/>
#                <taxon id="t35" spec="beast.evolution.alignment.Taxon"/>
#                <taxon id="t72" spec="beast.evolution.alignment.Taxon"/>
#                <taxon id="t42" spec="beast.evolution.alignment.Taxon"/>
#                <taxon id="t108" spec="beast.evolution.alignment.Taxon"/>
#                <taxon id="t97" spec="beast.evolution.alignment.Taxon"/>
#                <taxon id="t68" spec="beast.evolution.alignment.Taxon"/>
#                <taxon id="t41" spec="beast.evolution.alignment.Taxon"/>
#                <taxon id="t39" spec="beast.evolution.alignment.Taxon"/>
#                <taxon id="t28" spec="beast.evolution.alignment.Taxon"/>
#                <taxon id="t95" spec="beast.evolution.alignment.Taxon"/>
#                <taxon id="t23" spec="beast.evolution.alignment.Taxon"/>
#                <taxon id="t96" spec="beast.evolution.alignment.Taxon"/>
#                <taxon id="t110" spec="beast.evolution.alignment.Taxon"/>
#                <taxon id="t32" spec="beast.evolution.alignment.Taxon"/>
#                <taxon id="t55" spec="beast.evolution.alignment.Taxon"/>
#                <taxon id="t47" spec="beast.evolution.alignment.Taxon"/>
#                <taxon id="t85" spec="beast.evolution.alignment.Taxon"/>
#                <taxon id="t20" spec="beast.evolution.alignment.Taxon"/>
#                <taxon id="t113" spec="beast.evolution.alignment.Taxon"/>
#                <taxon id="t101" spec="beast.evolution.alignment.Taxon"/>
#                <taxon id="t73" spec="beast.evolution.alignment.Taxon"/>
#                <taxon id="t102" spec="beast.evolution.alignment.Taxon"/>
#                <taxon id="t2" spec="beast.evolution.alignment.Taxon"/>
#                <taxon id="t78" spec="beast.evolution.alignment.Taxon"/>
#                <taxon id="t107" spec="beast.evolution.alignment.Taxon"/>
#                <taxon id="t48" spec="beast.evolution.alignment.Taxon"/>
#                <taxon id="t81" spec="beast.evolution.alignment.Taxon"/>
#                <taxon id="t74" spec="beast.evolution.alignment.Taxon"/>
#                <taxon id="t71" spec="beast.evolution.alignment.Taxon"/>
#                <taxon id="t53" spec="beast.evolution.alignment.Taxon"/>
#                <taxon id="t99" spec="beast.evolution.alignment.Taxon"/>
#                <taxon id="t24" spec="beast.evolution.alignment.Taxon"/>
#                <taxon id="t64" spec="beast.evolution.alignment.Taxon"/>
#                <taxon id="t116" spec="beast.evolution.alignment.Taxon"/>
#                <taxon id="t94" spec="beast.evolution.alignment.Taxon"/>
#                <taxon id="t109" spec="beast.evolution.alignment.Taxon"/>
#                <taxon id="t89" spec="beast.evolution.alignment.Taxon"/>
#                <taxon id="t36" spec="beast.evolution.alignment.Taxon"/>
#                <taxon id="t54" spec="beast.evolution.alignment.Taxon"/>
#                <taxon id="t98" spec="beast.evolution.alignment.Taxon"/>
#                <taxon id="t88" spec="beast.evolution.alignment.Taxon"/>
#                <taxon id="t50" spec="beast.evolution.alignment.Taxon"/>
#                <taxon id="t16" spec="beast.evolution.alignment.Taxon"/>
#                <taxon id="t17" spec="beast.evolution.alignment.Taxon"/>
#                <taxon id="t105" spec="beast.evolution.alignment.Taxon"/>
#                <taxon id="t38" spec="beast.evolution.alignment.Taxon"/>
#                <taxon id="t30" spec="beast.evolution.alignment.Taxon"/>
#                <taxon id="t90" spec="beast.evolution.alignment.Taxon"/>
#                <taxon id="t92" spec="beast.evolution.alignment.Taxon"/>
#                <taxon id="t51" spec="beast.evolution.alignment.Taxon"/>
#                <taxon id="t59" spec="beast.evolution.alignment.Taxon"/>
#            </taxonset>
#            <Normal id="Normal.151" name="distr">
#                <parameter estimate="false" id="RealParameter.300" name="mean">15.0</parameter>
#                <parameter estimate="false" id="RealParameter.301" name="sigma">1.0E-4</parameter>
#            </Normal>
#        </distribution>
#    </distribution>
#    <distribution id="likelihood" spec="beast.core.util.CompoundDistribution" useThreads="true">
#        <distribution data="@mbd" id="treeLikelihood.mbd" spec="beast.evolution.likelihood.ThreadedTreeLikelihood" tree="@Tree.t:mbd">
#            <siteModel id="SiteModel.s:mbd" spec="beast.evolution.sitemodel.SiteModel">
#                <parameter estimate="false" id="mutationRate.s:mbd" name="mutationRate">1.0</parameter>
#                <parameter estimate="false" id="gammaShape.s:mbd" name="shape">1.0</parameter>
#                <parameter estimate="false" id="proportionInvariant.s:mbd" lower="0.0" name="proportionInvariant" upper="1.0">0.0</parameter>
#                <substModel id="JC69.s:mbd" spec="beast.evolution.substitutionmodel.JukesCantor"/>
#            </siteModel>
#            <branchRateModel clock.rate="@clockRate.c:mbd" id="StrictClock.c:mbd" spec="beast.evolution.branchratemodel.StrictClockModel"/>
#        </distribution>
#    </distribution>
#</input>
#
Sample	posterior	likelihood	prior	treeLikelihood.mbd	TreeHeight	YuleModel	birthRate	logP(mrca(auto_name_1))	mrca.age(auto_name_1)	clockRate
0	-8.625475569643164E9	-1816.8833457230155	-8.625473752759817E9	-1816.8833457230155	1.8657137601699028	-9.561706412509059	1.0	-8.62547374319811E9	1.8657137601699028	1.0
1000	-275072.89151554694	-1061.2739158006584	-274011.61759974627	-1061.2739158006584	15.0740249953306	-34.912316818907584	1.627254563395005	-273976.7052829274	15.0740249953306	1.7212446735428537
2000	-274960.35311911034	-940.7628845427386	-274019.5902345676	-940.7628845427386	15.0740249953306	-42.884951640193705	1.8205002303102698	-273976.7052829274	15.0740249953306	1.2877692062620276
3000	-87758.87103936463	-860.3417034601448	-86898.52933590449	-860.3417034601448	15.04168076968612	-42.492656371943845	1.500627819132506	-86856.03667953254	15.04168076968612	0.8176344395410845
