#
#model:
#
#<?xml version="1.0" encoding="UTF-8" standalone="no"?><input id="posterior" spec="beast.core.util.CompoundDistribution">
#    <distribution id="prior" spec="beast.core.util.CompoundDistribution">
#        <distribution id="BirthDeath.t:mbd" spec="beast.evolution.speciation.BirthDeathGernhard08Model">
#            <parameter id="BDDeathRate.t:mbd" lower="0.0" name="relativeDeathRate" upper="1.0">0.5</parameter>
#            <parameter id="BDBirthRate.t:mbd" lower="0.0" name="birthDiffRate" upper="10000.0">1.0</parameter>
#            <tree id="Tree.t:mbd">
#                <taxonset id="TaxonSet.mbd" spec="beast.evolution.alignment.TaxonSet">
#                </taxonset>
#            </tree>
#        </distribution>
#        <prior id="BirthRatePrior.t:mbd" name="distribution" x="@BDBirthRate.t:mbd">
#            <Uniform id="Uniform.100" name="distr" upper="Infinity"/>
#        </prior>
#        <prior id="DeathRatePrior.t:mbd" name="distribution" x="@BDDeathRate.t:mbd">
#            <Uniform id="Uniform.101" name="distr" upper="Infinity"/>
#        </prior>
#        <prior id="ClockPrior.c:mbd" name="distribution">
#            <parameter id="clockRate.c:mbd" name="x">1.0</parameter>
#            <Uniform id="Uniform.150" name="distr" upper="Infinity"/>
#        </prior>
#        <distribution id="auto_name_1.prior" monophyletic="true" spec="beast.math.distributions.MRCAPrior" tree="@Tree.t:mbd">
#            <taxonset id="auto_name_1" spec="beast.evolution.alignment.TaxonSet">
#                <taxon id="t1" spec="beast.evolution.alignment.Taxon"/>
#                <taxon id="t70" spec="beast.evolution.alignment.Taxon"/>
#                <taxon id="t62" spec="beast.evolution.alignment.Taxon"/>
#                <taxon id="t40" spec="beast.evolution.alignment.Taxon"/>
#                <taxon id="t83" spec="beast.evolution.alignment.Taxon"/>
#                <taxon id="t58" spec="beast.evolution.alignment.Taxon"/>
#                <taxon id="t32" spec="beast.evolution.alignment.Taxon"/>
#                <taxon id="t74" spec="beast.evolution.alignment.Taxon"/>
#                <taxon id="t16" spec="beast.evolution.alignment.Taxon"/>
#                <taxon id="t86" spec="beast.evolution.alignment.Taxon"/>
#                <taxon id="t81" spec="beast.evolution.alignment.Taxon"/>
#                <taxon id="t72" spec="beast.evolution.alignment.Taxon"/>
#                <taxon id="t27" spec="beast.evolution.alignment.Taxon"/>
#                <taxon id="t65" spec="beast.evolution.alignment.Taxon"/>
#                <taxon id="t43" spec="beast.evolution.alignment.Taxon"/>
#                <taxon id="t13" spec="beast.evolution.alignment.Taxon"/>
#                <taxon id="t69" spec="beast.evolution.alignment.Taxon"/>
#                <taxon id="t68" spec="beast.evolution.alignment.Taxon"/>
#                <taxon id="t73" spec="beast.evolution.alignment.Taxon"/>
#                <taxon id="t85" spec="beast.evolution.alignment.Taxon"/>
#                <taxon id="t38" spec="beast.evolution.alignment.Taxon"/>
#                <taxon id="t79" spec="beast.evolution.alignment.Taxon"/>
#                <taxon id="t22" spec="beast.evolution.alignment.Taxon"/>
#                <taxon id="t35" spec="beast.evolution.alignment.Taxon"/>
#                <taxon id="t77" spec="beast.evolution.alignment.Taxon"/>
#                <taxon id="t76" spec="beast.evolution.alignment.Taxon"/>
#                <taxon id="t28" spec="beast.evolution.alignment.Taxon"/>
#                <taxon id="t80" spec="beast.evolution.alignment.Taxon"/>
#                <taxon id="t56" spec="beast.evolution.alignment.Taxon"/>
#                <taxon id="t49" spec="beast.evolution.alignment.Taxon"/>
#                <taxon id="t59" spec="beast.evolution.alignment.Taxon"/>
#                <taxon id="t78" spec="beast.evolution.alignment.Taxon"/>
#                <taxon id="t71" spec="beast.evolution.alignment.Taxon"/>
#                <taxon id="t14" spec="beast.evolution.alignment.Taxon"/>
#                <taxon id="t54" spec="beast.evolution.alignment.Taxon"/>
#                <taxon id="t30" spec="beast.evolution.alignment.Taxon"/>
#                <taxon id="t44" spec="beast.evolution.alignment.Taxon"/>
#                <taxon id="t75" spec="beast.evolution.alignment.Taxon"/>
#                <taxon id="t82" spec="beast.evolution.alignment.Taxon"/>
#                <taxon id="t52" spec="beast.evolution.alignment.Taxon"/>
#                <taxon id="t87" spec="beast.evolution.alignment.Taxon"/>
#                <taxon id="t57" spec="beast.evolution.alignment.Taxon"/>
#                <taxon id="t36" spec="beast.evolution.alignment.Taxon"/>
#                <taxon id="t15" spec="beast.evolution.alignment.Taxon"/>
#                <taxon id="t64" spec="beast.evolution.alignment.Taxon"/>
#            </taxonset>
#            <Normal id="Normal.151" name="distr">
#                <parameter estimate="false" id="RealParameter.300" name="mean">15.0</parameter>
#                <parameter estimate="false" id="RealParameter.301" name="sigma">1.0E-4</parameter>
#            </Normal>
#        </distribution>
#    </distribution>
#    <distribution id="likelihood" spec="beast.core.util.CompoundDistribution" useThreads="true">
#        <distribution data="@mbd" id="treeLikelihood.mbd" spec="beast.evolution.likelihood.ThreadedTreeLikelihood" tree="@Tree.t:mbd">
#            <siteModel id="SiteModel.s:mbd" spec="beast.evolution.sitemodel.SiteModel">
#                <parameter estimate="false" id="mutationRate.s:mbd" name="mutationRate">1.0</parameter>
#                <parameter estimate="false" id="gammaShape.s:mbd" name="shape">1.0</parameter>
#                <parameter estimate="false" id="proportionInvariant.s:mbd" lower="0.0" name="proportionInvariant" upper="1.0">0.0</parameter>
#                <substModel id="JC69.s:mbd" spec="beast.evolution.substitutionmodel.JukesCantor"/>
#            </siteModel>
#            <branchRateModel clock.rate="@clockRate.c:mbd" id="StrictClock.c:mbd" spec="beast.evolution.branchratemodel.StrictClockModel"/>
#        </distribution>
#    </distribution>
#</input>
#
Sample	posterior	likelihood	prior	treeLikelihood	TreeHeight	BirthDeath	BDBirthRate	BDDeathRate	logP(mrca(auto_name_1))	mrcatime(auto_name_1)	clockRate
0	-9.916772060817139E9	-1128.0869127990975	-9.916770932730227E9	-1128.0869127990975	0.9168391623645132	17.913865225606976	1.07715865412399	0.5	-9.916770950644093E9	0.9168391623645132	1.0
1000	-1485963.3865274005	-678.3551725279634	-1485285.0313548725	-678.3551725279634	15.172350533563234	-58.001780134329906	0.5876333405984093	0.2364671802287037	-1485227.0295747381	15.172350533563234	0.4305363695641773
2000	-55487.204212497476	-551.6765126045213	-54935.527699892955	-551.6765126045213	15.033130590875984	-62.01651213847428	0.6761812793776668	0.21800439264923974	-54873.511187754484	15.033130590875984	0.2808409833472488
3000	-55429.89708611006	-497.9069352051667	-54931.990150904894	-497.9069352051667	15.033130590875984	-58.47896315041261	0.4146327022754043	0.5056107400012408	-54873.511187754484	15.033130590875984	0.21803294158353617
