#
#model:
#
#<?xml version="1.0" encoding="UTF-8" standalone="no"?><input id="posterior" spec="beast.core.util.CompoundDistribution">
#    <distribution id="prior" spec="beast.core.util.CompoundDistribution">
#        <distribution id="BirthDeath.t:mbd_twin" spec="beast.evolution.speciation.BirthDeathGernhard08Model">
#            <parameter id="BDDeathRate.t:mbd_twin" lower="0.0" name="relativeDeathRate" upper="1.0">0.5</parameter>
#            <parameter id="BDBirthRate.t:mbd_twin" lower="0.0" name="birthDiffRate" upper="10000.0">1.0</parameter>
#            <tree id="Tree.t:mbd_twin">
#                <taxonset id="TaxonSet.mbd_twin" spec="beast.evolution.alignment.TaxonSet">
#                </taxonset>
#            </tree>
#        </distribution>
#        <prior id="BirthRatePrior.t:mbd_twin" name="distribution" x="@BDBirthRate.t:mbd_twin">
#            <Uniform id="Uniform.100" name="distr" upper="Infinity"/>
#        </prior>
#        <prior id="DeathRatePrior.t:mbd_twin" name="distribution" x="@BDDeathRate.t:mbd_twin">
#            <Uniform id="Uniform.101" name="distr" upper="Infinity"/>
#        </prior>
#        <prior id="ClockPrior.c:mbd_twin" name="distribution">
#            <parameter id="clockRate.c:mbd_twin" name="x">1.0</parameter>
#            <Uniform id="Uniform.150" name="distr" upper="Infinity"/>
#        </prior>
#        <distribution id="auto_name_1.prior" monophyletic="true" spec="beast.math.distributions.MRCAPrior" tree="@Tree.t:mbd_twin">
#            <taxonset id="auto_name_1" spec="beast.evolution.alignment.TaxonSet">
#                <taxon id="t18" spec="beast.evolution.alignment.Taxon"/>
#                <taxon id="t106" spec="beast.evolution.alignment.Taxon"/>
#                <taxon id="t82" spec="beast.evolution.alignment.Taxon"/>
#                <taxon id="t49" spec="beast.evolution.alignment.Taxon"/>
#                <taxon id="t114" spec="beast.evolution.alignment.Taxon"/>
#                <taxon id="t34" spec="beast.evolution.alignment.Taxon"/>
#                <taxon id="t58" spec="beast.evolution.alignment.Taxon"/>
#                <taxon id="t115" spec="beast.evolution.alignment.Taxon"/>
#                <taxon id="t31" spec="beast.evolution.alignment.Taxon"/>
#                <taxon id="t57" spec="beast.evolution.alignment.Taxon"/>
#                <taxon id="t112" spec="beast.evolution.alignment.Taxon"/>
#                <taxon id="t65" spec="beast.evolution.alignment.Taxon"/>
#                <taxon id="t69" spec="beast.evolution.alignment.Taxon"/>
#                <taxon id="t67" spec="beast.evolution.alignment.Taxon"/>
#                <taxon id="t26" spec="beast.evolution.alignment.Taxon"/>
#                <taxon id="t111" spec="beast.evolution.alignment.Taxon"/>
#                <taxon id="t117" spec="beast.evolution.alignment.Taxon"/>
#                <taxon id="t100" spec="beast.evolution.alignment.Taxon"/>
#                <taxon id="t44" spec="beast.evolution.alignment.Taxon"/>
#                <taxon id="t63" spec="beast.evolution.alignment.Taxon"/>
#                <taxon id="t19" spec="beast.evolution.alignment.Taxon"/>
#                <taxon id="t40" spec="beast.evolution.alignment.Taxon"/>
#                <taxon id="t77" spec="beast.evolution.alignment.Taxon"/>
#                <taxon id="t104" spec="beast.evolution.alignment.Taxon"/>
#                <taxon id="t91" spec="beast.evolution.alignment.Taxon"/>
#                <taxon id="t35" spec="beast.evolution.alignment.Taxon"/>
#                <taxon id="t72" spec="beast.evolution.alignment.Taxon"/>
#                <taxon id="t42" spec="beast.evolution.alignment.Taxon"/>
#                <taxon id="t108" spec="beast.evolution.alignment.Taxon"/>
#                <taxon id="t97" spec="beast.evolution.alignment.Taxon"/>
#                <taxon id="t68" spec="beast.evolution.alignment.Taxon"/>
#                <taxon id="t41" spec="beast.evolution.alignment.Taxon"/>
#                <taxon id="t39" spec="beast.evolution.alignment.Taxon"/>
#                <taxon id="t28" spec="beast.evolution.alignment.Taxon"/>
#                <taxon id="t95" spec="beast.evolution.alignment.Taxon"/>
#                <taxon id="t23" spec="beast.evolution.alignment.Taxon"/>
#                <taxon id="t96" spec="beast.evolution.alignment.Taxon"/>
#                <taxon id="t110" spec="beast.evolution.alignment.Taxon"/>
#                <taxon id="t32" spec="beast.evolution.alignment.Taxon"/>
#                <taxon id="t55" spec="beast.evolution.alignment.Taxon"/>
#                <taxon id="t47" spec="beast.evolution.alignment.Taxon"/>
#                <taxon id="t85" spec="beast.evolution.alignment.Taxon"/>
#                <taxon id="t20" spec="beast.evolution.alignment.Taxon"/>
#                <taxon id="t113" spec="beast.evolution.alignment.Taxon"/>
#                <taxon id="t101" spec="beast.evolution.alignment.Taxon"/>
#                <taxon id="t73" spec="beast.evolution.alignment.Taxon"/>
#                <taxon id="t102" spec="beast.evolution.alignment.Taxon"/>
#                <taxon id="t2" spec="beast.evolution.alignment.Taxon"/>
#                <taxon id="t78" spec="beast.evolution.alignment.Taxon"/>
#                <taxon id="t107" spec="beast.evolution.alignment.Taxon"/>
#                <taxon id="t48" spec="beast.evolution.alignment.Taxon"/>
#                <taxon id="t81" spec="beast.evolution.alignment.Taxon"/>
#                <taxon id="t74" spec="beast.evolution.alignment.Taxon"/>
#                <taxon id="t71" spec="beast.evolution.alignment.Taxon"/>
#                <taxon id="t53" spec="beast.evolution.alignment.Taxon"/>
#                <taxon id="t99" spec="beast.evolution.alignment.Taxon"/>
#                <taxon id="t24" spec="beast.evolution.alignment.Taxon"/>
#                <taxon id="t64" spec="beast.evolution.alignment.Taxon"/>
#                <taxon id="t116" spec="beast.evolution.alignment.Taxon"/>
#                <taxon id="t94" spec="beast.evolution.alignment.Taxon"/>
#                <taxon id="t109" spec="beast.evolution.alignment.Taxon"/>
#                <taxon id="t89" spec="beast.evolution.alignment.Taxon"/>
#                <taxon id="t36" spec="beast.evolution.alignment.Taxon"/>
#                <taxon id="t54" spec="beast.evolution.alignment.Taxon"/>
#                <taxon id="t98" spec="beast.evolution.alignment.Taxon"/>
#                <taxon id="t88" spec="beast.evolution.alignment.Taxon"/>
#                <taxon id="t50" spec="beast.evolution.alignment.Taxon"/>
#                <taxon id="t16" spec="beast.evolution.alignment.Taxon"/>
#                <taxon id="t17" spec="beast.evolution.alignment.Taxon"/>
#                <taxon id="t105" spec="beast.evolution.alignment.Taxon"/>
#                <taxon id="t38" spec="beast.evolution.alignment.Taxon"/>
#                <taxon id="t30" spec="beast.evolution.alignment.Taxon"/>
#                <taxon id="t90" spec="beast.evolution.alignment.Taxon"/>
#                <taxon id="t92" spec="beast.evolution.alignment.Taxon"/>
#                <taxon id="t51" spec="beast.evolution.alignment.Taxon"/>
#                <taxon id="t59" spec="beast.evolution.alignment.Taxon"/>
#            </taxonset>
#            <Normal id="Normal.151" name="distr">
#                <parameter estimate="false" id="RealParameter.300" name="mean">15.0</parameter>
#                <parameter estimate="false" id="RealParameter.301" name="sigma">1.0E-4</parameter>
#            </Normal>
#        </distribution>
#    </distribution>
#    <distribution id="likelihood" spec="beast.core.util.CompoundDistribution" useThreads="true">
#        <distribution data="@mbd_twin" id="treeLikelihood.mbd_twin" spec="beast.evolution.likelihood.ThreadedTreeLikelihood" tree="@Tree.t:mbd_twin">
#            <siteModel id="SiteModel.s:mbd_twin" spec="beast.evolution.sitemodel.SiteModel">
#                <parameter estimate="false" id="mutationRate.s:mbd_twin" name="mutationRate">1.0</parameter>
#                <parameter estimate="false" id="gammaShape.s:mbd_twin" name="shape">1.0</parameter>
#                <parameter estimate="false" id="proportionInvariant.s:mbd_twin" lower="0.0" name="proportionInvariant" upper="1.0">0.0</parameter>
#                <substModel id="JC69.s:mbd_twin" spec="beast.evolution.substitutionmodel.JukesCantor"/>
#            </siteModel>
#            <branchRateModel clock.rate="@clockRate.c:mbd_twin" id="StrictClock.c:mbd_twin" spec="beast.evolution.branchratemodel.StrictClockModel"/>
#        </distribution>
#    </distribution>
#</input>
#
Sample	posterior	likelihood	prior	treeLikelihood.mbd_twin	TreeHeight	BirthDeath	BDBirthRate	BDDeathRate	logP(mrca(auto_name_1))	mrca.age(auto_name_1)	clockRate
0	-8.625475511049385E9	-1799.532030120938	-8.625473711517355E9	-1799.532030120938	1.8657137601699028	31.680755155364277	1.0	0.5	-8.62547374319811E9	1.8657137601699028	1.0
1000	-102805.84562647302	-1074.096234059953	-101731.74939241307	-1074.096234059953	14.954897597681159	-28.70604772065172	0.49436872636906326	0.8359834138167465	-101703.04334469241	14.954897597681159	0.809225197524932
2000	-102606.57118299935	-867.8700119717909	-101738.70117102755	-867.8700119717909	14.954897597681159	-35.657826335142715	0.3763641233706062	0.8784799499633862	-101703.04334469241	14.954897597681159	0.5468016480893327
3000	-102557.47534149452	-813.4699868947911	-101744.00535459972	-813.4699868947911	14.954897597681159	-40.962009907300356	0.1400407427213265	0.9423472237027443	-101703.04334469241	14.954897597681159	0.48438683392936327
