#
#model:
#
#<?xml version="1.0" encoding="UTF-8" standalone="no"?><input id="posterior" spec="beast.core.util.CompoundDistribution">
#    <distribution id="prior" spec="beast.core.util.CompoundDistribution">
#        <distribution id="BirthDeath.t:mbd_twin" spec="beast.evolution.speciation.BirthDeathGernhard08Model">
#            <parameter id="BDDeathRate.t:mbd_twin" lower="0.0" name="relativeDeathRate" upper="1.0">0.5</parameter>
#            <parameter id="BDBirthRate.t:mbd_twin" lower="0.0" name="birthDiffRate" upper="10000.0">1.0</parameter>
#            <tree id="Tree.t:mbd_twin">
#                <taxonset id="TaxonSet.mbd_twin" spec="beast.evolution.alignment.TaxonSet">
#                </taxonset>
#            </tree>
#        </distribution>
#        <prior id="BirthRatePrior.t:mbd_twin" name="distribution" x="@BDBirthRate.t:mbd_twin">
#            <Uniform id="Uniform.100" name="distr" upper="Infinity"/>
#        </prior>
#        <prior id="DeathRatePrior.t:mbd_twin" name="distribution" x="@BDDeathRate.t:mbd_twin">
#            <Uniform id="Uniform.101" name="distr" upper="Infinity"/>
#        </prior>
#        <prior id="RateACPrior.s:mbd_twin" name="distribution">
#            <parameter id="rateAC.s:mbd_twin" lower="0.0" name="x">1.0</parameter>
#            <Gamma id="Gamma.0" name="distr">
#                <parameter estimate="false" id="RealParameter.0" name="alpha">0.05</parameter>
#                <parameter estimate="false" id="RealParameter.1" name="beta">10.0</parameter>
#            </Gamma>
#        </prior>
#        <prior id="RateAGPrior.s:mbd_twin" name="distribution">
#            <parameter id="rateAG.s:mbd_twin" lower="0.0" name="x">1.0</parameter>
#            <Gamma id="Gamma.1" name="distr">
#                <parameter estimate="false" id="RealParameter.2" name="alpha">0.05</parameter>
#                <parameter estimate="false" id="RealParameter.3" name="beta">20.0</parameter>
#            </Gamma>
#        </prior>
#        <prior id="RateATPrior.s:mbd_twin" name="distribution">
#            <parameter id="rateAT.s:mbd_twin" lower="0.0" name="x">1.0</parameter>
#            <Gamma id="Gamma.2" name="distr">
#                <parameter estimate="false" id="RealParameter.4" name="alpha">0.05</parameter>
#                <parameter estimate="false" id="RealParameter.5" name="beta">10.0</parameter>
#            </Gamma>
#        </prior>
#        <prior id="RateCGPrior.s:mbd_twin" name="distribution">
#            <parameter id="rateCG.s:mbd_twin" lower="0.0" name="x">1.0</parameter>
#            <Gamma id="Gamma.3" name="distr">
#                <parameter estimate="false" id="RealParameter.6" name="alpha">0.05</parameter>
#                <parameter estimate="false" id="RealParameter.7" name="beta">10.0</parameter>
#            </Gamma>
#        </prior>
#        <prior id="RateGTPrior.s:mbd_twin" name="distribution">
#            <parameter id="rateGT.s:mbd_twin" lower="0.0" name="x">1.0</parameter>
#            <Gamma id="Gamma.4" name="distr">
#                <parameter estimate="false" id="RealParameter.8" name="alpha">0.05</parameter>
#                <parameter estimate="false" id="RealParameter.9" name="beta">10.0</parameter>
#            </Gamma>
#        </prior>
#        <prior id="ClockPrior.c:mbd_twin" name="distribution">
#            <parameter id="clockRate.c:mbd_twin" name="x">1.0</parameter>
#            <Uniform id="Uniform.150" name="distr" upper="Infinity"/>
#        </prior>
#        <distribution id="auto_name_1.prior" monophyletic="true" spec="beast.math.distributions.MRCAPrior" tree="@Tree.t:mbd_twin">
#            <taxonset id="auto_name_1" spec="beast.evolution.alignment.TaxonSet">
#                <taxon id="t1" spec="beast.evolution.alignment.Taxon"/>
#                <taxon id="t4" spec="beast.evolution.alignment.Taxon"/>
#                <taxon id="t2" spec="beast.evolution.alignment.Taxon"/>
#                <taxon id="t3" spec="beast.evolution.alignment.Taxon"/>
#            </taxonset>
#            <Normal id="Normal.151" name="distr">
#                <parameter estimate="false" id="RealParameter.300" name="mean">6.0</parameter>
#                <parameter estimate="false" id="RealParameter.301" name="sigma">1.0E-4</parameter>
#            </Normal>
#        </distribution>
#    </distribution>
#    <distribution id="likelihood" spec="beast.core.util.CompoundDistribution" useThreads="true">
#        <distribution data="@mbd_twin" id="treeLikelihood.mbd_twin" spec="beast.evolution.likelihood.ThreadedTreeLikelihood" tree="@Tree.t:mbd_twin">
#            <siteModel id="SiteModel.s:mbd_twin" spec="beast.evolution.sitemodel.SiteModel">
#                <parameter estimate="false" id="mutationRate.s:mbd_twin" name="mutationRate">1.0</parameter>
#                <parameter estimate="false" id="gammaShape.s:mbd_twin" name="shape">1.0</parameter>
#                <parameter estimate="false" id="proportionInvariant.s:mbd_twin" lower="0.0" name="proportionInvariant" upper="1.0">0.0</parameter>
#                <substModel id="gtr.s:mbd_twin" rateAC="@rateAC.s:mbd_twin" rateAG="@rateAG.s:mbd_twin" rateAT="@rateAT.s:mbd_twin" rateCG="@rateCG.s:mbd_twin" rateGT="@rateGT.s:mbd_twin" spec="beast.evolution.substitutionmodel.GTR">
#                    <parameter estimate="false" id="rateCT.s:mbd_twin" lower="0.0" name="rateCT">1.0</parameter>
#                    <frequencies id="estimatedFreqs.s:mbd_twin" spec="beast.evolution.substitutionmodel.Frequencies">
#                        <parameter dimension="4" id="freqParameter.s:mbd_twin" lower="0.0" name="frequencies" upper="1.0">0.25</parameter>
#                    </frequencies>
#                </substModel>
#            </siteModel>
#            <branchRateModel clock.rate="@clockRate.c:mbd_twin" id="StrictClock.c:mbd_twin" spec="beast.evolution.branchratemodel.StrictClockModel"/>
#        </distribution>
#    </distribution>
#</input>
#
Sample	posterior	likelihood	prior	treeLikelihood.mbd_twin	TreeHeight	rateAC	rateAG	rateAT	rateCG	rateGT	freqParameter.1	freqParameter.2	freqParameter.3	freqParameter.4	BirthDeath	BDBirthRate	BDDeathRate	logP(mrca(auto_name_1))	mrca.age(auto_name_1)	clockRate
0	-1.3556522331261978E9	-89.16903976705501	-1.355652143957158E9	-89.16903976705501	0.7929814006134954	1.0	1.0	1.0	1.0	1.0	0.25	0.25	0.25	0.25	-1.6260106050360634	1.0	0.5	-1.3556521264264479E9	0.7929814006134954	1.0
1000	-1381.1293020594449	-63.992647385477824	-1317.136654673967	-63.992647385477824	5.994898991381782	1.0	1.0	1.0	0.6605976079445942	1.0	0.25	0.25	0.25	0.25	-8.936730825437657	0.19923096734321105	0.6766091009772696	-1292.723044317913	5.994898991381782	0.7095177999250604
2000	-309.58830437042025	-62.60073798020789	-246.98756639021238	-62.60073798020789	5.997848054534965	0.778035606656096	1.0	1.0	0.6605976079445942	1.0	0.25	0.25	0.2489022678270062	0.2510977321729938	-8.519254753020533	0.06404191655151911	0.4321210893232204	-223.25206238540363	5.997848054534965	1.7680691441893972
3000	-136.02258496019286	-62.279747715810345	-73.74283724438251	-62.279747715810345	5.998913731584282	0.778035606656096	1.0	1.0	0.7418397974255113	1.0	0.25	0.25	0.2489022678270062	0.2510977321729938	-7.700723062660503	0.11650028649294769	0.9569191640389074	-50.70755171055501	5.998913731584282	1.2412759123684438
