#
#model:
#
#<?xml version="1.0" encoding="UTF-8" standalone="no"?><input id="posterior" spec="beast.core.util.CompoundDistribution">
#    <distribution id="prior" spec="beast.core.util.CompoundDistribution">
#        <distribution id="BirthDeath.t:mbd" spec="beast.evolution.speciation.BirthDeathGernhard08Model">
#            <parameter id="BDDeathRate.t:mbd" lower="0.0" name="relativeDeathRate" upper="1.0">0.5</parameter>
#            <parameter id="BDBirthRate.t:mbd" lower="0.0" name="birthDiffRate" upper="10000.0">1.0</parameter>
#            <tree id="Tree.t:mbd">
#                <taxonset id="TaxonSet.mbd" spec="beast.evolution.alignment.TaxonSet">
#                </taxonset>
#            </tree>
#        </distribution>
#        <prior id="BirthRatePrior.t:mbd" name="distribution" x="@BDBirthRate.t:mbd">
#            <Uniform id="Uniform.100" name="distr" upper="Infinity"/>
#        </prior>
#        <prior id="DeathRatePrior.t:mbd" name="distribution" x="@BDDeathRate.t:mbd">
#            <Uniform id="Uniform.101" name="distr" upper="Infinity"/>
#        </prior>
#        <prior id="ClockPrior.c:mbd" name="distribution">
#            <parameter id="clockRate.c:mbd" name="x">1.0</parameter>
#            <Uniform id="Uniform.150" name="distr" upper="Infinity"/>
#        </prior>
#        <distribution id="auto_name_1.prior" monophyletic="true" spec="beast.math.distributions.MRCAPrior" tree="@Tree.t:mbd">
#            <taxonset id="auto_name_1" spec="beast.evolution.alignment.TaxonSet">
#                <taxon id="t3" spec="beast.evolution.alignment.Taxon"/>
#                <taxon id="t11" spec="beast.evolution.alignment.Taxon"/>
#                <taxon id="t7" spec="beast.evolution.alignment.Taxon"/>
#                <taxon id="t9" spec="beast.evolution.alignment.Taxon"/>
#                <taxon id="t6" spec="beast.evolution.alignment.Taxon"/>
#                <taxon id="t2" spec="beast.evolution.alignment.Taxon"/>
#            </taxonset>
#            <Normal id="Normal.151" name="distr">
#                <parameter estimate="false" id="RealParameter.300" name="mean">15.0</parameter>
#                <parameter estimate="false" id="RealParameter.301" name="sigma">1.0E-4</parameter>
#            </Normal>
#        </distribution>
#    </distribution>
#    <distribution id="likelihood" spec="beast.core.util.CompoundDistribution" useThreads="true">
#        <distribution data="@mbd" id="treeLikelihood.mbd" spec="beast.evolution.likelihood.ThreadedTreeLikelihood" tree="@Tree.t:mbd">
#            <siteModel id="SiteModel.s:mbd" spec="beast.evolution.sitemodel.SiteModel">
#                <parameter estimate="false" id="mutationRate.s:mbd" name="mutationRate">1.0</parameter>
#                <parameter estimate="false" id="gammaShape.s:mbd" name="shape">1.0</parameter>
#                <parameter estimate="false" id="proportionInvariant.s:mbd" lower="0.0" name="proportionInvariant" upper="1.0">0.0</parameter>
#                <substModel id="JC69.s:mbd" spec="beast.evolution.substitutionmodel.JukesCantor"/>
#            </siteModel>
#            <branchRateModel clock.rate="@clockRate.c:mbd" id="StrictClock.c:mbd" spec="beast.evolution.branchratemodel.StrictClockModel"/>
#        </distribution>
#    </distribution>
#</input>
#
Sample	posterior	likelihood	prior	treeLikelihood.mbd	TreeHeight	BirthDeath	BDBirthRate	BDDeathRate	logP(mrca(auto_name_1))	mrca.age(auto_name_1)	clockRate
0	-9.811937764456245E9	-107.08086013570865	-9.811937657375385E9	-107.08086013570865	0.9914756935920946	-3.5057306827924686	1.0	0.5	-9.811937653869654E9	0.9914756935920946	1.0
1000	-80.47884414861018	-73.75490201736339	-6.723942131246789	-73.75490201736339	15.000111696993597	-14.391533051082563	0.22244533098707445	0.053228996794740344	7.667590919835774	15.000111696993597	0.3852363635837312
2000	-81.11472382178472	-73.18317624581597	-7.931547575968752	-73.18317624581597	15.000111696993597	-15.599138495804526	0.30484918713712944	0.056449320779678944	7.667590919835774	15.000111696993597	0.21846321952473965
3000	-82.53034959444464	-75.92210677939289	-6.608242815051748	-75.92210677939289	15.000111696993597	-14.275833734887522	0.1311175306747709	0.2046590144547514	7.667590919835774	15.000111696993597	0.2265384102767426
