#
#model:
#
#<?xml version="1.0" encoding="UTF-8" standalone="no"?><input id="posterior" spec="beast.core.util.CompoundDistribution">
#    <distribution id="prior" spec="beast.core.util.CompoundDistribution">
#        <distribution id="YuleModel.t:mbd" spec="beast.evolution.speciation.YuleModel">
#            <parameter id="birthRate.t:mbd" name="birthDiffRate" spec="beast.core.parameter.RealParameter">1.0</parameter>
#            <tree id="Tree.t:mbd" spec="beast.evolution.tree.Tree">
#                <taxonset id="TaxonSet.mbd" spec="beast.evolution.alignment.TaxonSet">
#                </taxonset>
#            </tree>
#        </distribution>
#        <prior id="YuleBirthRatePrior.t:mbd" name="distribution" x="@birthRate.t:mbd">
#            <Uniform id="Uniform.100" name="distr" upper="Infinity"/>
#        </prior>
#        <prior id="KappaPrior.s:mbd" name="distribution">
#            <parameter id="kappa.s:mbd" lower="0.0" name="x" spec="beast.core.parameter.RealParameter">2.0</parameter>
#            <LogNormal id="LogNormalDistributionModel.0" name="distr">
#                <parameter estimate="false" id="RealParameter.0" name="M" spec="beast.core.parameter.RealParameter">1.0</parameter>
#                <parameter estimate="false" id="RealParameter.1" lower="0.0" name="S" spec="beast.core.parameter.RealParameter" upper="Infinity">1.25</parameter>
#            </LogNormal>
#        </prior>
#        <prior id="ClockPrior.c:mbd" name="distribution">
#            <parameter id="clockRate.c:mbd" name="x" spec="beast.core.parameter.RealParameter">1.0</parameter>
#            <Uniform id="Uniform.150" name="distr" upper="Infinity"/>
#        </prior>
#        <distribution id="auto_name_1.prior" monophyletic="true" spec="beast.math.distributions.MRCAPrior" tree="@Tree.t:mbd">
#            <taxonset id="auto_name_1" spec="beast.evolution.alignment.TaxonSet">
#                <taxon id="t1" spec="beast.evolution.alignment.Taxon"/>
#                <taxon id="t8" spec="beast.evolution.alignment.Taxon"/>
#                <taxon id="t6" spec="beast.evolution.alignment.Taxon"/>
#                <taxon id="t9" spec="beast.evolution.alignment.Taxon"/>
#                <taxon id="t13" spec="beast.evolution.alignment.Taxon"/>
#                <taxon id="t11" spec="beast.evolution.alignment.Taxon"/>
#                <taxon id="t16" spec="beast.evolution.alignment.Taxon"/>
#                <taxon id="t7" spec="beast.evolution.alignment.Taxon"/>
#                <taxon id="t5" spec="beast.evolution.alignment.Taxon"/>
#                <taxon id="t14" spec="beast.evolution.alignment.Taxon"/>
#                <taxon id="t12" spec="beast.evolution.alignment.Taxon"/>
#                <taxon id="t10" spec="beast.evolution.alignment.Taxon"/>
#                <taxon id="t3" spec="beast.evolution.alignment.Taxon"/>
#                <taxon id="t15" spec="beast.evolution.alignment.Taxon"/>
#            </taxonset>
#            <Normal id="Normal.151" name="distr">
#                <parameter estimate="false" id="RealParameter.300" name="mean" spec="beast.core.parameter.RealParameter">8.0</parameter>
#                <parameter estimate="false" id="RealParameter.301" name="sigma" spec="beast.core.parameter.RealParameter">1.0E-4</parameter>
#            </Normal>
#        </distribution>
#    </distribution>
#    <distribution id="likelihood" spec="beast.core.util.CompoundDistribution" useThreads="true">
#        <distribution data="@mbd" id="treeLikelihood.mbd" spec="beast.evolution.likelihood.ThreadedTreeLikelihood" tree="@Tree.t:mbd">
#            <siteModel id="SiteModel.s:mbd" spec="beast.evolution.sitemodel.SiteModel">
#                <parameter estimate="false" id="mutationRate.s:mbd" name="mutationRate" spec="beast.core.parameter.RealParameter">1.0</parameter>
#                <parameter estimate="false" id="gammaShape.s:mbd" name="shape" spec="beast.core.parameter.RealParameter">1.0</parameter>
#                <parameter estimate="false" id="proportionInvariant.s:mbd" lower="0.0" name="proportionInvariant" spec="beast.core.parameter.RealParameter" upper="1.0">0.0</parameter>
#                <substModel id="hky.s:mbd" kappa="@kappa.s:mbd" spec="beast.evolution.substitutionmodel.HKY">
#                    <frequencies id="estimatedFreqs.s:mbd" spec="beast.evolution.substitutionmodel.Frequencies">
#                        <parameter dimension="4" id="freqParameter.s:mbd" lower="0.0" name="frequencies" spec="beast.core.parameter.RealParameter" upper="1.0">0.25</parameter>
#                    </frequencies>
#                </substModel>
#            </siteModel>
#            <branchRateModel clock.rate="@clockRate.c:mbd" id="StrictClock.c:mbd" spec="beast.evolution.branchratemodel.StrictClockModel"/>
#        </distribution>
#    </distribution>
#</input>
#
Sample	posterior	likelihood	prior	treeLikelihood.mbd	TreeHeight	kappa	freqParameter.1	freqParameter.2	freqParameter.3	freqParameter.4	YuleModel	birthRate	logP(mrca(auto_name_1))	mrca.age(auto_name_1)	clockRate
0	-1.5894157970122867E9	-16039.102443938556	-1.5893997579098427E9	-16039.102443938556	2.3619156500836436	2.0	0.25	0.25	0.25	0.25	-7.497297255400514	1.0	-1.5893997485471854E9	2.3619156500836436	1.0
1000	-8571.162609437732	-8558.187897815476	-12.97471162225441	-8558.187897815476	8.000178821132483	2.0	0.24265972052283266	0.2573402794771673	0.25	0.25	-17.801903555928124	0.7758494946283673	6.692551967648001	8.000178821132483	0.3992664680006684
2000	-8520.873183635384	-8508.22024418616	-12.652939449223716	-8508.22024418616	8.000178821132483	1.2012622652459308	0.24265972052283266	0.2573402794771673	0.25484451461728896	0.245155485382711	-17.80663489379209	0.6578955357502977	6.692551967648001	8.000178821132483	0.38334476611099655
3000	-8384.29917328225	-8371.813553900925	-12.485619381324671	-8371.813553900925	8.000178821132483	0.914004266511206	0.24265972052283266	0.2573402794771673	0.25484451461728896	0.245155485382711	-17.74587308237787	0.5731401350668115	6.692551967648001	8.000178821132483	0.47974178414155416
